
> @gitbutler/e2e@ test:e2e:governance-fixture /Users/justinrich/Projects/gitbutler/e2e
> pnpm exec playwright test --config ./playwright/playwright.governance-fixture.config.ts --tsconfig ./playwright/tsconfig.json --grep 'principal and group changes'

[2m[WebServer] [22m(node:66408) Warning: The 'NO_COLOR' env is ignored due to the 'FORCE_COLOR' env being set.
[2m[WebServer] [22m(Use `node --trace-warnings ...` to show where the warning was created)
[2m[WebServer] [22m(node:66409) Warning: The 'NO_COLOR' env is ignored due to the 'FORCE_COLOR' env being set.
[2m[WebServer] [22m(Use `node --trace-warnings ...` to show where the warning was created)
[2m[WebServer] [22m
[2m[WebServer] [22m  VITE v6.4.3  ready in 71 ms
[2m[WebServer] [22m
[2m[WebServer] [22m  ➜  Local:   http://127.0.0.1:4176/

Running 1 test using 1 worker
(node:66432) Warning: The 'NO_COLOR' env is ignored due to the 'FORCE_COLOR' env being set.
(Use `node --trace-warnings ...` to show where the warning was created)
(node:66432) Warning: The 'NO_COLOR' env is ignored due to the 'FORCE_COLOR' env being set.
(Use `node --trace-warnings ...` to show where the warning was created)
F

  1) [chromium] › playwright/tests/governance-fixture/governance-fixture.spec.ts:81:1 › principal and group changes stay pending across tabs and clear after commit

    Error: [2mexpect([22m[31mlocator[39m[2m).[22mtoBeDisabled[2m([22m[2m)[22m failed

    Locator:  getByLabel('contents:write inherited from group eng')
    Expected: disabled
    Received: enabled
    Timeout:  10000ms

    Call log:
    [2m  - Expect "toBeDisabled" with timeout 10000ms[22m
    [2m  - waiting for getByLabel('contents:write inherited from group eng')[22m
    [2m    14 × locator resolved to <input checked readonly type="checkbox"/>[22m
    [2m       - unexpected value "enabled"[22m


      92 | 	await page.getByTestId("principals-list-row-settings-agent").click();
      93 | 	await page.getByLabel("reviews:write own grant").check();
    > 94 | 	await expect(page.getByLabel("contents:write inherited from group eng")).toBeDisabled();
         | 	                                                                         ^
      95 | 	await page.getByTestId("principal-editor-save").click();
      96 |
      97 | 	await expect(page.getByTestId("principals-list-pending-settings-agent")).toBeVisible();
        at /Users/justinrich/Projects/gitbutler/e2e/playwright/tests/governance-fixture/governance-fixture.spec.ts:94:75

    attachment #1: screenshot (image/png) ──────────────────────────────────────────────────────────
    test-results/governance-fixture-princip-fc650-tabs-and-clear-after-commit-chromium/test-failed-1.png
    ────────────────────────────────────────────────────────────────────────────────────────────────

    attachment #2: video (video/webm) ──────────────────────────────────────────────────────────────
    test-results/governance-fixture-princip-fc650-tabs-and-clear-after-commit-chromium/video.webm
    ────────────────────────────────────────────────────────────────────────────────────────────────

    Error Context: test-results/governance-fixture-princip-fc650-tabs-and-clear-after-commit-chromium/error-context.md

    attachment #4: trace (application/zip) ─────────────────────────────────────────────────────────
    test-results/governance-fixture-princip-fc650-tabs-and-clear-after-commit-chromium/trace.zip
    Usage:

        pnpm exec playwright show-trace test-results/governance-fixture-princip-fc650-tabs-and-clear-after-commit-chromium/trace.zip

    ────────────────────────────────────────────────────────────────────────────────────────────────

  1 failed
    [chromium] › playwright/tests/governance-fixture/governance-fixture.spec.ts:81:1 › principal and group changes stay pending across tabs and clear after commit
/Users/justinrich/Projects/gitbutler/e2e:
 ERR_PNPM_RECURSIVE_RUN_FIRST_FAIL  @gitbutler/e2e@ test:e2e:governance-fixture: `pnpm exec playwright test --config ./playwright/playwright.governance-fixture.config.ts --tsconfig ./playwright/tsconfig.json --grep 'principal and group changes'`
Exit status 1
