
> @gitbutler/e2e@ test:e2e:governance-fixture /Users/justinrich/Projects/gitbutler/e2e
> pnpm exec playwright test --config ./playwright/playwright.governance-fixture.config.ts --tsconfig ./playwright/tsconfig.json --grep 'clear after commit'

[2m[WebServer] [22m(node:41555) Warning: The 'NO_COLOR' env is ignored due to the 'FORCE_COLOR' env being set.
[2m[WebServer] [22m(Use `node --trace-warnings ...` to show where the warning was created)
[2m[WebServer] [22m(node:41558) Warning: The 'NO_COLOR' env is ignored due to the 'FORCE_COLOR' env being set.
[2m[WebServer] [22m(Use `node --trace-warnings ...` to show where the warning was created)
[2m[WebServer] [22m
[2m[WebServer] [22m  VITE v6.4.3  ready in 68 ms
[2m[WebServer] [22m
[2m[WebServer] [22m  ➜  Local:   http://127.0.0.1:4176/

Running 1 test using 1 worker
(node:41576) Warning: The 'NO_COLOR' env is ignored due to the 'FORCE_COLOR' env being set.
(Use `node --trace-warnings ...` to show where the warning was created)
(node:41576) Warning: The 'NO_COLOR' env is ignored due to the 'FORCE_COLOR' env being set.
(Use `node --trace-warnings ...` to show where the warning was created)
F

  1) [chromium] › playwright/tests/governance-fixture/governance-fixture.spec.ts:81:1 › principal and group changes stay pending across tabs and clear after commit

    Error: [2mexpect([22m[31mlocator[39m[2m).[22mtoContainText[2m([22m[32mexpected[39m[2m)[22m failed

    Locator: getByTestId('principals-list-row-settings-agent')
    Expected substring: [32m"reviews:write"[39m
    Received string:    [31m"settings-agentcontents:readown grant"[39m
    Timeout: 10000ms

    Call log:
    [2m  - Expect "toContainText" with timeout 10000ms[22m
    [2m  - waiting for getByTestId('principals-list-row-settings-agent')[22m
    [2m    14 × locator resolved to <button type="button" class="list-row" aria-expanded="true" data-testid="principals-list-row-settings-agent">…</button>[22m
    [2m       - unexpected value "settings-agentcontents:readown grant"[22m


      123 |
      124 | 	await page.getByRole("tab", { name: "Principals" }).click();
    > 125 | 	await expect(page.getByTestId("principals-list-row-settings-agent")).toContainText("reviews:write");
          | 	                                                                     ^
      126 | 	await page.getByTestId("principals-list-row-settings-agent").click();
      127 | 	await expect(page.getByLabel("reviews:write own grant")).toBeChecked();
      128 | 	await expect(page.getByTestId("principals-list-pending-settings-agent")).toHaveCount(0);
        at /Users/justinrich/Projects/gitbutler/e2e/playwright/tests/governance-fixture/governance-fixture.spec.ts:125:71

    attachment #1: screenshot (image/png) ──────────────────────────────────────────────────────────
    test-results/governance-fixture-princip-fc650-tabs-and-clear-after-commit-chromium/test-failed-1.png
    ────────────────────────────────────────────────────────────────────────────────────────────────

    attachment #2: video (video/webm) ──────────────────────────────────────────────────────────────
    test-results/governance-fixture-princip-fc650-tabs-and-clear-after-commit-chromium/video.webm
    ────────────────────────────────────────────────────────────────────────────────────────────────

    Error Context: test-results/governance-fixture-princip-fc650-tabs-and-clear-after-commit-chromium/error-context.md

    attachment #4: trace (application/zip) ─────────────────────────────────────────────────────────
    test-results/governance-fixture-princip-fc650-tabs-and-clear-after-commit-chromium/trace.zip
    Usage:

        pnpm exec playwright show-trace test-results/governance-fixture-princip-fc650-tabs-and-clear-after-commit-chromium/trace.zip

    ────────────────────────────────────────────────────────────────────────────────────────────────

  1 failed
    [chromium] › playwright/tests/governance-fixture/governance-fixture.spec.ts:81:1 › principal and group changes stay pending across tabs and clear after commit
/Users/justinrich/Projects/gitbutler/e2e:
 ERR_PNPM_RECURSIVE_RUN_FIRST_FAIL  @gitbutler/e2e@ test:e2e:governance-fixture: `pnpm exec playwright test --config ./playwright/playwright.governance-fixture.config.ts --tsconfig ./playwright/tsconfig.json --grep 'clear after commit'`
Exit status 1
