
> @gitbutler/e2e@ test:e2e:governance-fixture /Users/justinrich/Projects/gitbutler/e2e
> pnpm exec playwright test --config ./playwright/playwright.governance-fixture.config.ts --tsconfig ./playwright/tsconfig.json --grep 'admin can see'

[2m[WebServer] [22m(node:38538) Warning: The 'NO_COLOR' env is ignored due to the 'FORCE_COLOR' env being set.
[2m[WebServer] [22m(Use `node --trace-warnings ...` to show where the warning was created)
[2m[WebServer] [22m(node:38739) Warning: The 'NO_COLOR' env is ignored due to the 'FORCE_COLOR' env being set.
[2m[WebServer] [22m(Use `node --trace-warnings ...` to show where the warning was created)
[2m[WebServer] [22m
[2m[WebServer] [22m  VITE v6.4.3  ready in 75 ms
[2m[WebServer] [22m
[2m[WebServer] [22m  ➜  Local:   http://127.0.0.1:4176/

Running 1 test using 1 worker
(node:38758) Warning: The 'NO_COLOR' env is ignored due to the 'FORCE_COLOR' env being set.
(Use `node --trace-warnings ...` to show where the warning was created)
(node:38758) Warning: The 'NO_COLOR' env is ignored due to the 'FORCE_COLOR' env being set.
(Use `node --trace-warnings ...` to show where the warning was created)
F

  1) [chromium] › playwright/tests/governance-fixture/governance-fixture.spec.ts:21:1 › admin can see the governance settings entry and all four tabs

    Error: [2mexpect([22m[31mlocator[39m[2m).[22mtoBeVisible[2m([22m[2m)[22m failed

    Locator: getByRole('button', { name: 'AI options' })
    Expected: visible
    Timeout: 10000ms
    Error: element(s) not found

    Call log:
    [2m  - Expect "toBeVisible" with timeout 10000ms[22m
    [2m  - waiting for getByRole('button', { name: 'AI options' })[22m


      28 | 	await expect(page.getByTestId("fixture-persona")).toHaveText("Admin");
      29 | 	await expect(page.getByRole("button", { name: "Project" })).toBeVisible();
    > 30 | 	await expect(page.getByRole("button", { name: "AI options" })).toBeVisible();
         | 	                                                               ^
      31 | 	await expect(page.getByRole("button", { name: "Permissions & Governance" })).toBeVisible();
      32 | 	await expect(page.getByRole("heading", { name: "Permissions & Governance" })).toBeVisible();
      33 | 	await expect(page.getByRole("tab", { name: "Principals" })).toBeVisible();
        at /Users/justinrich/Projects/gitbutler/e2e/playwright/tests/governance-fixture/governance-fixture.spec.ts:30:65

    attachment #1: screenshot (image/png) ──────────────────────────────────────────────────────────
    test-results/governance-fixture-admin-c-0fd7a-ngs-entry-and-all-four-tabs-chromium/test-failed-1.png
    ────────────────────────────────────────────────────────────────────────────────────────────────

    attachment #2: video (video/webm) ──────────────────────────────────────────────────────────────
    test-results/governance-fixture-admin-c-0fd7a-ngs-entry-and-all-four-tabs-chromium/video.webm
    ────────────────────────────────────────────────────────────────────────────────────────────────

    Error Context: test-results/governance-fixture-admin-c-0fd7a-ngs-entry-and-all-four-tabs-chromium/error-context.md

    attachment #4: trace (application/zip) ─────────────────────────────────────────────────────────
    test-results/governance-fixture-admin-c-0fd7a-ngs-entry-and-all-four-tabs-chromium/trace.zip
    Usage:

        pnpm exec playwright show-trace test-results/governance-fixture-admin-c-0fd7a-ngs-entry-and-all-four-tabs-chromium/trace.zip

    ────────────────────────────────────────────────────────────────────────────────────────────────

  1 failed
    [chromium] › playwright/tests/governance-fixture/governance-fixture.spec.ts:21:1 › admin can see the governance settings entry and all four tabs
/Users/justinrich/Projects/gitbutler/e2e:
 ERR_PNPM_RECURSIVE_RUN_FIRST_FAIL  @gitbutler/e2e@ test:e2e:governance-fixture: `pnpm exec playwright test --config ./playwright/playwright.governance-fixture.config.ts --tsconfig ./playwright/tsconfig.json --grep 'admin can see'`
Exit status 1
