$ rg desktop CT script/config/spec
apps/desktop/playwright-ct.config.ts:import { defineConfig, devices } from "@playwright/experimental-ct-svelte";
apps/desktop/package.json:		"test:ct:desktop": "playwright test -c playwright-ct.config.ts",
apps/desktop/package.json:		"@playwright/experimental-ct-svelte": "^1.58.2",
apps/desktop/tests/governance/GovernanceSettings.spec.ts:import GovernanceSettings from "$components/governance/GovernanceSettings.svelte";
apps/desktop/tests/governance/GovernanceSettings.spec.ts:import { expect, test } from "@playwright/experimental-ct-svelte";
apps/desktop/tests/governance/GovernanceSettings.spec.ts:test.describe("GovernanceSettings", () => {
apps/desktop/tests/governance/GovernanceSettings.spec.ts:		const component = await mount(GovernanceSettings);

$ pnpm -F @gitbutler/desktop test:ct:desktop -- GovernanceSettings

> @gitbutler/desktop@0.0.0 test:ct:desktop /Users/justinrich/Projects/gitbutler/.kb-run-sprint/worktrees/SPEC-REPAIR-MGMT-UI-001/apps/desktop
> playwright test -c playwright-ct.config.ts -- GovernanceSettings


Running 2 tests using 2 workers

(node:37478) Warning: The 'NO_COLOR' env is ignored due to the 'FORCE_COLOR' env being set.
(Use `node --trace-warnings ...` to show where the warning was created)
(node:37479) Warning: The 'NO_COLOR' env is ignored due to the 'FORCE_COLOR' env being set.
(Use `node --trace-warnings ...` to show where the warning was created)
(node:37479) Warning: The 'NO_COLOR' env is ignored due to the 'FORCE_COLOR' env being set.
(Use `node --trace-warnings ...` to show where the warning was created)
(node:37478) Warning: The 'NO_COLOR' env is ignored due to the 'FORCE_COLOR' env being set.
(Use `node --trace-warnings ...` to show where the warning was created)
  ✓  1 [chromium] › tests/governance/GovernanceSettings.spec.ts:14:2 › GovernanceSettings › registers one admin-only governance project settings page (1ms)
  ✓  2 [chromium] › tests/governance/GovernanceSettings.spec.ts:6:2 › GovernanceSettings › mounts the governance settings scaffold (74ms)

  2 passed (1.4s)
