
> @gitbutler/e2e@ test:e2e:governance-fixture /Users/justinrich/Projects/gitbutler/e2e
> pnpm exec playwright test --config ./playwright/playwright.governance-fixture.config.ts --tsconfig ./playwright/tsconfig.json --grep 'read-only admin'

[2m[WebServer] [22m(node:58179) Warning: The 'NO_COLOR' env is ignored due to the 'FORCE_COLOR' env being set.
[2m[WebServer] [22m(Use `node --trace-warnings ...` to show where the warning was created)
[2m[WebServer] [22m(node:58194) Warning: The 'NO_COLOR' env is ignored due to the 'FORCE_COLOR' env being set.
[2m[WebServer] [22m(Use `node --trace-warnings ...` to show where the warning was created)
[2m[WebServer] [22m
[2m[WebServer] [22m  VITE v6.4.3  ready in 96 ms
[2m[WebServer] [22m
[2m[WebServer] [22m  ➜  Local:   http://127.0.0.1:4176/

Running 1 test using 1 worker
(node:58249) Warning: The 'NO_COLOR' env is ignored due to the 'FORCE_COLOR' env being set.
(Use `node --trace-warnings ...` to show where the warning was created)
(node:58249) Warning: The 'NO_COLOR' env is ignored due to the 'FORCE_COLOR' env being set.
(Use `node --trace-warnings ...` to show where the warning was created)
F

  1) [chromium] › playwright/tests/governance-fixture/governance-fixture.spec.ts:54:1 › read-only admin can view governance settings but cannot edit

    Error: [2mexpect([22m[31mlocator[39m[2m).[22mtoContainText[2m([22m[32mexpected[39m[2m)[22m failed

    Locator: getByTestId('governance-read-only-message')
    Expected substring: [32m"administration:write"[39m
    Timeout: 10000ms
    Error: element(s) not found

    Call log:
    [2m  - Expect "toContainText" with timeout 10000ms[22m
    [2m  - waiting for getByTestId('governance-read-only-message')[22m


      61 | 	await expectFixtureEvidenceLabels(page, ["read-only-admin.fixture-evidence"]);
      62 | 	await expect(page.getByTestId("fixture-persona")).toHaveText("Read-only admin");
    > 63 | 	await expect(page.getByTestId("governance-read-only-message")).toContainText(
         | 	                                                               ^
      64 | 		"administration:write",
      65 | 	);
      66 | 	await page.getByTestId("principals-list-row-settings-agent").click();
        at /Users/justinrich/Projects/gitbutler/e2e/playwright/tests/governance-fixture/governance-fixture.spec.ts:63:65

    attachment #1: screenshot (image/png) ──────────────────────────────────────────────────────────
    test-results/governance-fixture-read-on-e926e-ce-settings-but-cannot-edit-chromium/test-failed-1.png
    ────────────────────────────────────────────────────────────────────────────────────────────────

    attachment #2: video (video/webm) ──────────────────────────────────────────────────────────────
    test-results/governance-fixture-read-on-e926e-ce-settings-but-cannot-edit-chromium/video.webm
    ────────────────────────────────────────────────────────────────────────────────────────────────

    Error Context: test-results/governance-fixture-read-on-e926e-ce-settings-but-cannot-edit-chromium/error-context.md

    attachment #4: trace (application/zip) ─────────────────────────────────────────────────────────
    test-results/governance-fixture-read-on-e926e-ce-settings-but-cannot-edit-chromium/trace.zip
    Usage:

        pnpm exec playwright show-trace test-results/governance-fixture-read-on-e926e-ce-settings-but-cannot-edit-chromium/trace.zip

    ────────────────────────────────────────────────────────────────────────────────────────────────

  1 failed
    [chromium] › playwright/tests/governance-fixture/governance-fixture.spec.ts:54:1 › read-only admin can view governance settings but cannot edit
/Users/justinrich/Projects/gitbutler/e2e:
 ERR_PNPM_RECURSIVE_RUN_FIRST_FAIL  @gitbutler/e2e@ test:e2e:governance-fixture: `pnpm exec playwright test --config ./playwright/playwright.governance-fixture.config.ts --tsconfig ./playwright/tsconfig.json --grep 'read-only admin'`
Exit status 1
