   Compiling libc v0.2.186
   Compiling proc-macro2 v1.0.106
    Checking memchr v2.8.0
   Compiling unicode-ident v1.0.24
   Compiling quote v1.0.45
    Checking regex-automata v0.4.14
    Checking cfg-if v1.0.4
   Compiling thiserror v2.0.18
    Checking typenum v1.20.0
    Checking tinyvec_macros v0.1.1
    Checking gix-trace v0.1.20 (https://github.com/GitoxideLabs/gitoxide?rev=4f089fce944ce8b3a8f3417441ed3c02cabcac26#4f089fce)
   Compiling parking_lot_core v0.9.12
    Checking fastrand v2.3.0
    Checking scopeguard v1.2.0
    Checking smallvec v1.15.1
   Compiling crc32fast v1.5.0
   Compiling version_check v0.9.5
    Checking same-file v1.0.6
    Checking once_cell v1.21.4
    Checking lock_api v0.4.14
    Checking tinyvec v1.10.0
    Checking zlib-rs v0.6.2
   Compiling heapless v0.8.0
    Checking byteorder v1.5.0
    Checking stable_deref_trait v1.2.1
    Checking bitflags v2.11.1
    Checking itoa v1.0.17
    Checking hash32 v0.3.1
    Checking walkdir v2.5.0
    Checking jiff v0.2.28
    Checking hashbrown v0.17.1
   Compiling getrandom v0.4.1
   Compiling rustix v1.1.4
    Checking nonempty v0.12.0
    Checking unicode-normalization v0.1.25
   Compiling serde_core v1.0.228
   Compiling generic-array v0.14.7
   Compiling rustversion v1.0.22
    Checking bstr v1.12.1
    Checking gix-utils v0.3.3 (https://github.com/GitoxideLabs/gitoxide?rev=4f089fce944ce8b3a8f3417441ed3c02cabcac26#4f089fce)
    Checking shell-words v1.1.1
    Checking percent-encoding v2.3.2
    Checking clru v0.6.2
    Checking hybrid-array v0.4.11
   Compiling zmij v1.0.21
   Compiling anyhow v1.0.102
    Checking gix-validate v0.11.2 (https://github.com/GitoxideLabs/gitoxide?rev=4f089fce944ce8b3a8f3417441ed3c02cabcac26#4f089fce)
    Checking gix-error v0.2.4 (https://github.com/GitoxideLabs/gitoxide?rev=4f089fce944ce8b3a8f3417441ed3c02cabcac26#4f089fce)
    Checking unicode-bom v2.0.3
    Checking gix-chunk v0.7.2 (https://github.com/GitoxideLabs/gitoxide?rev=4f089fce944ce8b3a8f3417441ed3c02cabcac26#4f089fce)
    Checking gix-quote v0.7.2 (https://github.com/GitoxideLabs/gitoxide?rev=4f089fce944ce8b3a8f3417441ed3c02cabcac26#4f089fce)
   Compiling serde_json v1.0.149
   Compiling serde v1.0.228
    Checking winnow v0.7.14
    Checking crypto-common v0.2.1
    Checking block-buffer v0.12.0
    Checking digest v0.11.3
    Checking toml_parser v1.0.9+spec-1.1.0
    Checking gix-date v0.15.4 (https://github.com/GitoxideLabs/gitoxide?rev=4f089fce944ce8b3a8f3417441ed3c02cabcac26#4f089fce)
    Checking gix-actor v0.41.1 (https://github.com/GitoxideLabs/gitoxide?rev=4f089fce944ce8b3a8f3417441ed3c02cabcac26#4f089fce)
    Checking toml_writer v1.0.6+spec-1.1.0
   Compiling syn v2.0.117
    Checking cpufeatures v0.2.17
    Checking cpufeatures v0.3.0
    Checking memmap2 v0.9.10
    Checking errno v0.3.14
    Checking gix-sec v0.14.1 (https://github.com/GitoxideLabs/gitoxide?rev=4f089fce944ce8b3a8f3417441ed3c02cabcac26#4f089fce)
    Checking sha2 v0.11.0
    Checking parking_lot v0.12.5
    Checking prodash v31.0.0
   Compiling thiserror-impl v2.0.18
   Compiling maybe-async v0.2.11
   Compiling serde_derive v1.0.228
    Checking faster-hex v0.10.0
    Checking crypto-common v0.1.7
    Checking block-buffer v0.10.4
    Checking digest v0.10.7
    Checking sha1 v0.10.6
    Checking sha1-checked v0.10.0
    Checking tempfile v3.27.0
    Checking arc-swap v1.9.1
    Checking serde_spanned v1.0.4
    Checking toml_datetime v0.7.5+spec-1.1.0
    Checking toml v0.9.12+spec-1.1.0
    Checking gix-path v0.12.1 (https://github.com/GitoxideLabs/gitoxide?rev=4f089fce944ce8b3a8f3417441ed3c02cabcac26#4f089fce)
    Checking gix-packetline v0.21.5 (https://github.com/GitoxideLabs/gitoxide?rev=4f089fce944ce8b3a8f3417441ed3c02cabcac26#4f089fce)
    Checking gix-features v0.48.1 (https://github.com/GitoxideLabs/gitoxide?rev=4f089fce944ce8b3a8f3417441ed3c02cabcac26#4f089fce)
    Checking gix-command v0.9.1 (https://github.com/GitoxideLabs/gitoxide?rev=4f089fce944ce8b3a8f3417441ed3c02cabcac26#4f089fce)
    Checking gix-url v0.36.1 (https://github.com/GitoxideLabs/gitoxide?rev=4f089fce944ce8b3a8f3417441ed3c02cabcac26#4f089fce)
    Checking gix-config-value v0.18.1 (https://github.com/GitoxideLabs/gitoxide?rev=4f089fce944ce8b3a8f3417441ed3c02cabcac26#4f089fce)
    Checking gix-hash v0.25.1 (https://github.com/GitoxideLabs/gitoxide?rev=4f089fce944ce8b3a8f3417441ed3c02cabcac26#4f089fce)
    Checking gix-fs v0.21.2 (https://github.com/GitoxideLabs/gitoxide?rev=4f089fce944ce8b3a8f3417441ed3c02cabcac26#4f089fce)
    Checking gix-glob v0.26.1 (https://github.com/GitoxideLabs/gitoxide?rev=4f089fce944ce8b3a8f3417441ed3c02cabcac26#4f089fce)
    Checking gix-transport v0.57.1 (https://github.com/GitoxideLabs/gitoxide?rev=4f089fce944ce8b3a8f3417441ed3c02cabcac26#4f089fce)
    Checking gix-tempfile v23.0.1 (https://github.com/GitoxideLabs/gitoxide?rev=4f089fce944ce8b3a8f3417441ed3c02cabcac26#4f089fce)
    Checking gix-hashtable v0.15.1 (https://github.com/GitoxideLabs/gitoxide?rev=4f089fce944ce8b3a8f3417441ed3c02cabcac26#4f089fce)
    Checking gix-commitgraph v0.37.1 (https://github.com/GitoxideLabs/gitoxide?rev=4f089fce944ce8b3a8f3417441ed3c02cabcac26#4f089fce)
    Checking gix-lock v23.0.1 (https://github.com/GitoxideLabs/gitoxide?rev=4f089fce944ce8b3a8f3417441ed3c02cabcac26#4f089fce)
    Checking gix-object v0.61.0 (https://github.com/GitoxideLabs/gitoxide?rev=4f089fce944ce8b3a8f3417441ed3c02cabcac26#4f089fce)
    Checking gix-shallow v0.12.1 (https://github.com/GitoxideLabs/gitoxide?rev=4f089fce944ce8b3a8f3417441ed3c02cabcac26#4f089fce)
    Checking gix-ref v0.64.0 (https://github.com/GitoxideLabs/gitoxide?rev=4f089fce944ce8b3a8f3417441ed3c02cabcac26#4f089fce)
    Checking gix-revwalk v0.32.0 (https://github.com/GitoxideLabs/gitoxide?rev=4f089fce944ce8b3a8f3417441ed3c02cabcac26#4f089fce)
    Checking gix-pack v0.71.0 (https://github.com/GitoxideLabs/gitoxide?rev=4f089fce944ce8b3a8f3417441ed3c02cabcac26#4f089fce)
    Checking gix-diff v0.64.0 (https://github.com/GitoxideLabs/gitoxide?rev=4f089fce944ce8b3a8f3417441ed3c02cabcac26#4f089fce)
    Checking gix-revision v0.46.0 (https://github.com/GitoxideLabs/gitoxide?rev=4f089fce944ce8b3a8f3417441ed3c02cabcac26#4f089fce)
    Checking gix-traverse v0.58.0 (https://github.com/GitoxideLabs/gitoxide?rev=4f089fce944ce8b3a8f3417441ed3c02cabcac26#4f089fce)
    Checking gix-refspec v0.42.0 (https://github.com/GitoxideLabs/gitoxide?rev=4f089fce944ce8b3a8f3417441ed3c02cabcac26#4f089fce)
    Checking gix-discover v0.52.0 (https://github.com/GitoxideLabs/gitoxide?rev=4f089fce944ce8b3a8f3417441ed3c02cabcac26#4f089fce)
    Checking gix-protocol v0.62.0 (https://github.com/GitoxideLabs/gitoxide?rev=4f089fce944ce8b3a8f3417441ed3c02cabcac26#4f089fce)
    Checking gix-config v0.57.0 (https://github.com/GitoxideLabs/gitoxide?rev=4f089fce944ce8b3a8f3417441ed3c02cabcac26#4f089fce)
    Checking gix-odb v0.81.0 (https://github.com/GitoxideLabs/gitoxide?rev=4f089fce944ce8b3a8f3417441ed3c02cabcac26#4f089fce)
    Checking gix v0.84.0 (https://github.com/GitoxideLabs/gitoxide?rev=4f089fce944ce8b3a8f3417441ed3c02cabcac26#4f089fce)
 Documenting but-authz v0.0.0 (/Users/justinrich/Projects/gitbutler/.kb-run-sprint/worktrees/IDENT-016/crates/but-authz)
warning: public documentation for `steer_envelope_from_parts` links to private item `serialization_fault_forced`
   --> crates/but-authz/src/denial.rs:353:7
    |
353 | ///   serialization_fault_forced
    |       ^^^^^^^^^^^^^^^^^^^^^^^^^^ this item is private
    |
    = note: this link will resolve properly if you pass `--document-private-items`
    = note: `#[warn(rustdoc::private_intra_doc_links)]` on by default

warning: `but-authz` (lib doc) generated 1 warning
    Finished `dev` profile [unoptimized + debuginfo] target(s) in 21.48s
   Generated /Users/justinrich/Projects/gitbutler/.kb-run-sprint/worktrees/IDENT-016/target/doc/but_authz/index.html
