
> @gitbutler/desktop@0.0.0 build /Users/justinrich/Projects/gitbutler/.kb-run-sprint/worktrees/MGMT-UI-008/apps/desktop
> vite build

vite v6.4.3 building SSR bundle for production...
transforming...
"setupListeners" is imported from external module "@reduxjs/toolkit/query" but never used in "src/lib/state/clientState.svelte.ts".
✓ 2796 modules transformed.
rendering chunks...
vite v6.4.3 building for production...
transforming...
src/routes/[projectId]/history/+page.svelte (43:7): Error when using sourcemap for reporting an error: Can't resolve original location of error.
src/routes/[projectId]/history/+page.svelte (43:7): A comment

"/* @__PURE__ */"

in "src/routes/[projectId]/history/+page.svelte" contains an annotation that Rollup cannot interpret due to the position of the comment. The comment will be removed to avoid issues.
src/components/diff/MultiDiffView.svelte (30:7): Error when using sourcemap for reporting an error: Can't resolve original location of error.
src/components/diff/MultiDiffView.svelte (30:7): A comment

"/* @__PURE__ */"

in "src/components/diff/MultiDiffView.svelte" contains an annotation that Rollup cannot interpret due to the position of the comment. The comment will be removed to avoid issues.
src/components/diff/UnifiedDiffView.svelte (44:7): Error when using sourcemap for reporting an error: Can't resolve original location of error.
src/components/diff/UnifiedDiffView.svelte (44:7): A comment

"/* @__PURE__ */"

in "src/components/diff/UnifiedDiffView.svelte" contains an annotation that Rollup cannot interpret due to the position of the comment. The comment will be removed to avoid issues.
src/components/irc/IrcMessages.svelte (43:7): Error when using sourcemap for reporting an error: Can't resolve original location of error.
src/components/irc/IrcMessages.svelte (43:7): A comment

"/* @__PURE__ */"

in "src/components/irc/IrcMessages.svelte" contains an annotation that Rollup cannot interpret due to the position of the comment. The comment will be removed to avoid issues.
src/components/files/FileListItems.svelte (20:7): Error when using sourcemap for reporting an error: Can't resolve original location of error.
src/components/files/FileListItems.svelte (20:7): A comment

"/* @__PURE__ */"

in "src/components/files/FileListItems.svelte" contains an annotation that Rollup cannot interpret due to the position of the comment. The comment will be removed to avoid issues.
✓ 3381 modules transformed.
rendering chunks...
[plugin vite:reporter] 
(!) /Users/justinrich/Projects/gitbutler/node_modules/.pnpm/@tauri-apps+api@2.11.0/node_modules/@tauri-apps/api/path.js is dynamically imported by /Users/justinrich/Projects/gitbutler/.kb-run-sprint/worktrees/MGMT-UI-008/apps/desktop/src/lib/backend/tauri.ts but also statically imported by /Users/justinrich/Projects/gitbutler/.kb-run-sprint/worktrees/MGMT-UI-008/apps/desktop/src/lib/backend/tauri.ts, /Users/justinrich/Projects/gitbutler/node_modules/.pnpm/@tauri-apps+plugin-fs@2.5.1/node_modules/@tauri-apps/plugin-fs/dist-js/index.js, dynamic import will not move module into another chunk.

computing gzip size...
.svelte-kit/output/client/_app/version.json                                                            0.03 kB │ gzip:   0.05 kB
.svelte-kit/output/client/_app/immutable/assets/But-Head-Regular.bFy4jtSr.woff2                       19.55 kB
.svelte-kit/output/client/_app/immutable/assets/But-Head-Italic.s4OqgFoK.woff2                        22.18 kB
.svelte-kit/output/client/_app/immutable/assets/GeistMono-Regular.Cgn4a1uh.woff2                      42.42 kB
.svelte-kit/output/client/_app/immutable/assets/GeistMono-Medium.CBwEPH-2.woff2                       43.44 kB
.svelte-kit/output/client/_app/immutable/assets/GeistMono-Bold.BrvcC4FP.woff2                         43.87 kB
.svelte-kit/output/client/_app/immutable/assets/Inter-Regular.B0QUfDW0.woff2                         108.49 kB
.svelte-kit/output/client/_app/immutable/assets/Inter-Bold.CytjP_7U.woff2                            111.04 kB
.svelte-kit/output/client/_app/immutable/assets/Inter-Medium.B0NFony0.woff2                          111.38 kB
.svelte-kit/output/client/_app/immutable/assets/Inter-SemiBold._JLwM7Yv.woff2                        111.59 kB
.svelte-kit/output/client/_app/immutable/assets/Inter-Italic.B_ozvy2G.woff2                          114.58 kB
.svelte-kit/output/client/_app/immutable/assets/Inter-SemiBoldItalic.C4gNvuGw.woff2                  118.22 kB
.svelte-kit/output/client/_app/immutable/assets/Inter-MediumItalic.DOveuiCA.woff2                    118.39 kB
.svelte-kit/output/client/_app/immutable/assets/Inter-BoldItalic.B0T-BnK6.woff2                      118.39 kB
.svelte-kit/output/client/.vite/manifest.json                                                        187.57 kB │ gzip:  14.34 kB
.svelte-kit/output/client/_app/immutable/assets/FullviewLoading.DSNoXtfv.css                           0.10 kB │ gzip:   0.11 kB
.svelte-kit/output/client/_app/immutable/assets/RemoveProjectButton.DzzV68yj.css                       0.13 kB │ gzip:   0.12 kB
.svelte-kit/output/client/_app/immutable/assets/1.QhX0r2RZ.css                                         0.13 kB │ gzip:   0.12 kB
.svelte-kit/output/client/_app/immutable/assets/ReduxResult.BB8cfwQk.css                               0.21 kB │ gzip:   0.17 kB
.svelte-kit/output/client/_app/immutable/assets/SettingsSection.Bci2OKP_.css                           0.28 kB │ gzip:   0.15 kB
.svelte-kit/output/client/_app/immutable/assets/11.S8TyhDwp.css                                        0.29 kB │ gzip:   0.18 kB
.svelte-kit/output/client/_app/immutable/assets/load-error.ozPxGbqc.css                                0.47 kB │ gzip:   0.22 kB
.svelte-kit/output/client/_app/immutable/assets/upstreamIntegrationServiceDeprecated.BdES_OGh.css      0.54 kB │ gzip:   0.23 kB
.svelte-kit/output/client/_app/immutable/assets/AnalyticsSettings.Bc93izB9.css                         0.59 kB │ gzip:   0.28 kB
.svelte-kit/output/client/_app/immutable/assets/FilePreviewPlaceholder.DvkFlKcA.css                    0.63 kB │ gzip:   0.35 kB
.svelte-kit/output/client/_app/immutable/assets/ResizeHandles.DycDlDOe.css                             0.75 kB │ gzip:   0.25 kB
.svelte-kit/output/client/_app/immutable/assets/IllustrationSplitLayout.CnSGlIjt.css                   0.97 kB │ gzip:   0.39 kB
.svelte-kit/output/client/_app/immutable/assets/ChangedFilesContextMenu.D8EPVT86.css                   1.17 kB │ gzip:   0.34 kB
.svelte-kit/output/client/_app/immutable/assets/IrcChat.HwrWylrY.css                                   1.53 kB │ gzip:   0.52 kB
.svelte-kit/output/client/_app/immutable/assets/6.NxTPQqof.css                                         1.71 kB │ gzip:   0.54 kB
.svelte-kit/output/client/_app/immutable/assets/10.CwrHZ2vs.css                                        2.50 kB │ gzip:   0.76 kB
.svelte-kit/output/client/_app/immutable/assets/CreateBranchModal.DAozg7Ex.css                         2.97 kB │ gzip:   0.83 kB
.svelte-kit/output/client/_app/immutable/assets/7.irGcj7L-.css                                         5.37 kB │ gzip:   1.19 kB
.svelte-kit/output/client/_app/immutable/assets/IrcChannel.C2Dqlo58.css                                7.53 kB │ gzip:   1.75 kB
.svelte-kit/output/client/_app/immutable/assets/SashLayer.BG1UC512.css                                 7.67 kB │ gzip:   1.75 kB
.svelte-kit/output/client/_app/immutable/assets/5.D_sJE3P9.css                                         7.74 kB │ gzip:   1.59 kB
.svelte-kit/output/client/_app/immutable/assets/2.DGnebLpR.css                                         9.30 kB │ gzip:   2.08 kB
.svelte-kit/output/client/_app/immutable/assets/PrStatusBadge.BYC6Dxom.css                            24.81 kB │ gzip:   4.73 kB
.svelte-kit/output/client/_app/immutable/assets/9.B8pTJDPh.css                                        33.20 kB │ gzip:   5.78 kB
.svelte-kit/output/client/_app/immutable/assets/0.BT3T_C39.css                                        58.67 kB │ gzip:  11.58 kB
.svelte-kit/output/client/_app/immutable/assets/projectsService.BW7cajEk.css                          96.22 kB │ gzip:  16.32 kB
.svelte-kit/output/client/_app/immutable/chunks/DyqvmTYL.js                                            0.53 kB │ gzip:   0.36 kB │ map:     0.64 kB
.svelte-kit/output/client/_app/immutable/entry/start.Denszwyz.js                                       0.54 kB │ gzip:   0.37 kB │ map:     0.10 kB
.svelte-kit/output/client/_app/immutable/chunks/CFQYwdkj.js                                            0.56 kB │ gzip:   0.37 kB │ map:     1.16 kB
.svelte-kit/output/client/_app/immutable/chunks/DWetOAM3.js                                            0.68 kB │ gzip:   0.45 kB │ map:     0.74 kB
.svelte-kit/output/client/_app/immutable/chunks/BKefLViM.js                                            0.68 kB │ gzip:   0.42 kB │ map:     5.39 kB
.svelte-kit/output/client/_app/immutable/chunks/CgweP_7f.js                                            0.70 kB │ gzip:   0.47 kB │ map:     0.45 kB
.svelte-kit/output/client/_app/immutable/chunks/DY8F27Vo.js                                            0.71 kB │ gzip:   0.48 kB │ map:     1.70 kB
.svelte-kit/output/client/_app/immutable/nodes/8.c7FuWs9Q.js                                           0.75 kB │ gzip:   0.47 kB │ map:     0.38 kB
.svelte-kit/output/client/_app/immutable/nodes/4.Dn0ehDaa.js                                           0.78 kB │ gzip:   0.49 kB │ map:     0.62 kB
.svelte-kit/output/client/_app/immutable/chunks/C0D6TUqQ.js                                            0.94 kB │ gzip:   0.57 kB │ map:     1.95 kB
.svelte-kit/output/client/_app/immutable/chunks/BmmBtbds.js                                            0.97 kB │ gzip:   0.61 kB │ map:     1.00 kB
.svelte-kit/output/client/_app/immutable/chunks/KKAbDYar.js                                            0.97 kB │ gzip:   0.59 kB │ map:     3.59 kB
.svelte-kit/output/client/_app/immutable/chunks/DhefUc3z.js                                            1.00 kB │ gzip:   0.58 kB │ map:     1.41 kB
.svelte-kit/output/client/_app/immutable/chunks/BB9sBlgD.js                                            1.03 kB │ gzip:   0.62 kB │ map:     2.77 kB
.svelte-kit/output/client/_app/immutable/chunks/CoioL4oO.js                                            1.12 kB │ gzip:   0.60 kB │ map:     2.22 kB
.svelte-kit/output/client/_app/immutable/chunks/CivW5Vdc.js                                            1.15 kB │ gzip:   0.68 kB │ map:     1.36 kB
.svelte-kit/output/client/_app/immutable/chunks/-DdoAvul.js                                            1.15 kB │ gzip:   0.73 kB │ map:     1.25 kB
.svelte-kit/output/client/_app/immutable/chunks/DjO0E5K6.js                                            1.19 kB │ gzip:   0.60 kB │ map:     1.71 kB
.svelte-kit/output/client/_app/immutable/chunks/BCy_TShp.js                                            1.25 kB │ gzip:   0.63 kB │ map:     2.80 kB
.svelte-kit/output/client/_app/immutable/nodes/3.C4cV6wU4.js                                           1.29 kB │ gzip:   0.73 kB │ map:     1.94 kB
.svelte-kit/output/client/_app/immutable/chunks/cJshC-Hp.js                                            1.29 kB │ gzip:   0.71 kB │ map:     1.45 kB
.svelte-kit/output/client/_app/immutable/chunks/DnQyiZsZ.js                                            1.32 kB │ gzip:   0.75 kB │ map:     2.67 kB
.svelte-kit/output/client/_app/immutable/chunks/jU0MoZwX.js                                            1.34 kB │ gzip:   0.78 kB │ map:     4.86 kB
.svelte-kit/output/client/_app/immutable/chunks/CC0zmGrp.js                                            1.42 kB │ gzip:   0.69 kB │ map:     1.71 kB
.svelte-kit/output/client/_app/immutable/chunks/Bez5kK7P.js                                            1.45 kB │ gzip:   0.71 kB │ map:     2.06 kB
.svelte-kit/output/client/_app/immutable/chunks/DzTNFAE4.js                                            1.55 kB │ gzip:   0.85 kB │ map:     4.07 kB
.svelte-kit/output/client/_app/immutable/chunks/Dh_3kGGM.js                                            1.58 kB │ gzip:   0.84 kB │ map:     1.89 kB
.svelte-kit/output/client/_app/immutable/chunks/dMjZESoo.js                                            1.60 kB │ gzip:   0.62 kB │ map:     2.04 kB
.svelte-kit/output/client/_app/immutable/chunks/_-JSMH78.js                                            1.61 kB │ gzip:   0.62 kB │ map:     2.86 kB
.svelte-kit/output/client/_app/immutable/chunks/lMWa9qgV.js                                            1.62 kB │ gzip:   0.73 kB │ map:     4.27 kB
.svelte-kit/output/client/_app/immutable/chunks/C9z1INZC.js                                            1.68 kB │ gzip:   0.98 kB │ map:     4.41 kB
.svelte-kit/output/client/_app/immutable/chunks/vxfCn2Yv.js                                            1.68 kB │ gzip:   0.78 kB │ map:     2.06 kB
.svelte-kit/output/client/_app/immutable/chunks/BCKtpQaT.js                                            1.81 kB │ gzip:   0.76 kB │ map:     2.22 kB
.svelte-kit/output/client/_app/immutable/nodes/1.BYauXC-x.js                                           1.87 kB │ gzip:   1.03 kB │ map:     2.84 kB
.svelte-kit/output/client/_app/immutable/chunks/CruQHtPs.js                                            1.87 kB │ gzip:   0.80 kB │ map:     2.38 kB
.svelte-kit/output/client/_app/immutable/chunks/D2ijCQYE.js                                            1.88 kB │ gzip:   0.98 kB │ map:     3.88 kB
.svelte-kit/output/client/_app/immutable/chunks/C4FQxi6C.js                                            1.93 kB │ gzip:   1.08 kB │ map:     2.14 kB
.svelte-kit/output/client/_app/immutable/chunks/BJU6zgmu.js                                            1.98 kB │ gzip:   0.76 kB │ map:     2.51 kB
.svelte-kit/output/client/_app/immutable/chunks/CtmbMW79.js                                            2.06 kB │ gzip:   0.87 kB │ map:     4.91 kB
.svelte-kit/output/client/_app/immutable/chunks/DHWvjjwA.js                                            2.07 kB │ gzip:   1.07 kB │ map:     8.84 kB
.svelte-kit/output/client/_app/immutable/chunks/muCYawPx.js                                            2.10 kB │ gzip:   0.95 kB │ map:     2.74 kB
.svelte-kit/output/client/_app/immutable/chunks/BQ7eW85y.js                                            2.10 kB │ gzip:   1.05 kB │ map:     9.44 kB
.svelte-kit/output/client/_app/immutable/chunks/D4wp186Z.js                                            2.16 kB │ gzip:   1.14 kB │ map:    11.93 kB
.svelte-kit/output/client/_app/immutable/chunks/Dl6KKlZ2.js                                            2.19 kB │ gzip:   1.14 kB │ map:     2.51 kB
.svelte-kit/output/client/_app/immutable/chunks/D-psBNlc.js                                            2.19 kB │ gzip:   0.86 kB │ map:     2.69 kB
.svelte-kit/output/client/_app/immutable/chunks/u1QTvphh.js                                            2.29 kB │ gzip:   1.03 kB │ map:     3.09 kB
.svelte-kit/output/client/_app/immutable/chunks/DhiJXxMa.js                                            2.33 kB │ gzip:   1.23 kB │ map:     2.87 kB
.svelte-kit/output/client/_app/immutable/chunks/iYYaM8nB.js                                            2.58 kB │ gzip:   0.87 kB │ map:     3.33 kB
.svelte-kit/output/client/_app/immutable/chunks/DNlAVdQL.js                                            2.59 kB │ gzip:   1.26 kB │ map:     4.14 kB
.svelte-kit/output/client/_app/immutable/chunks/W1ijvqt5.js                                            2.61 kB │ gzip:   1.39 kB │ map:     3.51 kB
.svelte-kit/output/client/_app/immutable/chunks/CwBizsB9.js                                            2.62 kB │ gzip:   1.19 kB │ map:    10.10 kB
.svelte-kit/output/client/_app/immutable/chunks/O5dgvBp1.js                                            2.68 kB │ gzip:   1.10 kB │ map:     7.76 kB
.svelte-kit/output/client/_app/immutable/chunks/d1ayncOX.js                                            2.69 kB │ gzip:   0.89 kB │ map:     3.74 kB
.svelte-kit/output/client/_app/immutable/chunks/1nBOWN98.js                                            2.72 kB │ gzip:   0.91 kB │ map:     3.59 kB
.svelte-kit/output/client/_app/immutable/chunks/6Jx51TWm.js                                            2.80 kB │ gzip:   0.95 kB │ map:     3.84 kB
.svelte-kit/output/client/_app/immutable/chunks/CXr5CIeo.js                                            3.02 kB │ gzip:   0.96 kB │ map:     3.90 kB
.svelte-kit/output/client/_app/immutable/chunks/EUShq8Lx.js                                            3.03 kB │ gzip:   1.08 kB │ map:     4.03 kB
.svelte-kit/output/client/_app/immutable/chunks/DbUC0pP_.js                                            3.10 kB │ gzip:   1.45 kB │ map:     3.73 kB
.svelte-kit/output/client/_app/immutable/chunks/BrwJvRB6.js                                            3.25 kB │ gzip:   1.48 kB │ map:     8.22 kB
.svelte-kit/output/client/_app/immutable/chunks/CEXgkrgX.js                                            3.28 kB │ gzip:   1.05 kB │ map:     4.36 kB
.svelte-kit/output/client/_app/immutable/chunks/BJoRr_ln.js                                            3.28 kB │ gzip:   1.27 kB │ map:     4.27 kB
.svelte-kit/output/client/_app/immutable/chunks/Diqhq-Wn.js                                            3.30 kB │ gzip:   1.16 kB │ map:     4.69 kB
.svelte-kit/output/client/_app/immutable/chunks/NMJv9mvX.js                                            3.38 kB │ gzip:   1.06 kB │ map:     4.57 kB
.svelte-kit/output/client/_app/immutable/chunks/CIC2XGvk.js                                            3.46 kB │ gzip:   1.08 kB │ map:     5.17 kB
.svelte-kit/output/client/_app/immutable/chunks/BIpP3r-9.js                                            3.46 kB │ gzip:   1.06 kB │ map:     4.55 kB
.svelte-kit/output/client/_app/immutable/chunks/-u-Xkc1C.js                                            3.56 kB │ gzip:   1.06 kB │ map:     4.65 kB
.svelte-kit/output/client/_app/immutable/chunks/_QORla_O.js                                            3.58 kB │ gzip:   1.75 kB │ map:     4.15 kB
.svelte-kit/output/client/_app/immutable/chunks/Dx04DNHw.js                                            3.68 kB │ gzip:   1.34 kB │ map:    13.22 kB
.svelte-kit/output/client/_app/immutable/chunks/llOErfKr.js                                            3.69 kB │ gzip:   1.17 kB │ map:     5.42 kB
.svelte-kit/output/client/_app/immutable/chunks/COBBLrtT.js                                            3.70 kB │ gzip:   1.51 kB │ map:     8.76 kB
.svelte-kit/output/client/_app/immutable/chunks/D3WuRL1-.js                                            3.71 kB │ gzip:   1.10 kB │ map:     4.99 kB
.svelte-kit/output/client/_app/immutable/chunks/0PtuSs1U.js                                            3.71 kB │ gzip:   1.44 kB │ map:     5.01 kB
.svelte-kit/output/client/_app/immutable/chunks/BETbEOml.js                                            3.74 kB │ gzip:   1.11 kB │ map:     5.46 kB
.svelte-kit/output/client/_app/immutable/chunks/I93fTQ_O.js                                            3.79 kB │ gzip:   1.59 kB │ map:     9.17 kB
.svelte-kit/output/client/_app/immutable/chunks/DQkUAVqC.js                                            3.81 kB │ gzip:   1.47 kB │ map:     4.91 kB
.svelte-kit/output/client/_app/immutable/chunks/pqQgIRhE.js                                            3.82 kB │ gzip:   1.36 kB │ map:     4.92 kB
.svelte-kit/output/client/_app/immutable/chunks/z9A7Kwc-.js                                            3.82 kB │ gzip:   1.45 kB │ map:     4.94 kB
.svelte-kit/output/client/_app/immutable/chunks/BQrbRJ8b.js                                            3.86 kB │ gzip:   1.79 kB │ map:     9.57 kB
.svelte-kit/output/client/_app/immutable/chunks/BT6p0sSc.js                                            3.89 kB │ gzip:   1.79 kB │ map:     4.48 kB
.svelte-kit/output/client/_app/immutable/chunks/MM_aODo4.js                                            3.94 kB │ gzip:   1.34 kB │ map:     5.45 kB
.svelte-kit/output/client/_app/immutable/chunks/BRB4Zk17.js                                            4.06 kB │ gzip:   1.16 kB │ map:     5.53 kB
.svelte-kit/output/client/_app/immutable/chunks/CBga-oz1.js                                            4.07 kB │ gzip:   1.87 kB │ map:     4.82 kB
.svelte-kit/output/client/_app/immutable/chunks/1N5B7zJ9.js                                            4.07 kB │ gzip:   1.31 kB │ map:     5.77 kB
.svelte-kit/output/client/_app/immutable/chunks/yqUgXmqP.js                                            4.08 kB │ gzip:   1.30 kB │ map:     5.84 kB
.svelte-kit/output/client/_app/immutable/chunks/D9c3yTu0.js                                            4.08 kB │ gzip:   1.67 kB │ map:     4.42 kB
.svelte-kit/output/client/_app/immutable/chunks/Ddltdxuz.js                                            4.11 kB │ gzip:   1.88 kB │ map:    13.24 kB
.svelte-kit/output/client/_app/immutable/chunks/mFY5jth_.js                                            4.12 kB │ gzip:   1.38 kB │ map:     5.76 kB
.svelte-kit/output/client/_app/immutable/chunks/DZ7Tc3iK.js                                            4.15 kB │ gzip:   1.24 kB │ map:     5.83 kB
.svelte-kit/output/client/_app/immutable/chunks/BcMNl0Pg.js                                            4.36 kB │ gzip:   1.54 kB │ map:     6.09 kB
.svelte-kit/output/client/_app/immutable/chunks/zUpAbfoP.js                                            4.37 kB │ gzip:   1.24 kB │ map:     6.37 kB
.svelte-kit/output/client/_app/immutable/chunks/C-NyXSuk.js                                            4.39 kB │ gzip:   1.71 kB │ map:     9.37 kB
.svelte-kit/output/client/_app/immutable/chunks/B3u4J2f-.js                                            4.45 kB │ gzip:   1.76 kB │ map:     5.32 kB
.svelte-kit/output/client/_app/immutable/chunks/DbgOiZzd.js                                            4.60 kB │ gzip:   1.94 kB │ map:     5.87 kB
.svelte-kit/output/client/_app/immutable/chunks/Bbhexvae.js                                            4.83 kB │ gzip:   1.30 kB │ map:     6.73 kB
.svelte-kit/output/client/_app/immutable/chunks/C34QWQfP.js                                            4.88 kB │ gzip:   1.78 kB │ map:     6.81 kB
.svelte-kit/output/client/_app/immutable/chunks/CtHe1RBY.js                                            4.95 kB │ gzip:   1.43 kB │ map:     6.86 kB
.svelte-kit/output/client/_app/immutable/chunks/Cr-3uUK2.js                                            4.98 kB │ gzip:   1.32 kB │ map:     7.09 kB
.svelte-kit/output/client/_app/immutable/chunks/CxGCrE4K.js                                            5.12 kB │ gzip:   1.39 kB │ map:     7.30 kB
.svelte-kit/output/client/_app/immutable/chunks/IA-XFiOY.js                                            5.15 kB │ gzip:   2.29 kB │ map:     6.23 kB
.svelte-kit/output/client/_app/immutable/chunks/bMjl9xP0.js                                            5.22 kB │ gzip:   1.81 kB │ map:     6.75 kB
.svelte-kit/output/client/_app/immutable/chunks/Cl0VhLsk.js                                            5.22 kB │ gzip:   2.18 kB │ map:     6.95 kB
.svelte-kit/output/client/_app/immutable/chunks/BJWIMo3z.js                                            5.25 kB │ gzip:   1.10 kB │ map:     7.36 kB
.svelte-kit/output/client/_app/immutable/chunks/Bk6cxSvi.js                                            5.50 kB │ gzip:   2.27 kB │ map:     7.01 kB
.svelte-kit/output/client/_app/immutable/chunks/Ct4ktyg_.js                                            5.60 kB │ gzip:   1.65 kB │ map:     7.55 kB
.svelte-kit/output/client/_app/immutable/chunks/Cd8XVz1b.js                                            5.61 kB │ gzip:   2.02 kB │ map:    19.14 kB
.svelte-kit/output/client/_app/immutable/chunks/DirrDM_I.js                                            5.68 kB │ gzip:   2.36 kB │ map:    13.61 kB
.svelte-kit/output/client/_app/immutable/chunks/CIco3IMK.js                                            5.72 kB │ gzip:   1.59 kB │ map:     7.78 kB
.svelte-kit/output/client/_app/immutable/chunks/D8YlyruO.js                                            5.78 kB │ gzip:   1.64 kB │ map:     8.17 kB
.svelte-kit/output/client/_app/immutable/chunks/DrCCoXBj.js                                            5.79 kB │ gzip:   1.82 kB │ map:     7.92 kB
.svelte-kit/output/client/_app/immutable/chunks/C4hjtpZ5.js                                            5.82 kB │ gzip:   2.51 kB │ map:     7.12 kB
.svelte-kit/output/client/_app/immutable/chunks/BtpjvX8r.js                                            5.83 kB │ gzip:   1.47 kB │ map:     7.88 kB
.svelte-kit/output/client/_app/immutable/chunks/B_Iu_HnB.js                                            5.83 kB │ gzip:   1.42 kB │ map:     7.96 kB
.svelte-kit/output/client/_app/immutable/chunks/B1lRWroh.js                                            5.91 kB │ gzip:   1.64 kB │ map:     8.04 kB
.svelte-kit/output/client/_app/immutable/chunks/DdcZFwdF.js                                            5.98 kB │ gzip:   2.18 kB │ map:     7.56 kB
.svelte-kit/output/client/_app/immutable/chunks/CdPLdp3y.js                                            6.07 kB │ gzip:   1.62 kB │ map:     8.56 kB
.svelte-kit/output/client/_app/immutable/chunks/C0f12jZc.js                                            6.24 kB │ gzip:   2.18 kB │ map:     8.20 kB
.svelte-kit/output/client/_app/immutable/chunks/Cqg4-4KE.js                                            6.35 kB │ gzip:   1.94 kB │ map:     8.71 kB
.svelte-kit/output/client/_app/immutable/chunks/Bz8QJVq1.js                                            6.36 kB │ gzip:   1.78 kB │ map:     8.56 kB
.svelte-kit/output/client/_app/immutable/chunks/B_uQXHYf.js                                            6.37 kB │ gzip:   2.34 kB │ map:     7.73 kB
.svelte-kit/output/client/_app/immutable/chunks/DWQHa-sg.js                                            6.38 kB │ gzip:   2.16 kB │ map:     8.06 kB
.svelte-kit/output/client/_app/immutable/chunks/2I7g1ze6.js                                            6.41 kB │ gzip:   1.99 kB │ map:     8.48 kB
.svelte-kit/output/client/_app/immutable/chunks/BH5-f8YN.js                                            6.55 kB │ gzip:   2.60 kB │ map:     8.09 kB
.svelte-kit/output/client/_app/immutable/chunks/DpEo_PGp.js                                            6.68 kB │ gzip:   2.82 kB │ map:    10.87 kB
.svelte-kit/output/client/_app/immutable/chunks/CwN1jkpv.js                                            6.71 kB │ gzip:   1.86 kB │ map:     9.21 kB
.svelte-kit/output/client/_app/immutable/chunks/DJT9ICC3.js                                            6.74 kB │ gzip:   1.97 kB │ map:     8.94 kB
.svelte-kit/output/client/_app/immutable/chunks/CR7avlLi.js                                            6.78 kB │ gzip:   1.99 kB │ map:     9.23 kB
.svelte-kit/output/client/_app/immutable/chunks/CRnE2cUW.js                                            6.78 kB │ gzip:   1.65 kB │ map:     9.31 kB
.svelte-kit/output/client/_app/immutable/chunks/Cx0GWdwh.js                                            6.81 kB │ gzip:   2.07 kB │ map:     9.60 kB
.svelte-kit/output/client/_app/immutable/chunks/Ba-P7WeA.js                                            6.87 kB │ gzip:   1.68 kB │ map:     9.62 kB
.svelte-kit/output/client/_app/immutable/chunks/CalvlZeK.js                                            6.87 kB │ gzip:   2.18 kB │ map:     9.15 kB
.svelte-kit/output/client/_app/immutable/chunks/BwFPXzFR.js                                            6.88 kB │ gzip:   1.54 kB │ map:     9.82 kB
.svelte-kit/output/client/_app/immutable/chunks/sveyqhOi.js                                            6.93 kB │ gzip:   1.99 kB │ map:     9.26 kB
.svelte-kit/output/client/_app/immutable/chunks/CmFUM7Aj.js                                            6.99 kB │ gzip:   2.05 kB │ map:    10.46 kB
.svelte-kit/output/client/_app/immutable/chunks/CiXks-SX.js                                            7.00 kB │ gzip:   1.68 kB │ map:    10.24 kB
.svelte-kit/output/client/_app/immutable/chunks/BO4Er3Y0.js                                            7.04 kB │ gzip:   1.89 kB │ map:     9.29 kB
.svelte-kit/output/client/_app/immutable/chunks/9a56AR_p.js                                            7.21 kB │ gzip:   1.76 kB │ map:    10.40 kB
.svelte-kit/output/client/_app/immutable/chunks/Oux0f1ZM.js                                            7.30 kB │ gzip:   2.06 kB │ map:     9.72 kB
.svelte-kit/output/client/_app/immutable/chunks/Di3NbonN.js                                            7.37 kB │ gzip:   2.25 kB │ map:     9.93 kB
.svelte-kit/output/client/_app/immutable/chunks/DaE5qOTw.js                                            7.37 kB │ gzip:   1.89 kB │ map:    10.75 kB
.svelte-kit/output/client/_app/immutable/chunks/DF-xQix0.js                                            7.42 kB │ gzip:   2.15 kB │ map:     9.86 kB
.svelte-kit/output/client/_app/immutable/chunks/CrDGTaFZ.js                                            7.62 kB │ gzip:   2.32 kB │ map:    10.12 kB
.svelte-kit/output/client/_app/immutable/chunks/DdqP0ERO.js                                            7.72 kB │ gzip:   2.45 kB │ map:     9.29 kB
.svelte-kit/output/client/_app/immutable/chunks/CovWj_MK.js                                            7.92 kB │ gzip:   2.84 kB │ map:     9.45 kB
.svelte-kit/output/client/_app/immutable/chunks/D_N05uM1.js                                            8.32 kB │ gzip:   2.82 kB │ map:    10.97 kB
.svelte-kit/output/client/_app/immutable/chunks/CNBqzQRI.js                                            8.34 kB │ gzip:   2.17 kB │ map:    11.13 kB
.svelte-kit/output/client/_app/immutable/chunks/CB800KoI.js                                            8.44 kB │ gzip:   1.68 kB │ map:    11.52 kB
.svelte-kit/output/client/_app/immutable/chunks/DrCwmq6I.js                                            8.70 kB │ gzip:   2.07 kB │ map:    12.41 kB
.svelte-kit/output/client/_app/immutable/chunks/a3t2ZJfW.js                                            8.84 kB │ gzip:   1.94 kB │ map:    12.64 kB
.svelte-kit/output/client/_app/immutable/chunks/C-qN6USE.js                                            8.91 kB │ gzip:   1.94 kB │ map:    12.02 kB
.svelte-kit/output/client/_app/immutable/chunks/D7IumOu1.js                                            8.96 kB │ gzip:   3.28 kB │ map:    11.23 kB
.svelte-kit/output/client/_app/immutable/chunks/D-XWgEo2.js                                            9.08 kB │ gzip:   2.27 kB │ map:    12.99 kB
.svelte-kit/output/client/_app/immutable/entry/app.BdWcZXf2.js                                         9.12 kB │ gzip:   3.61 kB │ map:    10.25 kB
.svelte-kit/output/client/_app/immutable/chunks/CH6mxuwK.js                                            9.23 kB │ gzip:   2.22 kB │ map:    12.11 kB
.svelte-kit/output/client/_app/immutable/chunks/D61c00mG.js                                            9.24 kB │ gzip:   2.40 kB │ map:    13.11 kB
.svelte-kit/output/client/_app/immutable/chunks/BxCjDDg8.js                                            9.24 kB │ gzip:   2.23 kB │ map:    12.15 kB
.svelte-kit/output/client/_app/immutable/chunks/B9RZgU4u.js                                            9.41 kB │ gzip:   2.03 kB │ map:    13.20 kB
.svelte-kit/output/client/_app/immutable/chunks/B0uAq4pL.js                                            9.47 kB │ gzip:   2.62 kB │ map:    11.99 kB
.svelte-kit/output/client/_app/immutable/chunks/Jqrems_Z.js                                            9.51 kB │ gzip:   4.08 kB │ map:    11.14 kB
.svelte-kit/output/client/_app/immutable/chunks/C216iYhJ.js                                            9.55 kB │ gzip:   2.37 kB │ map:    12.75 kB
.svelte-kit/output/client/_app/immutable/chunks/BoiSTMEI.js                                            9.57 kB │ gzip:   2.24 kB │ map:    12.84 kB
.svelte-kit/output/client/_app/immutable/chunks/BNTX26ML.js                                            9.74 kB │ gzip:   2.77 kB │ map:    13.75 kB
.svelte-kit/output/client/_app/immutable/chunks/CbYAoJJY.js                                            9.75 kB │ gzip:   2.25 kB │ map:    12.52 kB
.svelte-kit/output/client/_app/immutable/chunks/BB_HD2a2.js                                            9.88 kB │ gzip:   2.35 kB │ map:    13.44 kB
.svelte-kit/output/client/_app/immutable/chunks/Vxh_gTzM.js                                           10.12 kB │ gzip:   3.33 kB │ map:    12.45 kB
.svelte-kit/output/client/_app/immutable/chunks/D2vmBPDd.js                                           10.13 kB │ gzip:   2.13 kB │ map:    14.14 kB
.svelte-kit/output/client/_app/immutable/chunks/CR-7YLSX.js                                           10.31 kB │ gzip:   3.66 kB │ map:    11.62 kB
.svelte-kit/output/client/_app/immutable/chunks/CEon3Vw_.js                                           10.39 kB │ gzip:   2.54 kB │ map:    13.74 kB
.svelte-kit/output/client/_app/immutable/chunks/C_ptsv-Y.js                                           10.51 kB │ gzip:   2.20 kB │ map:    14.84 kB
.svelte-kit/output/client/_app/immutable/chunks/WsGspz3g.js                                           10.67 kB │ gzip:   4.26 kB │ map:    44.83 kB
.svelte-kit/output/client/_app/immutable/chunks/DRW4J_fp.js                                           10.68 kB │ gzip:   2.47 kB │ map:    15.60 kB
.svelte-kit/output/client/_app/immutable/chunks/DSMf-mXU.js                                           10.82 kB │ gzip:   1.64 kB │ map:    15.52 kB
.svelte-kit/output/client/_app/immutable/chunks/DynUK4JV.js                                           10.83 kB │ gzip:   1.70 kB │ map:    15.08 kB
.svelte-kit/output/client/_app/immutable/chunks/C3ej_MhN.js                                           10.89 kB │ gzip:   2.41 kB │ map:    15.29 kB
.svelte-kit/output/client/_app/immutable/chunks/BO7IbecL.js                                           10.92 kB │ gzip:   2.51 kB │ map:    15.16 kB
.svelte-kit/output/client/_app/immutable/chunks/BXq5m53Z.js                                           10.92 kB │ gzip:   3.21 kB │ map:    13.25 kB
.svelte-kit/output/client/_app/immutable/chunks/CmHyqqaR.js                                           10.96 kB │ gzip:   2.54 kB │ map:    14.94 kB
.svelte-kit/output/client/_app/immutable/nodes/6.BLwsCGE9.js                                          11.01 kB │ gzip:   4.33 kB │ map:    27.31 kB
.svelte-kit/output/client/_app/immutable/chunks/XaMgsj08.js                                           11.16 kB │ gzip:   2.83 kB │ map:    15.28 kB
.svelte-kit/output/client/_app/immutable/chunks/CnxbwUzY.js                                           11.39 kB │ gzip:   2.37 kB │ map:    16.07 kB
.svelte-kit/output/client/_app/immutable/chunks/DaOr76vJ.js                                           11.64 kB │ gzip:   2.77 kB │ map:    15.74 kB
.svelte-kit/output/client/_app/immutable/chunks/D7AesAvT.js                                           11.81 kB │ gzip:   4.12 kB │ map:    13.35 kB
.svelte-kit/output/client/_app/immutable/chunks/Dvq5qTby.js                                           11.84 kB │ gzip:   2.78 kB │ map:    16.26 kB
.svelte-kit/output/client/_app/immutable/chunks/kYbedujb.js                                           11.86 kB │ gzip:   2.82 kB │ map:    16.01 kB
.svelte-kit/output/client/_app/immutable/chunks/ktZlW450.js                                           11.89 kB │ gzip:   2.38 kB │ map:    16.36 kB
.svelte-kit/output/client/_app/immutable/chunks/j-G-vOma.js                                           11.95 kB │ gzip:   2.85 kB │ map:    15.03 kB
.svelte-kit/output/client/_app/immutable/chunks/Bu6FS4MP.js                                           12.16 kB │ gzip:   4.94 kB │ map:    41.69 kB
.svelte-kit/output/client/_app/immutable/chunks/Dsg9Gdg-.js                                           12.40 kB │ gzip:   5.35 kB │ map:    13.47 kB
.svelte-kit/output/client/_app/immutable/chunks/C2yvcseN.js                                           12.46 kB │ gzip:   2.45 kB │ map:    16.89 kB
.svelte-kit/output/client/_app/immutable/chunks/NiKr4SiA.js                                           12.51 kB │ gzip:   1.91 kB │ map:    17.33 kB
.svelte-kit/output/client/_app/immutable/chunks/BAeeqFlf.js                                           12.58 kB │ gzip:   2.62 kB │ map:    17.41 kB
.svelte-kit/output/client/_app/immutable/chunks/CiIaw5OD.js                                           12.91 kB │ gzip:   4.00 kB │ map:    16.29 kB
.svelte-kit/output/client/_app/immutable/chunks/KZ6bn42x.js                                           13.14 kB │ gzip:   2.24 kB │ map:    16.51 kB
.svelte-kit/output/client/_app/immutable/chunks/DmfwET8q.js                                           13.34 kB │ gzip:   3.50 kB │ map:    17.44 kB
.svelte-kit/output/client/_app/immutable/chunks/CzXs4RIu.js                                           13.49 kB │ gzip:   2.00 kB │ map:    17.20 kB
.svelte-kit/output/client/_app/immutable/chunks/BbIySugi.js                                           13.67 kB │ gzip:   3.01 kB │ map:    19.60 kB
.svelte-kit/output/client/_app/immutable/chunks/BFebVtLd.js                                           14.07 kB │ gzip:   3.30 kB │ map:    18.87 kB
.svelte-kit/output/client/_app/immutable/chunks/D91MWbRP.js                                           14.11 kB │ gzip:   2.55 kB │ map:    17.91 kB
.svelte-kit/output/client/_app/immutable/chunks/C3Sw8s4P.js                                           14.13 kB │ gzip:   3.33 kB │ map:    18.96 kB
.svelte-kit/output/client/_app/immutable/chunks/C5immix9.js                                           14.21 kB │ gzip:   3.33 kB │ map:    19.04 kB
.svelte-kit/output/client/_app/immutable/chunks/CSL8-nuX.js                                           14.27 kB │ gzip:   2.84 kB │ map:    20.54 kB
.svelte-kit/output/client/_app/immutable/chunks/Ch2TSdIK.js                                           14.42 kB │ gzip:   3.45 kB │ map:    19.97 kB
.svelte-kit/output/client/_app/immutable/chunks/s01MGyrx.js                                           14.49 kB │ gzip:   3.13 kB │ map:    19.13 kB
.svelte-kit/output/client/_app/immutable/chunks/CpyamuCg.js                                           14.61 kB │ gzip:   3.31 kB │ map:    19.60 kB
.svelte-kit/output/client/_app/immutable/chunks/1NOJF7IW.js                                           14.73 kB │ gzip:   2.74 kB │ map:    20.28 kB
.svelte-kit/output/client/_app/immutable/chunks/C5HsTetn.js                                           14.73 kB │ gzip:   3.29 kB │ map:    19.48 kB
.svelte-kit/output/client/_app/immutable/chunks/B180hL67.js                                           14.89 kB │ gzip:   3.39 kB │ map:    19.68 kB
.svelte-kit/output/client/_app/immutable/chunks/Hotvbicm.js                                           14.89 kB │ gzip:   3.40 kB │ map:    19.68 kB
.svelte-kit/output/client/_app/immutable/chunks/vczptNlN.js                                           15.05 kB │ gzip:   3.36 kB │ map:    19.91 kB
.svelte-kit/output/client/_app/immutable/chunks/BBLPd4Ol.js                                           15.22 kB │ gzip:   6.08 kB │ map:    39.61 kB
.svelte-kit/output/client/_app/immutable/chunks/BEYzpvXg.js                                           15.24 kB │ gzip:   3.54 kB │ map:    21.17 kB
.svelte-kit/output/client/_app/immutable/chunks/B2cId3TM.js                                           15.52 kB │ gzip:   2.98 kB │ map:    21.80 kB
.svelte-kit/output/client/_app/immutable/chunks/CkKves5a.js                                           15.63 kB │ gzip:   4.19 kB │ map:    19.67 kB
.svelte-kit/output/client/_app/immutable/chunks/CF3_i_xm.js                                           15.66 kB │ gzip:   2.93 kB │ map:    21.79 kB
.svelte-kit/output/client/_app/immutable/chunks/wy0x8yjN.js                                           15.96 kB │ gzip:   2.76 kB │ map:    23.24 kB
.svelte-kit/output/client/_app/immutable/chunks/D6ANAnMo.js                                           15.99 kB │ gzip:   3.43 kB │ map:    22.16 kB
.svelte-kit/output/client/_app/immutable/chunks/mn3hvfE-.js                                           16.26 kB │ gzip:   4.72 kB │ map:    31.76 kB
.svelte-kit/output/client/_app/immutable/chunks/Iz5Xokm6.js                                           16.30 kB │ gzip:   6.17 kB │ map:    18.89 kB
.svelte-kit/output/client/_app/immutable/chunks/fO6yuPMS.js                                           16.53 kB │ gzip:   3.38 kB │ map:    23.79 kB
.svelte-kit/output/client/_app/immutable/chunks/BRLfXZ3Y.js                                           16.54 kB │ gzip:   3.33 kB │ map:    23.70 kB
.svelte-kit/output/client/_app/immutable/chunks/BsQaZ2sb.js                                           16.66 kB │ gzip:   2.32 kB │ map:    24.14 kB
.svelte-kit/output/client/_app/immutable/chunks/wDrcnutY.js                                           16.71 kB │ gzip:   3.02 kB │ map:    23.18 kB
.svelte-kit/output/client/_app/immutable/nodes/10.DYtiCq0G.js                                         16.73 kB │ gzip:   6.33 kB │ map:    27.71 kB
.svelte-kit/output/client/_app/immutable/chunks/YXJaX5wp.js                                           16.93 kB │ gzip:   2.28 kB │ map:    24.67 kB
.svelte-kit/output/client/_app/immutable/chunks/DDoPHXiF.js                                           16.97 kB │ gzip:   3.21 kB │ map:    24.13 kB
.svelte-kit/output/client/_app/immutable/chunks/CLhvUT2T.js                                           17.58 kB │ gzip:   3.20 kB │ map:    22.31 kB
.svelte-kit/output/client/_app/immutable/chunks/Cm6XJ5zI.js                                           17.58 kB │ gzip:   3.20 kB │ map:    22.31 kB
.svelte-kit/output/client/_app/immutable/chunks/DCWo1797.js                                           17.58 kB │ gzip:   3.22 kB │ map:    22.32 kB
.svelte-kit/output/client/_app/immutable/nodes/11.DDgE1z-D.js                                         17.76 kB │ gzip:   6.83 kB │ map:    24.95 kB
.svelte-kit/output/client/_app/immutable/chunks/GAitlk1k.js                                           17.96 kB │ gzip:   3.34 kB │ map:    26.60 kB
.svelte-kit/output/client/_app/immutable/chunks/LEmlPf32.js                                           18.42 kB │ gzip:   2.77 kB │ map:    25.50 kB
.svelte-kit/output/client/_app/immutable/chunks/B4JR0W9q.js                                           18.52 kB │ gzip:   3.42 kB │ map:    25.26 kB
.svelte-kit/output/client/_app/immutable/chunks/Mh_x64tv.js                                           18.66 kB │ gzip:   3.39 kB │ map:    25.77 kB
.svelte-kit/output/client/_app/immutable/chunks/CIlo9Hev.js                                           18.82 kB │ gzip:   6.03 kB │ map:    20.88 kB
.svelte-kit/output/client/_app/immutable/chunks/FTex8Qpm.js                                           19.07 kB │ gzip:   3.38 kB │ map:    24.15 kB
.svelte-kit/output/client/_app/immutable/chunks/Di1TSUtj.js                                           19.08 kB │ gzip:   3.38 kB │ map:    24.18 kB
.svelte-kit/output/client/_app/immutable/chunks/BJuAIxXu.js                                           19.08 kB │ gzip:   3.41 kB │ map:    24.18 kB
.svelte-kit/output/client/_app/immutable/chunks/YV9BGb66.js                                           19.09 kB │ gzip:   3.38 kB │ map:    24.19 kB
.svelte-kit/output/client/_app/immutable/chunks/g7LkpVuI.js                                           19.09 kB │ gzip:   3.40 kB │ map:    24.20 kB
.svelte-kit/output/client/_app/immutable/chunks/CYQX1GGW.js                                           19.44 kB │ gzip:   4.02 kB │ map:    26.59 kB
.svelte-kit/output/client/_app/immutable/chunks/Be5edZdl.js                                           19.63 kB │ gzip:   3.87 kB │ map:    27.85 kB
.svelte-kit/output/client/_app/immutable/chunks/DePE5Rc3.js                                           19.97 kB │ gzip:   6.88 kB │ map:    23.12 kB
.svelte-kit/output/client/_app/immutable/chunks/DuyhSZi1.js                                           20.11 kB │ gzip:   7.56 kB │ map:    28.15 kB
.svelte-kit/output/client/_app/immutable/chunks/eKGryKIK.js                                           20.49 kB │ gzip:   3.19 kB │ map:    28.63 kB
.svelte-kit/output/client/_app/immutable/chunks/ByZzQ3Bj.js                                           20.49 kB │ gzip:   3.19 kB │ map:    28.63 kB
.svelte-kit/output/client/_app/immutable/chunks/B6dWEEJd.js                                           20.53 kB │ gzip:   4.23 kB │ map:    27.37 kB
.svelte-kit/output/client/_app/immutable/chunks/Dlv5MFo8.js                                           20.54 kB │ gzip:   4.22 kB │ map:    27.38 kB
.svelte-kit/output/client/_app/immutable/chunks/ozozSSDz.js                                           20.60 kB │ gzip:   4.33 kB │ map:    26.92 kB
.svelte-kit/output/client/_app/immutable/chunks/DDPiwUWS.js                                           20.60 kB │ gzip:   4.21 kB │ map:    27.45 kB
.svelte-kit/output/client/_app/immutable/chunks/oFrChsSa.js                                           20.82 kB │ gzip:   7.01 kB │ map:    23.55 kB
.svelte-kit/output/client/_app/immutable/chunks/CzykEMlP.js                                           20.87 kB │ gzip:   5.50 kB │ map:    27.70 kB
.svelte-kit/output/client/_app/immutable/nodes/7.DxHGT8ZW.js                                          21.04 kB │ gzip:   7.67 kB │ map:    55.23 kB
.svelte-kit/output/client/_app/immutable/chunks/jMrpcs9y.js                                           21.23 kB │ gzip:   4.10 kB │ map:    28.33 kB
.svelte-kit/output/client/_app/immutable/chunks/BcKn4k3H.js                                           21.31 kB │ gzip:   3.90 kB │ map:    29.26 kB
.svelte-kit/output/client/_app/immutable/chunks/Biz_V9Eb.js                                           21.52 kB │ gzip:   4.28 kB │ map:    27.82 kB
.svelte-kit/output/client/_app/immutable/chunks/D2Aei_EJ.js                                           21.53 kB │ gzip:   4.31 kB │ map:    27.85 kB
.svelte-kit/output/client/_app/immutable/chunks/CIFhmNVd.js                                           21.92 kB │ gzip:   3.16 kB │ map:    30.15 kB
.svelte-kit/output/client/_app/immutable/chunks/ByeUAvOC.js                                           22.20 kB │ gzip:   4.16 kB │ map:    29.09 kB
.svelte-kit/output/client/_app/immutable/chunks/5lUkeFq4.js                                           22.21 kB │ gzip:   4.17 kB │ map:    29.12 kB
.svelte-kit/output/client/_app/immutable/chunks/BmFpkEGM.js                                           22.21 kB │ gzip:   4.17 kB │ map:    29.12 kB
.svelte-kit/output/client/_app/immutable/chunks/BNotRpgE.js                                           22.85 kB │ gzip:   3.39 kB │ map:    32.79 kB
.svelte-kit/output/client/_app/immutable/chunks/DcUrIZ3Z.js                                           23.02 kB │ gzip:   4.59 kB │ map:    32.50 kB
.svelte-kit/output/client/_app/immutable/chunks/BTP4rXMv.js                                           23.03 kB │ gzip:   6.35 kB │ map:    27.02 kB
.svelte-kit/output/client/_app/immutable/chunks/Cb-3lDQs.js                                           23.09 kB │ gzip:   4.45 kB │ map:    30.89 kB
.svelte-kit/output/client/_app/immutable/chunks/i_7qt5D1.js                                           23.09 kB │ gzip:   4.45 kB │ map:    30.89 kB
.svelte-kit/output/client/_app/immutable/chunks/Dny8crUV.js                                           23.09 kB │ gzip:   4.46 kB │ map:    30.89 kB
.svelte-kit/output/client/_app/immutable/chunks/D4aIua3E.js                                           23.09 kB │ gzip:   4.46 kB │ map:    30.89 kB
.svelte-kit/output/client/_app/immutable/chunks/DfUbaA1s.js                                           23.09 kB │ gzip:   4.45 kB │ map:    30.90 kB
.svelte-kit/output/client/_app/immutable/chunks/sb5XcBiJ.js                                           23.09 kB │ gzip:   4.46 kB │ map:    30.90 kB
.svelte-kit/output/client/_app/immutable/chunks/DcURgCo-.js                                           23.40 kB │ gzip:   4.92 kB │ map:    31.10 kB
.svelte-kit/output/client/_app/immutable/chunks/DdMZO0Q-.js                                           23.86 kB │ gzip:   7.69 kB │ map:    28.25 kB
.svelte-kit/output/client/_app/immutable/chunks/BYgSLrM2.js                                           24.12 kB │ gzip:   3.93 kB │ map:    33.63 kB
.svelte-kit/output/client/_app/immutable/chunks/DWMs62BW.js                                           24.42 kB │ gzip:   7.81 kB │ map:    29.18 kB
.svelte-kit/output/client/_app/immutable/chunks/BDE1VldK.js                                           24.44 kB │ gzip:   4.45 kB │ map:    33.37 kB
.svelte-kit/output/client/_app/immutable/chunks/BFqG4mtt.js                                           24.50 kB │ gzip:   5.67 kB │ map:    30.93 kB
.svelte-kit/output/client/_app/immutable/chunks/6QITgi_Z.js                                           24.72 kB │ gzip:   4.15 kB │ map:    33.42 kB
.svelte-kit/output/client/_app/immutable/chunks/DV29MSmX.js                                           24.73 kB │ gzip:   4.28 kB │ map:    35.67 kB
.svelte-kit/output/client/_app/immutable/chunks/C6NU_JzB.js                                           24.88 kB │ gzip:   3.22 kB │ map:    36.83 kB
.svelte-kit/output/client/_app/immutable/chunks/C7e8IUaR.js                                           25.14 kB │ gzip:   3.52 kB │ map:    35.22 kB
.svelte-kit/output/client/_app/immutable/chunks/C7oFPluk.js                                           25.50 kB │ gzip:   2.90 kB │ map:    34.73 kB
.svelte-kit/output/client/_app/immutable/chunks/B-WvB7p1.js                                           25.75 kB │ gzip:   4.40 kB │ map:    35.90 kB
.svelte-kit/output/client/_app/immutable/chunks/4E_TSnB7.js                                           25.75 kB │ gzip:   3.95 kB │ map:    33.83 kB
.svelte-kit/output/client/_app/immutable/chunks/bMEqJ0JS.js                                           25.91 kB │ gzip:   3.85 kB │ map:    35.87 kB
.svelte-kit/output/client/_app/immutable/chunks/tSwmINAR.js                                           26.08 kB │ gzip:   4.14 kB │ map:    37.51 kB
.svelte-kit/output/client/_app/immutable/chunks/DYklgfdV.js                                           26.35 kB │ gzip:   4.53 kB │ map:    35.18 kB
.svelte-kit/output/client/_app/immutable/chunks/DYVfoafh.js                                           26.38 kB │ gzip:  10.06 kB │ map:    94.20 kB
.svelte-kit/output/client/_app/immutable/chunks/Jn7PVuhc.js                                           26.66 kB │ gzip:   5.12 kB │ map:    36.60 kB
.svelte-kit/output/client/_app/immutable/chunks/6AeOMwLg.js                                           27.18 kB │ gzip:   4.67 kB │ map:    35.67 kB
.svelte-kit/output/client/_app/immutable/chunks/DICKH11k.js                                           27.34 kB │ gzip:   4.08 kB │ map:    36.35 kB
.svelte-kit/output/client/_app/immutable/chunks/DoK4pJcJ.js                                           27.65 kB │ gzip:   4.47 kB │ map:    38.37 kB
.svelte-kit/output/client/_app/immutable/chunks/BwdzxCKm.js                                           27.67 kB │ gzip:   4.55 kB │ map:    38.97 kB
.svelte-kit/output/client/_app/immutable/chunks/DY7pOGD7.js                                           27.86 kB │ gzip:   6.61 kB │ map:    36.11 kB
.svelte-kit/output/client/_app/immutable/chunks/DgypFc1C.js                                           27.89 kB │ gzip:   3.80 kB │ map:    38.34 kB
.svelte-kit/output/client/_app/immutable/chunks/CqawQgNY.js                                           29.34 kB │ gzip:   4.21 kB │ map:    40.46 kB
.svelte-kit/output/client/_app/immutable/chunks/qhuUk3f2.js                                           29.37 kB │ gzip:   5.43 kB │ map:    39.08 kB
.svelte-kit/output/client/_app/immutable/chunks/C6MSYK6x.js                                           29.80 kB │ gzip:   4.69 kB │ map:    41.21 kB
.svelte-kit/output/client/_app/immutable/chunks/DaiyyIno.js                                           29.96 kB │ gzip:   3.93 kB │ map:    44.45 kB
.svelte-kit/output/client/_app/immutable/chunks/CYvFcA93.js                                           30.00 kB │ gzip:  11.66 kB │ map:   197.84 kB
.svelte-kit/output/client/_app/immutable/chunks/B8f9cSAW.js                                           30.02 kB │ gzip:   6.21 kB │ map:    39.68 kB
.svelte-kit/output/client/_app/immutable/chunks/CE2nz3Vd.js                                           31.41 kB │ gzip:   4.55 kB │ map:    40.58 kB
.svelte-kit/output/client/_app/immutable/chunks/Co1ijPvt.js                                           31.53 kB │ gzip:   8.28 kB │ map:    38.92 kB
.svelte-kit/output/client/_app/immutable/chunks/WAbKdHk-.js                                           33.95 kB │ gzip:   5.78 kB │ map:    43.09 kB
.svelte-kit/output/client/_app/immutable/chunks/B7dd9iaz.js                                           34.24 kB │ gzip:   5.79 kB │ map:    44.52 kB
.svelte-kit/output/client/_app/immutable/chunks/C3_Lvlhd.js                                           34.31 kB │ gzip:   8.63 kB │ map:    37.64 kB
.svelte-kit/output/client/_app/immutable/chunks/DCUbOdY8.js                                           35.62 kB │ gzip:   6.18 kB │ map:    49.85 kB
.svelte-kit/output/client/_app/immutable/chunks/Dieh-2yE.js                                           35.80 kB │ gzip:   4.69 kB │ map:    48.51 kB
.svelte-kit/output/client/_app/immutable/chunks/mK9dlUR3.js                                           35.87 kB │ gzip:   6.06 kB │ map:    46.42 kB
.svelte-kit/output/client/_app/immutable/chunks/CfGJ7Iyz.js                                           36.12 kB │ gzip:   6.51 kB │ map:    45.37 kB
.svelte-kit/output/client/_app/immutable/chunks/Ch4gQhxq.js                                           36.96 kB │ gzip:  12.93 kB │ map:   243.16 kB
.svelte-kit/output/client/_app/immutable/chunks/D5jRgSEy.js                                           37.19 kB │ gzip:  10.17 kB │ map:   155.93 kB
.svelte-kit/output/client/_app/immutable/chunks/C73VOioX.js                                           37.92 kB │ gzip:   4.67 kB │ map:    51.58 kB
.svelte-kit/output/client/_app/immutable/chunks/CpF2OjHx.js                                           39.09 kB │ gzip:  11.54 kB │ map:   295.90 kB
.svelte-kit/output/client/_app/immutable/chunks/Defxdux1.js                                           39.13 kB │ gzip:  15.12 kB │ map:   264.93 kB
.svelte-kit/output/client/_app/immutable/chunks/B-YAOPWx.js                                           39.51 kB │ gzip:  11.10 kB │ map:    47.37 kB
.svelte-kit/output/client/_app/immutable/chunks/DocVQbWV.js                                           39.54 kB │ gzip:  15.24 kB │ map:   356.88 kB
.svelte-kit/output/client/_app/immutable/chunks/CWvxfKY2.js                                           41.17 kB │ gzip:   8.49 kB │ map:    53.33 kB
.svelte-kit/output/client/_app/immutable/chunks/IaDpcvr9.js                                           41.34 kB │ gzip:  14.03 kB │ map:   191.47 kB
.svelte-kit/output/client/_app/immutable/chunks/kAExMlvr.js                                           41.93 kB │ gzip:   6.37 kB │ map:    56.85 kB
.svelte-kit/output/client/_app/immutable/chunks/CXvmS9Nz.js                                           41.94 kB │ gzip:   6.71 kB │ map:    57.89 kB
.svelte-kit/output/client/_app/immutable/chunks/Bq_rreIA.js                                           43.55 kB │ gzip:   4.91 kB │ map:    60.78 kB
.svelte-kit/output/client/_app/immutable/chunks/CiNgpYXX.js                                           44.25 kB │ gzip:   8.74 kB │ map:    62.73 kB
.svelte-kit/output/client/_app/immutable/chunks/GHCyZpWg.js                                           45.02 kB │ gzip:  14.18 kB │ map:   191.54 kB
.svelte-kit/output/client/_app/immutable/chunks/FsZcZf7s.js                                           45.35 kB │ gzip:  12.07 kB │ map:   174.24 kB
.svelte-kit/output/client/_app/immutable/chunks/Dm2tB-5g.js                                           46.94 kB │ gzip:   5.97 kB │ map:    66.21 kB
.svelte-kit/output/client/_app/immutable/chunks/DIp5DuFO.js                                           47.27 kB │ gzip:   5.46 kB │ map:    66.65 kB
.svelte-kit/output/client/_app/immutable/chunks/byoxegCD.js                                           47.44 kB │ gzip:   7.03 kB │ map:    65.76 kB
.svelte-kit/output/client/_app/immutable/chunks/CwVRXKh-.js                                           47.71 kB │ gzip:   8.29 kB │ map:    62.33 kB
.svelte-kit/output/client/_app/immutable/chunks/SZlW-dUY.js                                           47.71 kB │ gzip:   8.29 kB │ map:    62.34 kB
.svelte-kit/output/client/_app/immutable/chunks/loZuTFLQ.js                                           47.71 kB │ gzip:   8.31 kB │ map:    62.34 kB
.svelte-kit/output/client/_app/immutable/chunks/4w6jI_AO.js                                           47.72 kB │ gzip:   8.30 kB │ map:    62.35 kB
.svelte-kit/output/client/_app/immutable/chunks/zwcZIxvs.js                                           48.53 kB │ gzip:   6.32 kB │ map:    71.00 kB
.svelte-kit/output/client/_app/immutable/chunks/CONMBjeC.js                                           49.49 kB │ gzip:  12.15 kB │ map:    60.69 kB
.svelte-kit/output/client/_app/immutable/chunks/BG6ekBqP.js                                           50.38 kB │ gzip:   9.73 kB │ map:    68.12 kB
.svelte-kit/output/client/_app/immutable/chunks/B9csVdBT.js                                           54.20 kB │ gzip:   8.71 kB │ map:    68.58 kB
.svelte-kit/output/client/_app/immutable/chunks/BqRUvWBA.js                                           54.20 kB │ gzip:   8.71 kB │ map:    68.59 kB
.svelte-kit/output/client/_app/immutable/chunks/m_TMw8O6.js                                           56.34 kB │ gzip:   5.04 kB │ map:    77.98 kB
.svelte-kit/output/client/_app/immutable/chunks/DYvyo1Ul.js                                           57.44 kB │ gzip:  12.64 kB │ map:    74.20 kB
.svelte-kit/output/client/_app/immutable/chunks/wWtRxo_a.js                                           57.68 kB │ gzip:  11.96 kB │ map:    73.03 kB
.svelte-kit/output/client/_app/immutable/chunks/C5zZtQCV.js                                           59.15 kB │ gzip:   8.43 kB │ map:    81.86 kB
.svelte-kit/output/client/_app/immutable/chunks/BhZqXI5_.js                                           59.79 kB │ gzip:   5.92 kB │ map:    82.66 kB
.svelte-kit/output/client/_app/immutable/chunks/CwlsyQ6j.js                                           62.90 kB │ gzip:   5.30 kB │ map:    81.43 kB
.svelte-kit/output/client/_app/immutable/chunks/BdngChNg.js                                           66.18 kB │ gzip:  23.44 kB │ map:   201.47 kB
.svelte-kit/output/client/_app/immutable/nodes/5.BJMK2ylX.js                                          69.69 kB │ gzip:  23.21 kB │ map:   200.02 kB
.svelte-kit/output/client/_app/immutable/chunks/CTWjCSiX.js                                           70.25 kB │ gzip:   9.53 kB │ map:    95.26 kB
.svelte-kit/output/client/_app/immutable/chunks/FzSSKwXf.js                                           70.40 kB │ gzip:   9.41 kB │ map:    95.57 kB
.svelte-kit/output/client/_app/immutable/chunks/BleoZu7o.js                                           72.57 kB │ gzip:  10.77 kB │ map:    95.71 kB
.svelte-kit/output/client/_app/immutable/chunks/B8RFwsRS.js                                           73.07 kB │ gzip:   6.99 kB │ map:   100.61 kB
.svelte-kit/output/client/_app/immutable/chunks/CF8WFqAs.js                                           75.10 kB │ gzip:  11.00 kB │ map:   101.04 kB
.svelte-kit/output/client/_app/immutable/nodes/2.DloRq1vG.js                                          80.13 kB │ gzip:  28.01 kB │ map:   188.13 kB
.svelte-kit/output/client/_app/immutable/chunks/bo63RMeA.js                                           80.63 kB │ gzip:  26.43 kB │ map:    97.33 kB
.svelte-kit/output/client/_app/immutable/chunks/0aJihq75.js                                           87.14 kB │ gzip:  15.00 kB │ map:   114.55 kB
.svelte-kit/output/client/_app/immutable/chunks/D0XqazAg.js                                           89.42 kB │ gzip:  11.55 kB │ map:   124.09 kB
.svelte-kit/output/client/_app/immutable/chunks/CMskG5cn.js                                           90.14 kB │ gzip:  10.98 kB │ map:   125.71 kB
.svelte-kit/output/client/_app/immutable/chunks/dBXUc5ST.js                                           92.84 kB │ gzip:  15.31 kB │ map:   106.52 kB
.svelte-kit/output/client/_app/immutable/chunks/D4GZWixZ.js                                           98.09 kB │ gzip:  14.99 kB │ map:   131.89 kB
.svelte-kit/output/client/_app/immutable/chunks/CDjobSaT.js                                          105.36 kB │ gzip:  28.42 kB │ map:   130.99 kB
.svelte-kit/output/client/_app/immutable/chunks/CfABWRej.js                                          105.87 kB │ gzip:  23.60 kB │ map:   129.69 kB
.svelte-kit/output/client/_app/immutable/chunks/CadTdxc6.js                                          110.14 kB │ gzip:  38.98 kB │ map:   698.58 kB
.svelte-kit/output/client/_app/immutable/chunks/B8nRRH5-.js                                          111.71 kB │ gzip:  28.75 kB │ map:   139.76 kB
.svelte-kit/output/client/_app/immutable/chunks/De-wGE3t.js                                          131.98 kB │ gzip:   9.62 kB │ map:   189.44 kB
.svelte-kit/output/client/_app/immutable/chunks/CZde-wC1.js                                          136.57 kB │ gzip:  23.63 kB │ map:   177.05 kB
.svelte-kit/output/client/_app/immutable/chunks/UJYh4Chq.js                                          172.42 kB │ gzip:  30.89 kB │ map:   218.86 kB
.svelte-kit/output/client/_app/immutable/chunks/BuSF9S3x.js                                          175.28 kB │ gzip:  16.80 kB │ map:   236.39 kB
.svelte-kit/output/client/_app/immutable/chunks/CYhrYYuK.js                                          175.99 kB │ gzip:  16.79 kB │ map:   237.06 kB
.svelte-kit/output/client/_app/immutable/chunks/BKNK-Gq2.js                                          178.24 kB │ gzip:  16.89 kB │ map:   239.32 kB
.svelte-kit/output/client/_app/immutable/chunks/Ci7nSnPa.js                                          181.53 kB │ gzip:  16.32 kB │ map:   244.73 kB
.svelte-kit/output/client/_app/immutable/chunks/CSZltWgf.js                                          184.17 kB │ gzip:  16.86 kB │ map:   249.47 kB
.svelte-kit/output/client/_app/immutable/chunks/DiCDJ3cB.js                                          190.46 kB │ gzip:  18.24 kB │ map:   255.18 kB
.svelte-kit/output/client/_app/immutable/chunks/D7KeYy6e.js                                          195.14 kB │ gzip:  64.31 kB │ map:   471.35 kB
.svelte-kit/output/client/_app/immutable/chunks/UsZ7qP5g.js                                          201.11 kB │ gzip:  64.23 kB │ map:   699.25 kB
.svelte-kit/output/client/_app/immutable/nodes/9.CvdIBJte.js                                         209.46 kB │ gzip:  66.62 kB │ map:   597.94 kB
.svelte-kit/output/client/_app/immutable/nodes/0.BrP2-pG8.js                                         221.22 kB │ gzip:  68.10 kB │ map:   614.57 kB
.svelte-kit/output/client/_app/immutable/chunks/F6-M6AW0.js                                          246.93 kB │ gzip:  64.69 kB │ map: 1,093.73 kB
.svelte-kit/output/client/_app/immutable/chunks/Blx4q-A2.js                                          262.84 kB │ gzip:  77.44 kB │ map:   279.70 kB
.svelte-kit/output/client/_app/immutable/chunks/CyFoa8fp.js                                          622.79 kB │ gzip: 230.65 kB │ map:   622.95 kB
.svelte-kit/output/client/_app/immutable/chunks/COi6sD45.js                                          626.49 kB │ gzip:  45.08 kB │ map:   816.19 kB
.svelte-kit/output/client/_app/immutable/chunks/CmwKD8yN.js                                          780.33 kB │ gzip: 196.30 kB │ map:   790.18 kB
.svelte-kit/output/client/_app/immutable/chunks/DKUYvoIG.js                                        1,582.46 kB │ gzip: 401.62 kB │ map: 2,757.06 kB

(!) Some chunks are larger than 500 kB after minification. Consider:
- Using dynamic import() to code-split the application
- Use build.rollupOptions.output.manualChunks to improve chunking: https://rollupjs.org/configuration-options/#output-manualchunks
- Adjust chunk size limit for this warning via build.chunkSizeWarningLimit.
✓ built in 6.80s
.svelte-kit/output/server/_app/immutable/assets/But-Head-Regular.bFy4jtSr.woff2                     19.55 kB
.svelte-kit/output/server/_app/immutable/assets/But-Head-Italic.s4OqgFoK.woff2                      22.18 kB
.svelte-kit/output/server/.vite/manifest.json                                                       35.02 kB
.svelte-kit/output/server/_app/immutable/assets/GeistMono-Regular.Cgn4a1uh.woff2                    42.42 kB
.svelte-kit/output/server/_app/immutable/assets/GeistMono-Medium.CBwEPH-2.woff2                     43.44 kB
.svelte-kit/output/server/_app/immutable/assets/GeistMono-Bold.BrvcC4FP.woff2                       43.87 kB
.svelte-kit/output/server/_app/immutable/assets/Inter-Regular.B0QUfDW0.woff2                       108.49 kB
.svelte-kit/output/server/_app/immutable/assets/Inter-Bold.CytjP_7U.woff2                          111.04 kB
.svelte-kit/output/server/_app/immutable/assets/Inter-Medium.B0NFony0.woff2                        111.38 kB
.svelte-kit/output/server/_app/immutable/assets/Inter-SemiBold._JLwM7Yv.woff2                      111.59 kB
.svelte-kit/output/server/_app/immutable/assets/Inter-Italic.B_ozvy2G.woff2                        114.58 kB
.svelte-kit/output/server/_app/immutable/assets/Inter-SemiBoldItalic.C4gNvuGw.woff2                118.22 kB
.svelte-kit/output/server/_app/immutable/assets/Inter-MediumItalic.DOveuiCA.woff2                  118.39 kB
.svelte-kit/output/server/_app/immutable/assets/Inter-BoldItalic.B0T-BnK6.woff2                    118.39 kB
.svelte-kit/output/server/_app/immutable/assets/FullviewLoading.DSNoXtfv.css                         0.10 kB
.svelte-kit/output/server/_app/immutable/assets/RemoveProjectButton.DzzV68yj.css                     0.13 kB
.svelte-kit/output/server/_app/immutable/assets/_error.QhX0r2RZ.css                                  0.13 kB
.svelte-kit/output/server/_app/immutable/assets/ReduxResult.BB8cfwQk.css                             0.21 kB
.svelte-kit/output/server/_app/immutable/assets/SettingsSection.Bci2OKP_.css                         0.28 kB
.svelte-kit/output/server/_app/immutable/assets/_page.S8TyhDwp.css                                   0.29 kB
.svelte-kit/output/server/_app/immutable/assets/load-error.ozPxGbqc.css                              0.47 kB
.svelte-kit/output/server/_app/immutable/assets/upstreamIntegrationServiceDeprecated.BdES_OGh.css    0.54 kB
.svelte-kit/output/server/_app/immutable/assets/AnalyticsSettings.Bc93izB9.css                       0.59 kB
.svelte-kit/output/server/_app/immutable/assets/FilePreviewPlaceholder.DvkFlKcA.css                  0.63 kB
.svelte-kit/output/server/_app/immutable/assets/ResizeHandles.DycDlDOe.css                           0.75 kB
.svelte-kit/output/server/_app/immutable/assets/IllustrationSplitLayout.CnSGlIjt.css                 0.97 kB
.svelte-kit/output/server/_app/immutable/assets/StashIntoBranchModal.D8EPVT86.css                    1.17 kB
.svelte-kit/output/server/_app/immutable/assets/IrcChat.HwrWylrY.css                                 1.53 kB
.svelte-kit/output/server/_app/immutable/assets/_page.CwrHZ2vs.css                                   2.50 kB
.svelte-kit/output/server/_app/immutable/assets/CreateBranchModal.DAozg7Ex.css                       2.97 kB
.svelte-kit/output/server/_app/immutable/assets/_page.irGcj7L-.css                                   5.37 kB
.svelte-kit/output/server/_app/immutable/assets/IrcChannel.C2Dqlo58.css                              7.53 kB
.svelte-kit/output/server/_app/immutable/assets/SashLayer.DdhzVPmo.css                               7.65 kB
.svelte-kit/output/server/_app/immutable/assets/_page.D_sJE3P9.css                                   7.74 kB
.svelte-kit/output/server/_app/immutable/assets/_layout.DGnebLpR.css                                 9.30 kB
.svelte-kit/output/server/_app/immutable/assets/PrStatusBadge.BYC6Dxom.css                          24.81 kB
.svelte-kit/output/server/_app/immutable/assets/_page.DRfpbKCB.css                                  32.92 kB
.svelte-kit/output/server/_app/immutable/assets/_layout.eRCNeXGP.css                                37.98 kB
.svelte-kit/output/server/_app/immutable/assets/persisted.ByfvPzwX.css                              86.66 kB
.svelte-kit/output/server/chunks/false.js                                                            0.48 kB │ map:   0.55 kB
.svelte-kit/output/server/chunks/cookies.js                                                          0.57 kB │ map:   0.84 kB
.svelte-kit/output/server/entries/pages/_projectId_/_layout.ts.js                                    0.62 kB │ map:   1.09 kB
.svelte-kit/output/server/chunks/FullviewLoading.js                                                  0.63 kB │ map:   0.45 kB
.svelte-kit/output/server/chunks/analytics.js                                                        0.66 kB │ map:   1.03 kB
.svelte-kit/output/server/chunks/time.js                                                             0.67 kB │ map:   0.73 kB
.svelte-kit/output/server/chunks/eventContext.js                                                     0.68 kB │ map:   1.20 kB
.svelte-kit/output/server/entries/pages/_projectId_/_page.svelte.js                                  0.72 kB │ map:   0.45 kB
.svelte-kit/output/server/entries/pages/_projectId_/irc/_page.svelte.js                              0.72 kB │ map:   0.39 kB
.svelte-kit/output/server/chunks/environment.js                                                      0.72 kB │ map:   1.76 kB
.svelte-kit/output/server/chunks/typeguards.js                                                       0.74 kB │ map:   2.12 kB
.svelte-kit/output/server/chunks/AsyncButton.js                                                      0.75 kB │ map:   1.05 kB
.svelte-kit/output/server/chunks/string.js                                                           0.78 kB │ map:   2.12 kB
.svelte-kit/output/server/internal.js                                                                0.79 kB │ map:   0.09 kB
.svelte-kit/output/server/chunks/SeriesIcon.js                                                       0.79 kB │ map:   1.07 kB
.svelte-kit/output/server/chunks/Spacer.js                                                           0.80 kB │ map:   1.05 kB
.svelte-kit/output/server/chunks/Toggle.js                                                           0.84 kB │ map:   2.82 kB
.svelte-kit/output/server/chunks/Link.js                                                             0.84 kB │ map:   1.20 kB
.svelte-kit/output/server/chunks/settingsModal.svelte.js                                             0.87 kB │ map:   1.70 kB
.svelte-kit/output/server/chunks/context2.js                                                         0.96 kB │ map:   2.51 kB
.svelte-kit/output/server/chunks/client.js                                                           0.96 kB │ map: 116.23 kB
.svelte-kit/output/server/chunks/utils.js                                                            1.07 kB │ map:   2.83 kB
.svelte-kit/output/server/entries/pages/_layout.ts.js                                                1.08 kB │ map:   2.54 kB
.svelte-kit/output/server/chunks/gitService.js                                                       1.12 kB │ map:   2.22 kB
.svelte-kit/output/server/chunks/sentry.js                                                           1.14 kB │ map:   3.01 kB
.svelte-kit/output/server/entries/pages/_page.svelte.js                                              1.22 kB │ map:   1.89 kB
.svelte-kit/output/server/chunks/remotesService.js                                                   1.22 kB │ map:   2.89 kB
.svelte-kit/output/server/chunks/url.js                                                              1.28 kB │ map:   3.43 kB
.svelte-kit/output/server/chunks/index.js                                                            1.44 kB │ map:   8.05 kB
.svelte-kit/output/server/chunks/diffService.svelte.js                                               1.55 kB │ map:   4.54 kB
.svelte-kit/output/server/entries/pages/_error.svelte.js                                             1.56 kB │ map:   2.50 kB
.svelte-kit/output/server/chunks/modeService.js                                                      1.61 kB │ map:   2.85 kB
.svelte-kit/output/server/entries/pages/_projectId_/edit/_page.svelte.js                             1.67 kB │ map:   1.23 kB
.svelte-kit/output/server/chunks/error.js                                                            1.73 kB │ map:   6.77 kB
.svelte-kit/output/server/chunks/gitUrl.js                                                           1.86 kB │ map:   5.38 kB
.svelte-kit/output/server/chunks/normalizedError.js                                                  1.86 kB │ map:   9.37 kB
.svelte-kit/output/server/chunks/appSettings.js                                                      1.88 kB │ map:   4.87 kB
.svelte-kit/output/server/chunks/utils2.js                                                           2.09 kB │ map:   6.65 kB
.svelte-kit/output/server/chunks/history.js                                                          2.72 kB │ map:   8.05 kB
.svelte-kit/output/server/chunks/IrcChat.js                                                          2.78 kB │ map:   7.98 kB
.svelte-kit/output/server/chunks/internal.js                                                         2.91 kB │ map:   6.51 kB
.svelte-kit/output/server/chunks/IllustrationSplitLayout.js                                          2.92 kB │ map:   8.31 kB
.svelte-kit/output/server/chunks/exports.js                                                          3.01 kB │ map:  12.50 kB
.svelte-kit/output/server/chunks/ResizeHandles.js                                                    3.06 kB │ map:  10.08 kB
.svelte-kit/output/server/chunks/InfoMessage.js                                                      3.20 kB │ map:   8.79 kB
.svelte-kit/output/server/chunks/userService.svelte.js                                               3.23 kB │ map:   8.54 kB
.svelte-kit/output/server/chunks/Modal.js                                                            3.34 kB │ map:  10.82 kB
.svelte-kit/output/server/chunks/helpers.js                                                          3.71 kB │ map:  13.18 kB
.svelte-kit/output/server/chunks/posthog.js                                                          4.04 kB │ map:   9.18 kB
.svelte-kit/output/server/chunks/uiState.svelte.js                                                   4.05 kB │ map:  22.82 kB
.svelte-kit/output/server/chunks/ReduxResult.js                                                      5.08 kB │ map:  24.04 kB
.svelte-kit/output/server/chunks/Markdown.js                                                         5.15 kB │ map:  13.13 kB
.svelte-kit/output/server/chunks/actionEndpoints.js                                                  5.21 kB │ map:  19.06 kB
.svelte-kit/output/server/chunks/SelectItem.js                                                       6.20 kB │ map:  23.25 kB
.svelte-kit/output/server/chunks/projectsService.js                                                  6.40 kB │ map:  27.19 kB
.svelte-kit/output/server/chunks/index2.js                                                           7.22 kB │ map:  31.53 kB
.svelte-kit/output/server/chunks/rulesService.svelte.js                                              7.70 kB │ map:  33.66 kB
.svelte-kit/output/server/chunks/Textbox.js                                                          7.86 kB │ map:  35.52 kB
.svelte-kit/output/server/remote-entry.js                                                            9.02 kB │ map:  50.68 kB
.svelte-kit/output/server/chunks/FilePreviewPlaceholder.js                                           9.67 kB │ map:  33.75 kB
.svelte-kit/output/server/chunks/stackEndpoints.js                                                  14.35 kB │ map:  59.60 kB
.svelte-kit/output/server/chunks/listingService.svelte.js                                           15.33 kB │ map:  57.74 kB
.svelte-kit/output/server/entries/pages/_projectId_/history/_page.svelte.js                         16.31 kB │ map:  46.31 kB
.svelte-kit/output/server/chunks/CreateBranchModal.js                                               16.53 kB │ map:  34.99 kB
.svelte-kit/output/server/entries/pages/onboarding/clone/_page.svelte.js                            18.11 kB │ map:  25.46 kB
.svelte-kit/output/server/chunks/context.js                                                         18.13 kB │ map: 210.06 kB
.svelte-kit/output/server/chunks/shared.js                                                          18.62 kB │ map:  95.67 kB
.svelte-kit/output/server/chunks/new-zen.js                                                         18.82 kB │ map:  20.87 kB
.svelte-kit/output/server/chunks/IrcChannel.js                                                      19.79 kB │ map:  85.42 kB
.svelte-kit/output/server/chunks/load-error.js                                                      20.57 kB │ map:  29.59 kB
.svelte-kit/output/server/entries/pages/onboarding/_page.svelte.js                                  21.30 kB │ map:  34.97 kB
.svelte-kit/output/server/chunks/root.js                                                            28.42 kB │ map: 217.36 kB
.svelte-kit/output/server/chunks/upstreamIntegrationServiceDeprecated.svelte.js                     29.10 kB │ map: 124.11 kB
.svelte-kit/output/server/chunks/imeHandling.js                                                     36.60 kB │ map: 132.94 kB
.svelte-kit/output/server/entries/pages/_layout.svelte.js                                           44.16 kB │ map: 200.86 kB
.svelte-kit/output/server/entries/pages/_projectId_/branches/_page.svelte.js                        55.38 kB │ map: 158.17 kB
.svelte-kit/output/server/index.js                                                                  59.14 kB │ map: 299.42 kB
.svelte-kit/output/server/chunks/uncommittedService.svelte.js                                       60.66 kB │ map: 266.72 kB
.svelte-kit/output/server/entries/pages/_projectId_/_layout.svelte.js                               61.58 kB │ map: 167.44 kB
.svelte-kit/output/server/chunks/SashLayer.js                                                       77.04 kB │ map: 264.50 kB
.svelte-kit/output/server/entries/pages/_projectId_/workspace/_page.svelte.js                      156.95 kB │ map: 538.23 kB
.svelte-kit/output/server/chunks/PrStatusBadge.js                                                  257.52 kB │ map: 919.40 kB
.svelte-kit/output/server/chunks/persisted.js                                                      410.68 kB │ map: 768.03 kB
.svelte-kit/output/server/chunks/VirtualList.js                                                    595.29 kB │ map:  57.91 kB
✓ built in 11.77s

Run npm run preview to preview your production build locally.

> Using @sveltejs/adapter-static
  Wrote site to "build"
  ✔ done
[sentry-vite-plugin] Warning: No auth token provided. Will not create release. Please set the `authToken` option. You can find information on how to generate a Sentry auth token here: https://docs.sentry.io/api/auth/
[sentry-vite-plugin] Warning: No auth token provided. Will not upload source maps. Please set the `authToken` option. You can find information on how to generate a Sentry auth token here: https://docs.sentry.io/api/auth/
