
> @gitbutler/desktop@0.0.0 test:ct:desktop /Users/justinrich/Projects/gitbutler/.kb-run-sprint/worktrees/MGMT-UI-008/apps/desktop
> playwright test -c playwright-ct.config.ts -- GroupsList


Running 8 tests using 8 workers

(node:83444) Warning: The 'NO_COLOR' env is ignored due to the 'FORCE_COLOR' env being set.
(Use `node --trace-warnings ...` to show where the warning was created)
(node:83448) Warning: The 'NO_COLOR' env is ignored due to the 'FORCE_COLOR' env being set.
(Use `node --trace-warnings ...` to show where the warning was created)
(node:83440) Warning: The 'NO_COLOR' env is ignored due to the 'FORCE_COLOR' env being set.
(Use `node --trace-warnings ...` to show where the warning was created)
(node:83450) Warning: The 'NO_COLOR' env is ignored due to the 'FORCE_COLOR' env being set.
(Use `node --trace-warnings ...` to show where the warning was created)
(node:83443) Warning: The 'NO_COLOR' env is ignored due to the 'FORCE_COLOR' env being set.
(Use `node --trace-warnings ...` to show where the warning was created)
(node:83447) Warning: The 'NO_COLOR' env is ignored due to the 'FORCE_COLOR' env being set.
(Use `node --trace-warnings ...` to show where the warning was created)
(node:83446) Warning: The 'NO_COLOR' env is ignored due to the 'FORCE_COLOR' env being set.
(Use `node --trace-warnings ...` to show where the warning was created)
(node:83449) Warning: The 'NO_COLOR' env is ignored due to the 'FORCE_COLOR' env being set.
(Use `node --trace-warnings ...` to show where the warning was created)
(node:83440) Warning: The 'NO_COLOR' env is ignored due to the 'FORCE_COLOR' env being set.
(Use `node --trace-warnings ...` to show where the warning was created)
(node:83444) Warning: The 'NO_COLOR' env is ignored due to the 'FORCE_COLOR' env being set.
(Use `node --trace-warnings ...` to show where the warning was created)
(node:83446) Warning: The 'NO_COLOR' env is ignored due to the 'FORCE_COLOR' env being set.
(Use `node --trace-warnings ...` to show where the warning was created)
(node:83443) Warning: The 'NO_COLOR' env is ignored due to the 'FORCE_COLOR' env being set.
(Use `node --trace-warnings ...` to show where the warning was created)
(node:83448) Warning: The 'NO_COLOR' env is ignored due to the 'FORCE_COLOR' env being set.
(Use `node --trace-warnings ...` to show where the warning was created)
(node:83449) Warning: The 'NO_COLOR' env is ignored due to the 'FORCE_COLOR' env being set.
(Use `node --trace-warnings ...` to show where the warning was created)
(node:83447) Warning: The 'NO_COLOR' env is ignored due to the 'FORCE_COLOR' env being set.
(Use `node --trace-warnings ...` to show where the warning was created)
(node:83450) Warning: The 'NO_COLOR' env is ignored due to the 'FORCE_COLOR' env being set.
(Use `node --trace-warnings ...` to show where the warning was created)
  ✘  2 [chromium] › tests/governance/GroupsList.spec.ts:264:1 › GroupsListRevokeToggle revokes an enabled grant immediately (0ms)
  ✘  3 [chromium] › tests/governance/GroupsList.spec.ts:180:1 › GroupsListEmpty renders empty state with create action (0ms)
  ✘  5 [chromium] › tests/governance/GroupsList.spec.ts:278:1 › GroupsListReadOnly disables mutating controls and fires zero SDK calls (0ms)
  ✘  4 [chromium] › tests/governance/GroupsList.spec.ts:210:1 › GroupsListRemoveMember removes a non-last member chip immediately (0ms)
  ✘  6 [chromium] › tests/governance/GroupsList.spec.ts:162:1 › GroupsListSDKCalls creates groups and grants permissions immediately (0ms)
  ✘  1 [chromium] › tests/governance/GroupsList.spec.ts:190:1 › GroupsListDeleteConfirm requires confirmation before delete (0ms)
  ✘  8 [chromium] › tests/governance/GroupsList.spec.ts:148:1 › GroupsListRows renders expandable groups with grants and members (0ms)
  ✘  7 [chromium] › tests/governance/GroupsList.spec.ts:229:1 › GroupsListLastMemberWarning can cancel last member removal for gate-referenced group (0ms)


  1) [chromium] › tests/governance/GroupsList.spec.ts:148:1 › GroupsListRows renders expandable groups with grants and members 

    Error: browserType.launch: Executable doesn't exist at /Users/justinrich/Library/Caches/ms-playwright/chromium_headless_shell-1208/chrome-headless-shell-mac-arm64/chrome-headless-shell
    ╔═════════════════════════════════════════════════════════════════════════╗
    ║ Looks like Playwright Test or Playwright was just installed or updated. ║
    ║ Please run the following command to download new browsers:              ║
    ║                                                                         ║
    ║     pnpm exec playwright install                                        ║
    ║                                                                         ║
    ║ <3 Playwright Team                                                      ║
    ╚═════════════════════════════════════════════════════════════════════════╝

  2) [chromium] › tests/governance/GroupsList.spec.ts:162:1 › GroupsListSDKCalls creates groups and grants permissions immediately 

    Error: browserType.launch: Executable doesn't exist at /Users/justinrich/Library/Caches/ms-playwright/chromium_headless_shell-1208/chrome-headless-shell-mac-arm64/chrome-headless-shell
    ╔═════════════════════════════════════════════════════════════════════════╗
    ║ Looks like Playwright Test or Playwright was just installed or updated. ║
    ║ Please run the following command to download new browsers:              ║
    ║                                                                         ║
    ║     pnpm exec playwright install                                        ║
    ║                                                                         ║
    ║ <3 Playwright Team                                                      ║
    ╚═════════════════════════════════════════════════════════════════════════╝

  3) [chromium] › tests/governance/GroupsList.spec.ts:180:1 › GroupsListEmpty renders empty state with create action 

    Error: browserType.launch: Executable doesn't exist at /Users/justinrich/Library/Caches/ms-playwright/chromium_headless_shell-1208/chrome-headless-shell-mac-arm64/chrome-headless-shell
    ╔═════════════════════════════════════════════════════════════════════════╗
    ║ Looks like Playwright Test or Playwright was just installed or updated. ║
    ║ Please run the following command to download new browsers:              ║
    ║                                                                         ║
    ║     pnpm exec playwright install                                        ║
    ║                                                                         ║
    ║ <3 Playwright Team                                                      ║
    ╚═════════════════════════════════════════════════════════════════════════╝

  4) [chromium] › tests/governance/GroupsList.spec.ts:190:1 › GroupsListDeleteConfirm requires confirmation before delete 

    Error: browserType.launch: Executable doesn't exist at /Users/justinrich/Library/Caches/ms-playwright/chromium_headless_shell-1208/chrome-headless-shell-mac-arm64/chrome-headless-shell
    ╔═════════════════════════════════════════════════════════════════════════╗
    ║ Looks like Playwright Test or Playwright was just installed or updated. ║
    ║ Please run the following command to download new browsers:              ║
    ║                                                                         ║
    ║     pnpm exec playwright install                                        ║
    ║                                                                         ║
    ║ <3 Playwright Team                                                      ║
    ╚═════════════════════════════════════════════════════════════════════════╝

  5) [chromium] › tests/governance/GroupsList.spec.ts:210:1 › GroupsListRemoveMember removes a non-last member chip immediately 

    Error: browserType.launch: Executable doesn't exist at /Users/justinrich/Library/Caches/ms-playwright/chromium_headless_shell-1208/chrome-headless-shell-mac-arm64/chrome-headless-shell
    ╔═════════════════════════════════════════════════════════════════════════╗
    ║ Looks like Playwright Test or Playwright was just installed or updated. ║
    ║ Please run the following command to download new browsers:              ║
    ║                                                                         ║
    ║     pnpm exec playwright install                                        ║
    ║                                                                         ║
    ║ <3 Playwright Team                                                      ║
    ╚═════════════════════════════════════════════════════════════════════════╝

  6) [chromium] › tests/governance/GroupsList.spec.ts:229:1 › GroupsListLastMemberWarning can cancel last member removal for gate-referenced group 

    Error: browserType.launch: Executable doesn't exist at /Users/justinrich/Library/Caches/ms-playwright/chromium_headless_shell-1208/chrome-headless-shell-mac-arm64/chrome-headless-shell
    ╔═════════════════════════════════════════════════════════════════════════╗
    ║ Looks like Playwright Test or Playwright was just installed or updated. ║
    ║ Please run the following command to download new browsers:              ║
    ║                                                                         ║
    ║     pnpm exec playwright install                                        ║
    ║                                                                         ║
    ║ <3 Playwright Team                                                      ║
    ╚═════════════════════════════════════════════════════════════════════════╝

  7) [chromium] › tests/governance/GroupsList.spec.ts:264:1 › GroupsListRevokeToggle revokes an enabled grant immediately 

    Error: browserType.launch: Executable doesn't exist at /Users/justinrich/Library/Caches/ms-playwright/chromium_headless_shell-1208/chrome-headless-shell-mac-arm64/chrome-headless-shell
    ╔═════════════════════════════════════════════════════════════════════════╗
    ║ Looks like Playwright Test or Playwright was just installed or updated. ║
    ║ Please run the following command to download new browsers:              ║
    ║                                                                         ║
    ║     pnpm exec playwright install                                        ║
    ║                                                                         ║
    ║ <3 Playwright Team                                                      ║
    ╚═════════════════════════════════════════════════════════════════════════╝

  8) [chromium] › tests/governance/GroupsList.spec.ts:278:1 › GroupsListReadOnly disables mutating controls and fires zero SDK calls 

    Error: browserType.launch: Executable doesn't exist at /Users/justinrich/Library/Caches/ms-playwright/chromium_headless_shell-1208/chrome-headless-shell-mac-arm64/chrome-headless-shell
    ╔═════════════════════════════════════════════════════════════════════════╗
    ║ Looks like Playwright Test or Playwright was just installed or updated. ║
    ║ Please run the following command to download new browsers:              ║
    ║                                                                         ║
    ║     pnpm exec playwright install                                        ║
    ║                                                                         ║
    ║ <3 Playwright Team                                                      ║
    ╚═════════════════════════════════════════════════════════════════════════╝

  8 failed
    [chromium] › tests/governance/GroupsList.spec.ts:148:1 › GroupsListRows renders expandable groups with grants and members 
    [chromium] › tests/governance/GroupsList.spec.ts:162:1 › GroupsListSDKCalls creates groups and grants permissions immediately 
    [chromium] › tests/governance/GroupsList.spec.ts:180:1 › GroupsListEmpty renders empty state with create action 
    [chromium] › tests/governance/GroupsList.spec.ts:190:1 › GroupsListDeleteConfirm requires confirmation before delete 
    [chromium] › tests/governance/GroupsList.spec.ts:210:1 › GroupsListRemoveMember removes a non-last member chip immediately 
    [chromium] › tests/governance/GroupsList.spec.ts:229:1 › GroupsListLastMemberWarning can cancel last member removal for gate-referenced group 
    [chromium] › tests/governance/GroupsList.spec.ts:264:1 › GroupsListRevokeToggle revokes an enabled grant immediately 
    [chromium] › tests/governance/GroupsList.spec.ts:278:1 › GroupsListReadOnly disables mutating controls and fires zero SDK calls 
/Users/justinrich/Projects/gitbutler/.kb-run-sprint/worktrees/MGMT-UI-008/apps/desktop:
 ERR_PNPM_RECURSIVE_RUN_FIRST_FAIL  @gitbutler/desktop@0.0.0 test:ct:desktop: `playwright test -c playwright-ct.config.ts -- GroupsList`
Exit status 1
