
> @gitbutler/desktop@0.0.0 test:ct:desktop /Users/justinrich/Projects/gitbutler/.kb-run-sprint/worktrees/MGMT-UI-008/apps/desktop
> playwright test -c playwright-ct.config.ts -- GovernanceSettingsTabs


Running 3 tests using 3 workers

Port 3101 is in use, trying another one...
(node:87351) Warning: The 'NO_COLOR' env is ignored due to the 'FORCE_COLOR' env being set.
(Use `node --trace-warnings ...` to show where the warning was created)
(node:87349) Warning: The 'NO_COLOR' env is ignored due to the 'FORCE_COLOR' env being set.
(Use `node --trace-warnings ...` to show where the warning was created)
(node:87350) Warning: The 'NO_COLOR' env is ignored due to the 'FORCE_COLOR' env being set.
(Use `node --trace-warnings ...` to show where the warning was created)
(node:87349) Warning: The 'NO_COLOR' env is ignored due to the 'FORCE_COLOR' env being set.
(Use `node --trace-warnings ...` to show where the warning was created)
(node:87351) Warning: The 'NO_COLOR' env is ignored due to the 'FORCE_COLOR' env being set.
(Use `node --trace-warnings ...` to show where the warning was created)
(node:87350) Warning: The 'NO_COLOR' env is ignored due to the 'FORCE_COLOR' env being set.
(Use `node --trace-warnings ...` to show where the warning was created)
  ✓  3 [chromium] › tests/governance/GovernanceSettingsTabs.spec.ts:15:1 › renders PrincipalsList in the principals tab (345ms)
  ✓  2 [chromium] › tests/governance/GovernanceSettingsTabs.spec.ts:4:1 › renders the four governance tabs (353ms)
  ✓  1 [chromium] › tests/governance/GovernanceSettingsTabs.spec.ts:38:1 › renders GroupsList in the groups tab (797ms)

  3 passed (4.0s)
