
> @gitbutler/desktop@0.0.0 build /Users/justinrich/Projects/gitbutler/.kb-run-sprint/worktrees/MGMT-UI-008/apps/desktop
> vite build

vite v6.4.3 building SSR bundle for production...
transforming...
"setupListeners" is imported from external module "@reduxjs/toolkit/query" but never used in "src/lib/state/clientState.svelte.ts".
✓ 2796 modules transformed.
rendering chunks...
vite v6.4.3 building for production...
transforming...
src/routes/[projectId]/history/+page.svelte (43:7): Error when using sourcemap for reporting an error: Can't resolve original location of error.
src/routes/[projectId]/history/+page.svelte (43:7): A comment

"/* @__PURE__ */"

in "src/routes/[projectId]/history/+page.svelte" contains an annotation that Rollup cannot interpret due to the position of the comment. The comment will be removed to avoid issues.
src/components/diff/MultiDiffView.svelte (30:7): Error when using sourcemap for reporting an error: Can't resolve original location of error.
src/components/diff/MultiDiffView.svelte (30:7): A comment

"/* @__PURE__ */"

in "src/components/diff/MultiDiffView.svelte" contains an annotation that Rollup cannot interpret due to the position of the comment. The comment will be removed to avoid issues.
src/components/diff/UnifiedDiffView.svelte (44:7): Error when using sourcemap for reporting an error: Can't resolve original location of error.
src/components/diff/UnifiedDiffView.svelte (44:7): A comment

"/* @__PURE__ */"

in "src/components/diff/UnifiedDiffView.svelte" contains an annotation that Rollup cannot interpret due to the position of the comment. The comment will be removed to avoid issues.
src/components/files/FileListItems.svelte (20:7): Error when using sourcemap for reporting an error: Can't resolve original location of error.
src/components/files/FileListItems.svelte (20:7): A comment

"/* @__PURE__ */"

in "src/components/files/FileListItems.svelte" contains an annotation that Rollup cannot interpret due to the position of the comment. The comment will be removed to avoid issues.
src/components/irc/IrcMessages.svelte (43:7): Error when using sourcemap for reporting an error: Can't resolve original location of error.
src/components/irc/IrcMessages.svelte (43:7): A comment

"/* @__PURE__ */"

in "src/components/irc/IrcMessages.svelte" contains an annotation that Rollup cannot interpret due to the position of the comment. The comment will be removed to avoid issues.
✓ 3381 modules transformed.
rendering chunks...
[plugin vite:reporter] 
(!) /Users/justinrich/Projects/gitbutler/node_modules/.pnpm/@tauri-apps+api@2.11.0/node_modules/@tauri-apps/api/path.js is dynamically imported by /Users/justinrich/Projects/gitbutler/.kb-run-sprint/worktrees/MGMT-UI-008/apps/desktop/src/lib/backend/tauri.ts but also statically imported by /Users/justinrich/Projects/gitbutler/.kb-run-sprint/worktrees/MGMT-UI-008/apps/desktop/src/lib/backend/tauri.ts, /Users/justinrich/Projects/gitbutler/node_modules/.pnpm/@tauri-apps+plugin-fs@2.5.1/node_modules/@tauri-apps/plugin-fs/dist-js/index.js, dynamic import will not move module into another chunk.

computing gzip size...
.svelte-kit/output/client/_app/version.json                                                            0.03 kB │ gzip:   0.05 kB
.svelte-kit/output/client/_app/immutable/assets/But-Head-Regular.bFy4jtSr.woff2                       19.55 kB
.svelte-kit/output/client/_app/immutable/assets/But-Head-Italic.s4OqgFoK.woff2                        22.18 kB
.svelte-kit/output/client/_app/immutable/assets/GeistMono-Regular.Cgn4a1uh.woff2                      42.42 kB
.svelte-kit/output/client/_app/immutable/assets/GeistMono-Medium.CBwEPH-2.woff2                       43.44 kB
.svelte-kit/output/client/_app/immutable/assets/GeistMono-Bold.BrvcC4FP.woff2                         43.87 kB
.svelte-kit/output/client/_app/immutable/assets/Inter-Regular.B0QUfDW0.woff2                         108.49 kB
.svelte-kit/output/client/_app/immutable/assets/Inter-Bold.CytjP_7U.woff2                            111.04 kB
.svelte-kit/output/client/_app/immutable/assets/Inter-Medium.B0NFony0.woff2                          111.38 kB
.svelte-kit/output/client/_app/immutable/assets/Inter-SemiBold._JLwM7Yv.woff2                        111.59 kB
.svelte-kit/output/client/_app/immutable/assets/Inter-Italic.B_ozvy2G.woff2                          114.58 kB
.svelte-kit/output/client/_app/immutable/assets/Inter-SemiBoldItalic.C4gNvuGw.woff2                  118.22 kB
.svelte-kit/output/client/_app/immutable/assets/Inter-MediumItalic.DOveuiCA.woff2                    118.39 kB
.svelte-kit/output/client/_app/immutable/assets/Inter-BoldItalic.B0T-BnK6.woff2                      118.39 kB
.svelte-kit/output/client/.vite/manifest.json                                                        187.84 kB │ gzip:  14.36 kB
.svelte-kit/output/client/_app/immutable/assets/FullviewLoading.DSNoXtfv.css                           0.10 kB │ gzip:   0.11 kB
.svelte-kit/output/client/_app/immutable/assets/RemoveProjectButton.DzzV68yj.css                       0.13 kB │ gzip:   0.12 kB
.svelte-kit/output/client/_app/immutable/assets/1.QhX0r2RZ.css                                         0.13 kB │ gzip:   0.12 kB
.svelte-kit/output/client/_app/immutable/assets/ReduxResult.BB8cfwQk.css                               0.21 kB │ gzip:   0.17 kB
.svelte-kit/output/client/_app/immutable/assets/SettingsSection.Bci2OKP_.css                           0.28 kB │ gzip:   0.15 kB
.svelte-kit/output/client/_app/immutable/assets/11.S8TyhDwp.css                                        0.29 kB │ gzip:   0.18 kB
.svelte-kit/output/client/_app/immutable/assets/load-error.ozPxGbqc.css                                0.47 kB │ gzip:   0.22 kB
.svelte-kit/output/client/_app/immutable/assets/actionEndpoints.BFQYMuJ_.css                           0.51 kB │ gzip:   0.25 kB
.svelte-kit/output/client/_app/immutable/assets/upstreamIntegrationServiceDeprecated.BdES_OGh.css      0.54 kB │ gzip:   0.23 kB
.svelte-kit/output/client/_app/immutable/assets/AnalyticsSettings.Bc93izB9.css                         0.59 kB │ gzip:   0.28 kB
.svelte-kit/output/client/_app/immutable/assets/FilePreviewPlaceholder.DvkFlKcA.css                    0.63 kB │ gzip:   0.35 kB
.svelte-kit/output/client/_app/immutable/assets/ResizeHandles.DycDlDOe.css                             0.75 kB │ gzip:   0.25 kB
.svelte-kit/output/client/_app/immutable/assets/IllustrationSplitLayout.CnSGlIjt.css                   0.97 kB │ gzip:   0.39 kB
.svelte-kit/output/client/_app/immutable/assets/ChangedFilesContextMenu.D8EPVT86.css                   1.17 kB │ gzip:   0.34 kB
.svelte-kit/output/client/_app/immutable/assets/IrcChat.HwrWylrY.css                                   1.53 kB │ gzip:   0.52 kB
.svelte-kit/output/client/_app/immutable/assets/6.NxTPQqof.css                                         1.71 kB │ gzip:   0.54 kB
.svelte-kit/output/client/_app/immutable/assets/CreateBranchModal.CtnpmEj5.css                         2.46 kB │ gzip:   0.72 kB
.svelte-kit/output/client/_app/immutable/assets/10.CwrHZ2vs.css                                        2.50 kB │ gzip:   0.76 kB
.svelte-kit/output/client/_app/immutable/assets/7.irGcj7L-.css                                         5.37 kB │ gzip:   1.19 kB
.svelte-kit/output/client/_app/immutable/assets/IrcChannel.C2Dqlo58.css                                7.53 kB │ gzip:   1.75 kB
.svelte-kit/output/client/_app/immutable/assets/SashLayer.BG1UC512.css                                 7.67 kB │ gzip:   1.75 kB
.svelte-kit/output/client/_app/immutable/assets/5.D_sJE3P9.css                                         7.74 kB │ gzip:   1.59 kB
.svelte-kit/output/client/_app/immutable/assets/2.DGnebLpR.css                                         9.30 kB │ gzip:   2.08 kB
.svelte-kit/output/client/_app/immutable/assets/PrStatusBadge.BYC6Dxom.css                            24.81 kB │ gzip:   4.73 kB
.svelte-kit/output/client/_app/immutable/assets/9.B8pTJDPh.css                                        33.20 kB │ gzip:   5.78 kB
.svelte-kit/output/client/_app/immutable/assets/0.BT3T_C39.css                                        58.67 kB │ gzip:  11.58 kB
.svelte-kit/output/client/_app/immutable/assets/projectsService.BW7cajEk.css                          96.22 kB │ gzip:  16.32 kB
.svelte-kit/output/client/_app/immutable/chunks/CbqX_jt2.js                                            0.53 kB │ gzip:   0.36 kB │ map:     0.64 kB
.svelte-kit/output/client/_app/immutable/entry/start.D1-No9Tl.js                                       0.54 kB │ gzip:   0.37 kB │ map:     0.10 kB
.svelte-kit/output/client/_app/immutable/chunks/Dq_etKfp.js                                            0.56 kB │ gzip:   0.36 kB │ map:     1.16 kB
.svelte-kit/output/client/_app/immutable/chunks/DnX78Ve9.js                                            0.68 kB │ gzip:   0.45 kB │ map:     0.74 kB
.svelte-kit/output/client/_app/immutable/chunks/DYQ0-Met.js                                            0.69 kB │ gzip:   0.42 kB │ map:     5.39 kB
.svelte-kit/output/client/_app/immutable/chunks/BAyiV8Dx.js                                            0.70 kB │ gzip:   0.47 kB │ map:     0.45 kB
.svelte-kit/output/client/_app/immutable/chunks/Bs2ctaOF.js                                            0.71 kB │ gzip:   0.47 kB │ map:     1.70 kB
.svelte-kit/output/client/_app/immutable/nodes/8.BZX9Pm-G.js                                           0.75 kB │ gzip:   0.47 kB │ map:     0.38 kB
.svelte-kit/output/client/_app/immutable/nodes/4.XWWioG4e.js                                           0.77 kB │ gzip:   0.49 kB │ map:     0.62 kB
.svelte-kit/output/client/_app/immutable/chunks/C6BIPu-L.js                                            0.94 kB │ gzip:   0.57 kB │ map:     1.95 kB
.svelte-kit/output/client/_app/immutable/chunks/-buIRgVg.js                                            0.96 kB │ gzip:   0.61 kB │ map:     1.00 kB
.svelte-kit/output/client/_app/immutable/chunks/DHJqAOFf.js                                            0.97 kB │ gzip:   0.59 kB │ map:     3.59 kB
.svelte-kit/output/client/_app/immutable/chunks/tebDTF_W.js                                            1.00 kB │ gzip:   0.58 kB │ map:     1.41 kB
.svelte-kit/output/client/_app/immutable/chunks/WF6RmNRw.js                                            1.03 kB │ gzip:   0.62 kB │ map:     2.77 kB
.svelte-kit/output/client/_app/immutable/chunks/B-vY-qHh.js                                            1.12 kB │ gzip:   0.61 kB │ map:     2.22 kB
.svelte-kit/output/client/_app/immutable/chunks/BaOPrIue.js                                            1.15 kB │ gzip:   0.68 kB │ map:     1.36 kB
.svelte-kit/output/client/_app/immutable/chunks/CAU_G7ix.js                                            1.16 kB │ gzip:   0.73 kB │ map:     1.25 kB
.svelte-kit/output/client/_app/immutable/chunks/DnLs0Nh-.js                                            1.19 kB │ gzip:   0.60 kB │ map:     1.71 kB
.svelte-kit/output/client/_app/immutable/chunks/Dt_iDsMD.js                                            1.25 kB │ gzip:   0.63 kB │ map:     2.80 kB
.svelte-kit/output/client/_app/immutable/nodes/3.CL1hiUvR.js                                           1.29 kB │ gzip:   0.73 kB │ map:     1.94 kB
.svelte-kit/output/client/_app/immutable/chunks/Ds9lm9pX.js                                            1.29 kB │ gzip:   0.71 kB │ map:     1.45 kB
.svelte-kit/output/client/_app/immutable/chunks/UO8ImAPW.js                                            1.32 kB │ gzip:   0.75 kB │ map:     2.67 kB
.svelte-kit/output/client/_app/immutable/chunks/BP8io_H4.js                                            1.34 kB │ gzip:   0.78 kB │ map:     4.86 kB
.svelte-kit/output/client/_app/immutable/chunks/DL1Vsx8K.js                                            1.42 kB │ gzip:   0.69 kB │ map:     1.71 kB
.svelte-kit/output/client/_app/immutable/chunks/8t1eqnOX.js                                            1.45 kB │ gzip:   0.71 kB │ map:     2.06 kB
.svelte-kit/output/client/_app/immutable/chunks/B2wX8fQH.js                                            1.55 kB │ gzip:   0.85 kB │ map:     4.07 kB
.svelte-kit/output/client/_app/immutable/chunks/BNxYRAMy.js                                            1.58 kB │ gzip:   0.84 kB │ map:     1.89 kB
.svelte-kit/output/client/_app/immutable/chunks/DkrEL3Vb.js                                            1.60 kB │ gzip:   0.62 kB │ map:     2.04 kB
.svelte-kit/output/client/_app/immutable/chunks/CE8KGq-l.js                                            1.62 kB │ gzip:   0.62 kB │ map:     2.86 kB
.svelte-kit/output/client/_app/immutable/chunks/BfyxxYRr.js                                            1.62 kB │ gzip:   0.72 kB │ map:     4.27 kB
.svelte-kit/output/client/_app/immutable/chunks/BSugA9Aa.js                                            1.68 kB │ gzip:   0.97 kB │ map:     4.41 kB
.svelte-kit/output/client/_app/immutable/chunks/EFjbO4Q8.js                                            1.68 kB │ gzip:   0.78 kB │ map:     2.06 kB
.svelte-kit/output/client/_app/immutable/chunks/DWH3dd18.js                                            1.81 kB │ gzip:   0.76 kB │ map:     2.22 kB
.svelte-kit/output/client/_app/immutable/nodes/1.CnVOWx34.js                                           1.87 kB │ gzip:   1.03 kB │ map:     2.84 kB
.svelte-kit/output/client/_app/immutable/chunks/CjjLLUro.js                                            1.87 kB │ gzip:   0.80 kB │ map:     2.38 kB
.svelte-kit/output/client/_app/immutable/chunks/DHxZ-i5F.js                                            1.88 kB │ gzip:   0.99 kB │ map:     3.88 kB
.svelte-kit/output/client/_app/immutable/chunks/BLRKLYJc.js                                            1.93 kB │ gzip:   1.08 kB │ map:     2.14 kB
.svelte-kit/output/client/_app/immutable/chunks/9QwokB51.js                                            1.98 kB │ gzip:   0.76 kB │ map:     2.51 kB
.svelte-kit/output/client/_app/immutable/chunks/CjJv58j6.js                                            2.06 kB │ gzip:   0.87 kB │ map:     4.91 kB
.svelte-kit/output/client/_app/immutable/chunks/C2GHN8C0.js                                            2.07 kB │ gzip:   1.07 kB │ map:     8.84 kB
.svelte-kit/output/client/_app/immutable/chunks/DULvUoCO.js                                            2.10 kB │ gzip:   0.95 kB │ map:     2.74 kB
.svelte-kit/output/client/_app/immutable/chunks/DfNtK4Jb.js                                            2.10 kB │ gzip:   1.05 kB │ map:     9.44 kB
.svelte-kit/output/client/_app/immutable/chunks/CQ0gN4D8.js                                            2.16 kB │ gzip:   1.14 kB │ map:    11.93 kB
.svelte-kit/output/client/_app/immutable/chunks/DxgT9_R2.js                                            2.19 kB │ gzip:   1.14 kB │ map:     2.51 kB
.svelte-kit/output/client/_app/immutable/chunks/pUDOEIjW.js                                            2.19 kB │ gzip:   0.86 kB │ map:     2.69 kB
.svelte-kit/output/client/_app/immutable/chunks/DtzuOQu8.js                                            2.29 kB │ gzip:   1.03 kB │ map:     3.09 kB
.svelte-kit/output/client/_app/immutable/chunks/1t5pJQxW.js                                            2.33 kB │ gzip:   1.23 kB │ map:     2.87 kB
.svelte-kit/output/client/_app/immutable/chunks/D-fk5gjW.js                                            2.58 kB │ gzip:   0.88 kB │ map:     3.33 kB
.svelte-kit/output/client/_app/immutable/chunks/BnX2HzBr.js                                            2.59 kB │ gzip:   1.25 kB │ map:     4.14 kB
.svelte-kit/output/client/_app/immutable/chunks/BZL5G1xk.js                                            2.61 kB │ gzip:   1.39 kB │ map:     3.51 kB
.svelte-kit/output/client/_app/immutable/chunks/CEuQX-9d.js                                            2.62 kB │ gzip:   1.19 kB │ map:    10.10 kB
.svelte-kit/output/client/_app/immutable/chunks/f2qviZrN.js                                            2.68 kB │ gzip:   1.10 kB │ map:     7.76 kB
.svelte-kit/output/client/_app/immutable/chunks/DbrMTQ_5.js                                            2.69 kB │ gzip:   0.89 kB │ map:     3.74 kB
.svelte-kit/output/client/_app/immutable/chunks/C-ZaReHW.js                                            2.72 kB │ gzip:   0.91 kB │ map:     3.59 kB
.svelte-kit/output/client/_app/immutable/chunks/p7wx6rKq.js                                            2.80 kB │ gzip:   0.95 kB │ map:     3.84 kB
.svelte-kit/output/client/_app/immutable/chunks/DrEIURhF.js                                            3.02 kB │ gzip:   0.96 kB │ map:     3.90 kB
.svelte-kit/output/client/_app/immutable/chunks/C1UvjYnp.js                                            3.03 kB │ gzip:   1.08 kB │ map:     4.03 kB
.svelte-kit/output/client/_app/immutable/chunks/Bokar5tb.js                                            3.10 kB │ gzip:   1.45 kB │ map:     3.73 kB
.svelte-kit/output/client/_app/immutable/chunks/DktlWFLm.js                                            3.25 kB │ gzip:   1.48 kB │ map:     8.22 kB
.svelte-kit/output/client/_app/immutable/chunks/D3sA525A.js                                            3.28 kB │ gzip:   1.05 kB │ map:     4.36 kB
.svelte-kit/output/client/_app/immutable/chunks/CCbZ_WDE.js                                            3.28 kB │ gzip:   1.27 kB │ map:     4.27 kB
.svelte-kit/output/client/_app/immutable/chunks/BeMowQdw.js                                            3.30 kB │ gzip:   1.16 kB │ map:     4.69 kB
.svelte-kit/output/client/_app/immutable/chunks/CnSJAh03.js                                            3.38 kB │ gzip:   1.06 kB │ map:     4.57 kB
.svelte-kit/output/client/_app/immutable/chunks/DvKWMgqK.js                                            3.46 kB │ gzip:   1.08 kB │ map:     5.17 kB
.svelte-kit/output/client/_app/immutable/chunks/CCHkiEjY.js                                            3.46 kB │ gzip:   1.06 kB │ map:     4.55 kB
.svelte-kit/output/client/_app/immutable/chunks/C-lRuCoP.js                                            3.56 kB │ gzip:   1.06 kB │ map:     4.65 kB
.svelte-kit/output/client/_app/immutable/chunks/CvstmELO.js                                            3.58 kB │ gzip:   1.75 kB │ map:     4.15 kB
.svelte-kit/output/client/_app/immutable/chunks/Bq2X8w8R.js                                            3.68 kB │ gzip:   1.34 kB │ map:    13.22 kB
.svelte-kit/output/client/_app/immutable/chunks/CUm9lRSW.js                                            3.69 kB │ gzip:   1.18 kB │ map:     5.42 kB
.svelte-kit/output/client/_app/immutable/chunks/BNLdYbSS.js                                            3.70 kB │ gzip:   1.51 kB │ map:     8.76 kB
.svelte-kit/output/client/_app/immutable/chunks/nSSbK4I0.js                                            3.71 kB │ gzip:   1.10 kB │ map:     4.99 kB
.svelte-kit/output/client/_app/immutable/chunks/Bbg_4oEt.js                                            3.71 kB │ gzip:   1.44 kB │ map:     5.01 kB
.svelte-kit/output/client/_app/immutable/chunks/BzcDOmRg.js                                            3.74 kB │ gzip:   1.11 kB │ map:     5.46 kB
.svelte-kit/output/client/_app/immutable/chunks/DjL_TP6A.js                                            3.79 kB │ gzip:   1.59 kB │ map:     9.17 kB
.svelte-kit/output/client/_app/immutable/chunks/CXcFK_8l.js                                            3.81 kB │ gzip:   1.47 kB │ map:     4.91 kB
.svelte-kit/output/client/_app/immutable/chunks/w1oqwIZk.js                                            3.82 kB │ gzip:   1.36 kB │ map:     4.92 kB
.svelte-kit/output/client/_app/immutable/chunks/_wOEU_j2.js                                            3.82 kB │ gzip:   1.45 kB │ map:     4.94 kB
.svelte-kit/output/client/_app/immutable/chunks/DExVHZvm.js                                            3.86 kB │ gzip:   1.80 kB │ map:     9.57 kB
.svelte-kit/output/client/_app/immutable/chunks/C2MyZD3-.js                                            3.89 kB │ gzip:   1.80 kB │ map:     4.48 kB
.svelte-kit/output/client/_app/immutable/chunks/CGm5OrLt.js                                            3.94 kB │ gzip:   1.34 kB │ map:     5.45 kB
.svelte-kit/output/client/_app/immutable/chunks/BEqApa5V.js                                            4.06 kB │ gzip:   1.16 kB │ map:     5.53 kB
.svelte-kit/output/client/_app/immutable/chunks/Cw9NW829.js                                            4.07 kB │ gzip:   1.87 kB │ map:     4.82 kB
.svelte-kit/output/client/_app/immutable/chunks/B3uy6hZ7.js                                            4.07 kB │ gzip:   1.31 kB │ map:     5.77 kB
.svelte-kit/output/client/_app/immutable/chunks/sEqZnat6.js                                            4.08 kB │ gzip:   1.30 kB │ map:     5.84 kB
.svelte-kit/output/client/_app/immutable/chunks/-f6P5Xaz.js                                            4.08 kB │ gzip:   1.67 kB │ map:     4.42 kB
.svelte-kit/output/client/_app/immutable/chunks/CSG2Tm9e.js                                            4.11 kB │ gzip:   1.88 kB │ map:    13.24 kB
.svelte-kit/output/client/_app/immutable/chunks/BKY4qr5Q.js                                            4.12 kB │ gzip:   1.38 kB │ map:     5.76 kB
.svelte-kit/output/client/_app/immutable/chunks/BIkK6bkF.js                                            4.15 kB │ gzip:   1.24 kB │ map:     5.83 kB
.svelte-kit/output/client/_app/immutable/chunks/PIwULf-j.js                                            4.36 kB │ gzip:   1.54 kB │ map:     6.09 kB
.svelte-kit/output/client/_app/immutable/chunks/-ffwUm6S.js                                            4.37 kB │ gzip:   1.24 kB │ map:     6.37 kB
.svelte-kit/output/client/_app/immutable/chunks/zkHPARNg.js                                            4.39 kB │ gzip:   1.71 kB │ map:     9.37 kB
.svelte-kit/output/client/_app/immutable/chunks/C_-9-ibg.js                                            4.45 kB │ gzip:   1.76 kB │ map:     5.32 kB
.svelte-kit/output/client/_app/immutable/chunks/D7Y2g_yM.js                                            4.60 kB │ gzip:   1.94 kB │ map:     5.87 kB
.svelte-kit/output/client/_app/immutable/chunks/Efkxluh6.js                                            4.83 kB │ gzip:   1.30 kB │ map:     6.73 kB
.svelte-kit/output/client/_app/immutable/chunks/yhCVLVoa.js                                            4.88 kB │ gzip:   1.78 kB │ map:     6.81 kB
.svelte-kit/output/client/_app/immutable/chunks/DmeYb7So.js                                            4.95 kB │ gzip:   1.42 kB │ map:     6.86 kB
.svelte-kit/output/client/_app/immutable/chunks/qye-VfyL.js                                            4.98 kB │ gzip:   1.32 kB │ map:     7.09 kB
.svelte-kit/output/client/_app/immutable/chunks/DnL8iVIp.js                                            5.12 kB │ gzip:   1.39 kB │ map:     7.30 kB
.svelte-kit/output/client/_app/immutable/chunks/RyVfntZ2.js                                            5.15 kB │ gzip:   2.29 kB │ map:     6.23 kB
.svelte-kit/output/client/_app/immutable/chunks/Dm6Jc6nP.js                                            5.22 kB │ gzip:   1.81 kB │ map:     6.75 kB
.svelte-kit/output/client/_app/immutable/chunks/B2G-a_da.js                                            5.22 kB │ gzip:   2.18 kB │ map:     6.95 kB
.svelte-kit/output/client/_app/immutable/chunks/DaEMzIJB.js                                            5.25 kB │ gzip:   1.10 kB │ map:     7.36 kB
.svelte-kit/output/client/_app/immutable/chunks/C1g1ilFf.js                                            5.50 kB │ gzip:   2.27 kB │ map:     7.01 kB
.svelte-kit/output/client/_app/immutable/chunks/B2AQSUSV.js                                            5.60 kB │ gzip:   1.66 kB │ map:     7.55 kB
.svelte-kit/output/client/_app/immutable/chunks/VtPdtPZZ.js                                            5.68 kB │ gzip:   2.36 kB │ map:    13.61 kB
.svelte-kit/output/client/_app/immutable/chunks/B4YGfd3i.js                                            5.72 kB │ gzip:   1.58 kB │ map:     7.78 kB
.svelte-kit/output/client/_app/immutable/chunks/CGmD6_7X.js                                            5.78 kB │ gzip:   1.64 kB │ map:     8.17 kB
.svelte-kit/output/client/_app/immutable/chunks/CMoMPZI0.js                                            5.79 kB │ gzip:   1.82 kB │ map:     7.92 kB
.svelte-kit/output/client/_app/immutable/chunks/CZTQK3VL.js                                            5.82 kB │ gzip:   2.51 kB │ map:     7.12 kB
.svelte-kit/output/client/_app/immutable/chunks/BUY8G-5G.js                                            5.83 kB │ gzip:   1.47 kB │ map:     7.88 kB
.svelte-kit/output/client/_app/immutable/chunks/VEb2P12C.js                                            5.83 kB │ gzip:   1.42 kB │ map:     7.96 kB
.svelte-kit/output/client/_app/immutable/chunks/CtE3wvgK.js                                            5.91 kB │ gzip:   1.64 kB │ map:     8.04 kB
.svelte-kit/output/client/_app/immutable/chunks/P1IwtBBS.js                                            5.98 kB │ gzip:   2.18 kB │ map:     7.56 kB
.svelte-kit/output/client/_app/immutable/chunks/CDjyQswt.js                                            6.07 kB │ gzip:   1.62 kB │ map:     8.56 kB
.svelte-kit/output/client/_app/immutable/chunks/CIz9QJAC.js                                            6.24 kB │ gzip:   2.18 kB │ map:     8.20 kB
.svelte-kit/output/client/_app/immutable/chunks/BlhUgrGu.js                                            6.35 kB │ gzip:   1.94 kB │ map:     8.71 kB
.svelte-kit/output/client/_app/immutable/chunks/k2EFvJTx.js                                            6.36 kB │ gzip:   1.78 kB │ map:     8.56 kB
.svelte-kit/output/client/_app/immutable/chunks/Bx4E4M00.js                                            6.37 kB │ gzip:   2.34 kB │ map:     7.73 kB
.svelte-kit/output/client/_app/immutable/chunks/CLPEkz0S.js                                            6.38 kB │ gzip:   2.16 kB │ map:     8.06 kB
.svelte-kit/output/client/_app/immutable/chunks/zAcQyLMl.js                                            6.41 kB │ gzip:   1.99 kB │ map:     8.48 kB
.svelte-kit/output/client/_app/immutable/chunks/CLIprdHi.js                                            6.55 kB │ gzip:   2.60 kB │ map:     8.09 kB
.svelte-kit/output/client/_app/immutable/chunks/-eGmtGJ9.js                                            6.68 kB │ gzip:   2.82 kB │ map:    10.87 kB
.svelte-kit/output/client/_app/immutable/chunks/Cwa8uidC.js                                            6.71 kB │ gzip:   1.86 kB │ map:     9.21 kB
.svelte-kit/output/client/_app/immutable/chunks/Chf1JZgJ.js                                            6.74 kB │ gzip:   1.97 kB │ map:     8.94 kB
.svelte-kit/output/client/_app/immutable/chunks/C0zg8mVQ.js                                            6.78 kB │ gzip:   1.99 kB │ map:     9.23 kB
.svelte-kit/output/client/_app/immutable/chunks/BZuXdDl7.js                                            6.78 kB │ gzip:   1.65 kB │ map:     9.31 kB
.svelte-kit/output/client/_app/immutable/chunks/DjmxRYwp.js                                            6.80 kB │ gzip:   2.56 kB │ map:    21.45 kB
.svelte-kit/output/client/_app/immutable/chunks/DRLBVnJf.js                                            6.81 kB │ gzip:   2.08 kB │ map:     9.60 kB
.svelte-kit/output/client/_app/immutable/chunks/DYyBF49d.js                                            6.87 kB │ gzip:   1.68 kB │ map:     9.62 kB
.svelte-kit/output/client/_app/immutable/chunks/Bw4l3Pa9.js                                            6.87 kB │ gzip:   2.18 kB │ map:     9.15 kB
.svelte-kit/output/client/_app/immutable/chunks/C2sd1dZu.js                                            6.88 kB │ gzip:   1.54 kB │ map:     9.82 kB
.svelte-kit/output/client/_app/immutable/chunks/D0pS_Cjj.js                                            6.93 kB │ gzip:   2.00 kB │ map:     9.26 kB
.svelte-kit/output/client/_app/immutable/chunks/Bp1mnjKD.js                                            6.99 kB │ gzip:   2.05 kB │ map:    10.46 kB
.svelte-kit/output/client/_app/immutable/chunks/CRnQ_9Ux.js                                            7.00 kB │ gzip:   1.68 kB │ map:    10.24 kB
.svelte-kit/output/client/_app/immutable/chunks/48Wm1PgC.js                                            7.04 kB │ gzip:   1.89 kB │ map:     9.29 kB
.svelte-kit/output/client/_app/immutable/chunks/C6OO4uyn.js                                            7.21 kB │ gzip:   1.76 kB │ map:    10.40 kB
.svelte-kit/output/client/_app/immutable/chunks/DOuFBKNs.js                                            7.30 kB │ gzip:   2.06 kB │ map:     9.72 kB
.svelte-kit/output/client/_app/immutable/chunks/DjzsFy9u.js                                            7.37 kB │ gzip:   2.25 kB │ map:     9.93 kB
.svelte-kit/output/client/_app/immutable/chunks/I16IROQu.js                                            7.37 kB │ gzip:   1.89 kB │ map:    10.75 kB
.svelte-kit/output/client/_app/immutable/chunks/DDYqukCY.js                                            7.42 kB │ gzip:   2.15 kB │ map:     9.86 kB
.svelte-kit/output/client/_app/immutable/chunks/D1c6s0-_.js                                            7.62 kB │ gzip:   2.32 kB │ map:    10.12 kB
.svelte-kit/output/client/_app/immutable/chunks/D0yR2QWT.js                                            7.72 kB │ gzip:   2.45 kB │ map:     9.29 kB
.svelte-kit/output/client/_app/immutable/chunks/DiCuXf0n.js                                            7.92 kB │ gzip:   2.84 kB │ map:     9.45 kB
.svelte-kit/output/client/_app/immutable/chunks/C0-P3hxt.js                                            8.32 kB │ gzip:   2.81 kB │ map:    10.97 kB
.svelte-kit/output/client/_app/immutable/chunks/DVOACOjI.js                                            8.34 kB │ gzip:   2.17 kB │ map:    11.13 kB
.svelte-kit/output/client/_app/immutable/chunks/CaXf0ieD.js                                            8.44 kB │ gzip:   1.68 kB │ map:    11.52 kB
.svelte-kit/output/client/_app/immutable/chunks/DRvNsnQ9.js                                            8.70 kB │ gzip:   2.07 kB │ map:    12.41 kB
.svelte-kit/output/client/_app/immutable/chunks/uyBADcyO.js                                            8.84 kB │ gzip:   1.94 kB │ map:    12.64 kB
.svelte-kit/output/client/_app/immutable/chunks/CvJY6Ox5.js                                            8.91 kB │ gzip:   1.94 kB │ map:    12.02 kB
.svelte-kit/output/client/_app/immutable/chunks/BfLA9vEs.js                                            8.96 kB │ gzip:   3.28 kB │ map:    11.23 kB
.svelte-kit/output/client/_app/immutable/chunks/F4cM0SuO.js                                            9.08 kB │ gzip:   2.27 kB │ map:    12.99 kB
.svelte-kit/output/client/_app/immutable/entry/app.DX70bKUn.js                                         9.17 kB │ gzip:   3.64 kB │ map:    10.25 kB
.svelte-kit/output/client/_app/immutable/chunks/Bf1EuQsJ.js                                            9.23 kB │ gzip:   2.22 kB │ map:    12.11 kB
.svelte-kit/output/client/_app/immutable/chunks/bRQ-O-a5.js                                            9.24 kB │ gzip:   2.40 kB │ map:    13.11 kB
.svelte-kit/output/client/_app/immutable/chunks/I1zxxrOq.js                                            9.24 kB │ gzip:   2.23 kB │ map:    12.15 kB
.svelte-kit/output/client/_app/immutable/chunks/Clg53BPh.js                                            9.41 kB │ gzip:   2.03 kB │ map:    13.20 kB
.svelte-kit/output/client/_app/immutable/chunks/DXbk33QE.js                                            9.47 kB │ gzip:   2.62 kB │ map:    11.99 kB
.svelte-kit/output/client/_app/immutable/chunks/Bra4MvoM.js                                            9.51 kB │ gzip:   4.08 kB │ map:    11.14 kB
.svelte-kit/output/client/_app/immutable/chunks/TC7511G9.js                                            9.55 kB │ gzip:   2.37 kB │ map:    12.75 kB
.svelte-kit/output/client/_app/immutable/chunks/BlTBAm5N.js                                            9.57 kB │ gzip:   2.24 kB │ map:    12.84 kB
.svelte-kit/output/client/_app/immutable/chunks/CHZ6K-2g.js                                            9.74 kB │ gzip:   2.77 kB │ map:    13.75 kB
.svelte-kit/output/client/_app/immutable/chunks/BBUQRqJw.js                                            9.75 kB │ gzip:   2.25 kB │ map:    12.52 kB
.svelte-kit/output/client/_app/immutable/chunks/DPTO6B-I.js                                            9.88 kB │ gzip:   2.36 kB │ map:    13.44 kB
.svelte-kit/output/client/_app/immutable/chunks/B-Xw433Y.js                                           10.12 kB │ gzip:   3.33 kB │ map:    12.45 kB
.svelte-kit/output/client/_app/immutable/chunks/DsizTWFF.js                                           10.13 kB │ gzip:   2.13 kB │ map:    14.14 kB
.svelte-kit/output/client/_app/immutable/chunks/BvPkJM6L.js                                           10.31 kB │ gzip:   3.66 kB │ map:    11.62 kB
.svelte-kit/output/client/_app/immutable/chunks/BaRJV5zs.js                                           10.39 kB │ gzip:   2.54 kB │ map:    13.74 kB
.svelte-kit/output/client/_app/immutable/chunks/01rSJ9Oa.js                                           10.51 kB │ gzip:   2.20 kB │ map:    14.84 kB
.svelte-kit/output/client/_app/immutable/chunks/CSlMrfWo.js                                           10.67 kB │ gzip:   4.26 kB │ map:    44.83 kB
.svelte-kit/output/client/_app/immutable/chunks/BcBMhkhN.js                                           10.68 kB │ gzip:   2.47 kB │ map:    15.60 kB
.svelte-kit/output/client/_app/immutable/chunks/CfMeSNOh.js                                           10.82 kB │ gzip:   1.64 kB │ map:    15.52 kB
.svelte-kit/output/client/_app/immutable/chunks/Bw1Defov.js                                           10.83 kB │ gzip:   1.70 kB │ map:    15.08 kB
.svelte-kit/output/client/_app/immutable/chunks/C4y7G1zI.js                                           10.89 kB │ gzip:   2.41 kB │ map:    15.29 kB
.svelte-kit/output/client/_app/immutable/chunks/Ba2fYsGD.js                                           10.92 kB │ gzip:   2.51 kB │ map:    15.16 kB
.svelte-kit/output/client/_app/immutable/chunks/j4SK4Tb4.js                                           10.92 kB │ gzip:   3.21 kB │ map:    13.25 kB
.svelte-kit/output/client/_app/immutable/chunks/B8GfMbc6.js                                           10.96 kB │ gzip:   2.54 kB │ map:    14.94 kB
.svelte-kit/output/client/_app/immutable/nodes/6.CX-Honyh.js                                          11.01 kB │ gzip:   4.33 kB │ map:    27.31 kB
.svelte-kit/output/client/_app/immutable/chunks/xHsNcazR.js                                           11.16 kB │ gzip:   2.83 kB │ map:    15.28 kB
.svelte-kit/output/client/_app/immutable/chunks/CeesiyKk.js                                           11.39 kB │ gzip:   2.36 kB │ map:    16.07 kB
.svelte-kit/output/client/_app/immutable/chunks/DOgU-lX1.js                                           11.64 kB │ gzip:   2.77 kB │ map:    15.74 kB
.svelte-kit/output/client/_app/immutable/chunks/iUzjWnW6.js                                           11.81 kB │ gzip:   4.12 kB │ map:    13.35 kB
.svelte-kit/output/client/_app/immutable/chunks/C3OQqvHo.js                                           11.84 kB │ gzip:   2.78 kB │ map:    16.26 kB
.svelte-kit/output/client/_app/immutable/chunks/g_nc2azM.js                                           11.86 kB │ gzip:   2.82 kB │ map:    16.01 kB
.svelte-kit/output/client/_app/immutable/chunks/DnP4dBAE.js                                           11.89 kB │ gzip:   2.38 kB │ map:    16.36 kB
.svelte-kit/output/client/_app/immutable/chunks/CC63CO3h.js                                           11.95 kB │ gzip:   2.85 kB │ map:    15.03 kB
.svelte-kit/output/client/_app/immutable/chunks/Cxb8u7eR.js                                           12.16 kB │ gzip:   4.94 kB │ map:    41.69 kB
.svelte-kit/output/client/_app/immutable/chunks/DuPQ4-IN.js                                           12.40 kB │ gzip:   5.35 kB │ map:    13.47 kB
.svelte-kit/output/client/_app/immutable/chunks/DEw8WwEQ.js                                           12.46 kB │ gzip:   2.45 kB │ map:    16.89 kB
.svelte-kit/output/client/_app/immutable/chunks/w6eXTELN.js                                           12.51 kB │ gzip:   1.91 kB │ map:    17.33 kB
.svelte-kit/output/client/_app/immutable/chunks/LYIIWNfq.js                                           12.58 kB │ gzip:   2.62 kB │ map:    17.41 kB
.svelte-kit/output/client/_app/immutable/chunks/B6fhn6vq.js                                           12.91 kB │ gzip:   4.00 kB │ map:    16.29 kB
.svelte-kit/output/client/_app/immutable/chunks/j3bz2uGQ.js                                           13.14 kB │ gzip:   2.24 kB │ map:    16.51 kB
.svelte-kit/output/client/_app/immutable/chunks/BcZQSnLL.js                                           13.34 kB │ gzip:   3.50 kB │ map:    17.44 kB
.svelte-kit/output/client/_app/immutable/chunks/BUkVHH6j.js                                           13.49 kB │ gzip:   2.00 kB │ map:    17.20 kB
.svelte-kit/output/client/_app/immutable/chunks/CNR-4hUC.js                                           13.67 kB │ gzip:   3.01 kB │ map:    19.60 kB
.svelte-kit/output/client/_app/immutable/chunks/D5Cjc_a4.js                                           14.07 kB │ gzip:   3.30 kB │ map:    18.87 kB
.svelte-kit/output/client/_app/immutable/chunks/BVkkFjV0.js                                           14.11 kB │ gzip:   2.55 kB │ map:    17.91 kB
.svelte-kit/output/client/_app/immutable/chunks/Iezhdijz.js                                           14.13 kB │ gzip:   3.33 kB │ map:    18.96 kB
.svelte-kit/output/client/_app/immutable/chunks/XqXJ6Zku.js                                           14.21 kB │ gzip:   3.33 kB │ map:    19.04 kB
.svelte-kit/output/client/_app/immutable/chunks/DdMoyHzv.js                                           14.27 kB │ gzip:   2.84 kB │ map:    20.54 kB
.svelte-kit/output/client/_app/immutable/chunks/DPOPAONz.js                                           14.42 kB │ gzip:   3.45 kB │ map:    19.97 kB
.svelte-kit/output/client/_app/immutable/chunks/CYt-J7eb.js                                           14.49 kB │ gzip:   3.13 kB │ map:    19.13 kB
.svelte-kit/output/client/_app/immutable/chunks/DmYEatH3.js                                           14.61 kB │ gzip:   3.31 kB │ map:    19.60 kB
.svelte-kit/output/client/_app/immutable/chunks/DgIBQAEr.js                                           14.73 kB │ gzip:   2.73 kB │ map:    20.28 kB
.svelte-kit/output/client/_app/immutable/chunks/Dpm6xe8S.js                                           14.73 kB │ gzip:   3.29 kB │ map:    19.48 kB
.svelte-kit/output/client/_app/immutable/chunks/-cZo-sPj.js                                           14.89 kB │ gzip:   3.39 kB │ map:    19.68 kB
.svelte-kit/output/client/_app/immutable/chunks/XTuWAXdc.js                                           14.89 kB │ gzip:   3.40 kB │ map:    19.68 kB
.svelte-kit/output/client/_app/immutable/chunks/DsYg04Em.js                                           15.05 kB │ gzip:   3.36 kB │ map:    19.91 kB
.svelte-kit/output/client/_app/immutable/chunks/BDTDbqKi.js                                           15.22 kB │ gzip:   6.08 kB │ map:    39.61 kB
.svelte-kit/output/client/_app/immutable/chunks/Cab1Vn1t.js                                           15.24 kB │ gzip:   3.53 kB │ map:    21.17 kB
.svelte-kit/output/client/_app/immutable/chunks/DHtBA0G_.js                                           15.24 kB │ gzip:   4.29 kB │ map:    29.49 kB
.svelte-kit/output/client/_app/immutable/chunks/BTtfM9ed.js                                           15.52 kB │ gzip:   2.98 kB │ map:    21.80 kB
.svelte-kit/output/client/_app/immutable/chunks/CdFRPM4m.js                                           15.63 kB │ gzip:   4.20 kB │ map:    19.67 kB
.svelte-kit/output/client/_app/immutable/chunks/D6PpGct-.js                                           15.66 kB │ gzip:   2.93 kB │ map:    21.79 kB
.svelte-kit/output/client/_app/immutable/chunks/DL5IBl1D.js                                           15.96 kB │ gzip:   2.76 kB │ map:    23.24 kB
.svelte-kit/output/client/_app/immutable/chunks/DeUwh2zX.js                                           15.99 kB │ gzip:   3.43 kB │ map:    22.16 kB
.svelte-kit/output/client/_app/immutable/chunks/DxbJZKTA.js                                           16.30 kB │ gzip:   6.17 kB │ map:    18.89 kB
.svelte-kit/output/client/_app/immutable/chunks/D43j8dv-.js                                           16.53 kB │ gzip:   3.38 kB │ map:    23.79 kB
.svelte-kit/output/client/_app/immutable/chunks/WLNsHsT6.js                                           16.54 kB │ gzip:   3.33 kB │ map:    23.70 kB
.svelte-kit/output/client/_app/immutable/chunks/BmkxcgP-.js                                           16.66 kB │ gzip:   2.32 kB │ map:    24.14 kB
.svelte-kit/output/client/_app/immutable/chunks/DV-DV32I.js                                           16.71 kB │ gzip:   3.02 kB │ map:    23.18 kB
.svelte-kit/output/client/_app/immutable/nodes/10.bjggW2Tv.js                                         16.73 kB │ gzip:   6.33 kB │ map:    27.71 kB
.svelte-kit/output/client/_app/immutable/chunks/C9i-_dJn.js                                           16.93 kB │ gzip:   2.28 kB │ map:    24.67 kB
.svelte-kit/output/client/_app/immutable/chunks/dH5HiNn1.js                                           16.97 kB │ gzip:   3.20 kB │ map:    24.13 kB
.svelte-kit/output/client/_app/immutable/chunks/DRix8Juv.js                                           17.58 kB │ gzip:   3.20 kB │ map:    22.31 kB
.svelte-kit/output/client/_app/immutable/chunks/JMqXJgGe.js                                           17.58 kB │ gzip:   3.20 kB │ map:    22.31 kB
.svelte-kit/output/client/_app/immutable/chunks/CptIAwf8.js                                           17.58 kB │ gzip:   3.22 kB │ map:    22.32 kB
.svelte-kit/output/client/_app/immutable/nodes/11.JQAzGNfV.js                                         17.76 kB │ gzip:   6.83 kB │ map:    24.95 kB
.svelte-kit/output/client/_app/immutable/chunks/C-ZtEXi-.js                                           17.96 kB │ gzip:   3.34 kB │ map:    26.60 kB
.svelte-kit/output/client/_app/immutable/chunks/DaiCXQ8A.js                                           18.42 kB │ gzip:   2.78 kB │ map:    25.50 kB
.svelte-kit/output/client/_app/immutable/chunks/DENL9Anj.js                                           18.52 kB │ gzip:   3.42 kB │ map:    25.26 kB
.svelte-kit/output/client/_app/immutable/chunks/IgfAXVjh.js                                           18.66 kB │ gzip:   3.39 kB │ map:    25.77 kB
.svelte-kit/output/client/_app/immutable/chunks/C1_44QcT.js                                           18.82 kB │ gzip:   6.02 kB │ map:    20.88 kB
.svelte-kit/output/client/_app/immutable/chunks/OezauW9r.js                                           19.07 kB │ gzip:   3.38 kB │ map:    24.15 kB
.svelte-kit/output/client/_app/immutable/chunks/Cu02M8zZ.js                                           19.08 kB │ gzip:   3.38 kB │ map:    24.18 kB
.svelte-kit/output/client/_app/immutable/chunks/Cx2Z_Lj-.js                                           19.08 kB │ gzip:   3.41 kB │ map:    24.18 kB
.svelte-kit/output/client/_app/immutable/chunks/Clxqlm0r.js                                           19.09 kB │ gzip:   3.38 kB │ map:    24.19 kB
.svelte-kit/output/client/_app/immutable/chunks/CaCJXfI_.js                                           19.09 kB │ gzip:   3.40 kB │ map:    24.20 kB
.svelte-kit/output/client/_app/immutable/chunks/CbfxeYxr.js                                           19.44 kB │ gzip:   4.01 kB │ map:    26.59 kB
.svelte-kit/output/client/_app/immutable/chunks/DvoKoJmp.js                                           19.63 kB │ gzip:   3.88 kB │ map:    27.85 kB
.svelte-kit/output/client/_app/immutable/chunks/c2RpgWAP.js                                           19.97 kB │ gzip:   6.89 kB │ map:    23.12 kB
.svelte-kit/output/client/_app/immutable/chunks/BjXCLNVJ.js                                           20.11 kB │ gzip:   7.56 kB │ map:    28.15 kB
.svelte-kit/output/client/_app/immutable/chunks/BskyM_TB.js                                           20.49 kB │ gzip:   3.20 kB │ map:    28.63 kB
.svelte-kit/output/client/_app/immutable/chunks/DkHFryCy.js                                           20.49 kB │ gzip:   3.19 kB │ map:    28.63 kB
.svelte-kit/output/client/_app/immutable/chunks/B062I0o1.js                                           20.53 kB │ gzip:   4.22 kB │ map:    27.37 kB
.svelte-kit/output/client/_app/immutable/chunks/N3HkFrbF.js                                           20.54 kB │ gzip:   4.21 kB │ map:    27.38 kB
.svelte-kit/output/client/_app/immutable/chunks/BHUYdMEp.js                                           20.60 kB │ gzip:   4.33 kB │ map:    26.92 kB
.svelte-kit/output/client/_app/immutable/chunks/D8c1xx6F.js                                           20.60 kB │ gzip:   4.21 kB │ map:    27.45 kB
.svelte-kit/output/client/_app/immutable/chunks/BSBWUBBg.js                                           20.82 kB │ gzip:   7.01 kB │ map:    23.55 kB
.svelte-kit/output/client/_app/immutable/chunks/BJMEJQ8T.js                                           20.87 kB │ gzip:   5.51 kB │ map:    27.70 kB
.svelte-kit/output/client/_app/immutable/nodes/7.CBCKYCO-.js                                          21.04 kB │ gzip:   7.67 kB │ map:    55.23 kB
.svelte-kit/output/client/_app/immutable/chunks/BvezMXuJ.js                                           21.23 kB │ gzip:   4.10 kB │ map:    28.33 kB
.svelte-kit/output/client/_app/immutable/chunks/64z-wgPV.js                                           21.31 kB │ gzip:   3.90 kB │ map:    29.26 kB
.svelte-kit/output/client/_app/immutable/chunks/BusPjbDA.js                                           21.52 kB │ gzip:   4.28 kB │ map:    27.82 kB
.svelte-kit/output/client/_app/immutable/chunks/CRwy_ml9.js                                           21.53 kB │ gzip:   4.31 kB │ map:    27.85 kB
.svelte-kit/output/client/_app/immutable/chunks/s0HRqr6f.js                                           21.92 kB │ gzip:   3.16 kB │ map:    30.15 kB
.svelte-kit/output/client/_app/immutable/chunks/qMqaWtpJ.js                                           22.20 kB │ gzip:   4.16 kB │ map:    29.09 kB
.svelte-kit/output/client/_app/immutable/chunks/DOWCa8ht.js                                           22.21 kB │ gzip:   4.17 kB │ map:    29.12 kB
.svelte-kit/output/client/_app/immutable/chunks/B6wGTmJR.js                                           22.21 kB │ gzip:   4.17 kB │ map:    29.12 kB
.svelte-kit/output/client/_app/immutable/chunks/DNj-hIqY.js                                           22.85 kB │ gzip:   3.39 kB │ map:    32.79 kB
.svelte-kit/output/client/_app/immutable/chunks/Cs3R66OL.js                                           23.02 kB │ gzip:   4.59 kB │ map:    32.50 kB
.svelte-kit/output/client/_app/immutable/chunks/DJrxpNuU.js                                           23.03 kB │ gzip:   6.34 kB │ map:    27.02 kB
.svelte-kit/output/client/_app/immutable/chunks/DURT3swP.js                                           23.09 kB │ gzip:   4.45 kB │ map:    30.89 kB
.svelte-kit/output/client/_app/immutable/chunks/C6nzZ_Gz.js                                           23.09 kB │ gzip:   4.45 kB │ map:    30.89 kB
.svelte-kit/output/client/_app/immutable/chunks/BMpqWyml.js                                           23.09 kB │ gzip:   4.46 kB │ map:    30.89 kB
.svelte-kit/output/client/_app/immutable/chunks/CqhsoI2X.js                                           23.09 kB │ gzip:   4.46 kB │ map:    30.89 kB
.svelte-kit/output/client/_app/immutable/chunks/Br2YF70n.js                                           23.09 kB │ gzip:   4.45 kB │ map:    30.90 kB
.svelte-kit/output/client/_app/immutable/chunks/Ch1hVl7O.js                                           23.09 kB │ gzip:   4.46 kB │ map:    30.90 kB
.svelte-kit/output/client/_app/immutable/chunks/Nh8tH5t3.js                                           23.40 kB │ gzip:   4.92 kB │ map:    31.10 kB
.svelte-kit/output/client/_app/immutable/chunks/LxDpUt5a.js                                           23.86 kB │ gzip:   7.69 kB │ map:    28.25 kB
.svelte-kit/output/client/_app/immutable/chunks/DhR2f9Nv.js                                           24.12 kB │ gzip:   3.93 kB │ map:    33.63 kB
.svelte-kit/output/client/_app/immutable/chunks/DnQofa2S.js                                           24.42 kB │ gzip:   7.81 kB │ map:    29.18 kB
.svelte-kit/output/client/_app/immutable/chunks/BOzTzzMa.js                                           24.44 kB │ gzip:   4.45 kB │ map:    33.37 kB
.svelte-kit/output/client/_app/immutable/chunks/C7CAou1l.js                                           24.50 kB │ gzip:   5.67 kB │ map:    30.93 kB
.svelte-kit/output/client/_app/immutable/chunks/ON0UdchE.js                                           24.72 kB │ gzip:   4.15 kB │ map:    33.42 kB
.svelte-kit/output/client/_app/immutable/chunks/9bJm0kQq.js                                           24.73 kB │ gzip:   4.28 kB │ map:    35.67 kB
.svelte-kit/output/client/_app/immutable/chunks/BRUctLrq.js                                           24.88 kB │ gzip:   3.22 kB │ map:    36.83 kB
.svelte-kit/output/client/_app/immutable/chunks/WrExhAsO.js                                           25.14 kB │ gzip:   3.52 kB │ map:    35.22 kB
.svelte-kit/output/client/_app/immutable/chunks/6xFPq6Dk.js                                           25.50 kB │ gzip:   2.91 kB │ map:    34.73 kB
.svelte-kit/output/client/_app/immutable/chunks/Cqp7Ud2-.js                                           25.75 kB │ gzip:   4.40 kB │ map:    35.90 kB
.svelte-kit/output/client/_app/immutable/chunks/XverIBrO.js                                           25.75 kB │ gzip:   3.95 kB │ map:    33.83 kB
.svelte-kit/output/client/_app/immutable/chunks/CWr8FABl.js                                           25.91 kB │ gzip:   3.85 kB │ map:    35.87 kB
.svelte-kit/output/client/_app/immutable/chunks/D3UhEmG6.js                                           26.08 kB │ gzip:   4.14 kB │ map:    37.51 kB
.svelte-kit/output/client/_app/immutable/chunks/B0FSKNpx.js                                           26.35 kB │ gzip:   4.53 kB │ map:    35.18 kB
.svelte-kit/output/client/_app/immutable/chunks/Bz8_R-8B.js                                           26.38 kB │ gzip:  10.06 kB │ map:    94.20 kB
.svelte-kit/output/client/_app/immutable/chunks/DykTJZXN.js                                           26.66 kB │ gzip:   5.13 kB │ map:    36.60 kB
.svelte-kit/output/client/_app/immutable/chunks/BOPQvRAL.js                                           27.18 kB │ gzip:   4.68 kB │ map:    35.67 kB
.svelte-kit/output/client/_app/immutable/chunks/BczJji5Y.js                                           27.34 kB │ gzip:   4.08 kB │ map:    36.35 kB
.svelte-kit/output/client/_app/immutable/chunks/MP2pFWux.js                                           27.65 kB │ gzip:   4.47 kB │ map:    38.37 kB
.svelte-kit/output/client/_app/immutable/chunks/BHIiWsPZ.js                                           27.67 kB │ gzip:   4.55 kB │ map:    38.97 kB
.svelte-kit/output/client/_app/immutable/chunks/vMfi5Rij.js                                           27.86 kB │ gzip:   6.61 kB │ map:    36.11 kB
.svelte-kit/output/client/_app/immutable/chunks/60NzM3Kp.js                                           27.89 kB │ gzip:   3.80 kB │ map:    38.34 kB
.svelte-kit/output/client/_app/immutable/chunks/BH8d0H8Z.js                                           29.34 kB │ gzip:   4.21 kB │ map:    40.46 kB
.svelte-kit/output/client/_app/immutable/chunks/G_aF_Kq5.js                                           29.37 kB │ gzip:   5.43 kB │ map:    39.08 kB
.svelte-kit/output/client/_app/immutable/chunks/DO9sT929.js                                           29.80 kB │ gzip:   4.69 kB │ map:    41.21 kB
.svelte-kit/output/client/_app/immutable/chunks/Dkc5Pnva.js                                           29.96 kB │ gzip:   3.93 kB │ map:    44.45 kB
.svelte-kit/output/client/_app/immutable/chunks/B-CoVWvS.js                                           30.00 kB │ gzip:  11.66 kB │ map:   197.84 kB
.svelte-kit/output/client/_app/immutable/chunks/CGdnkrbT.js                                           30.02 kB │ gzip:   6.21 kB │ map:    39.68 kB
.svelte-kit/output/client/_app/immutable/chunks/CXXzE3R3.js                                           31.41 kB │ gzip:   4.55 kB │ map:    40.58 kB
.svelte-kit/output/client/_app/immutable/chunks/Be6nXt8y.js                                           31.53 kB │ gzip:   8.27 kB │ map:    38.92 kB
.svelte-kit/output/client/_app/immutable/chunks/CZOrqdL7.js                                           33.95 kB │ gzip:   5.78 kB │ map:    43.09 kB
.svelte-kit/output/client/_app/immutable/chunks/DoJ-se2I.js                                           34.24 kB │ gzip:   5.79 kB │ map:    44.52 kB
.svelte-kit/output/client/_app/immutable/chunks/B1xo6Dvu.js                                           34.31 kB │ gzip:   8.63 kB │ map:    37.64 kB
.svelte-kit/output/client/_app/immutable/chunks/DgPI88os.js                                           35.62 kB │ gzip:   6.18 kB │ map:    49.85 kB
.svelte-kit/output/client/_app/immutable/chunks/Bj4gX1YR.js                                           35.80 kB │ gzip:   4.69 kB │ map:    48.51 kB
.svelte-kit/output/client/_app/immutable/chunks/CoS7zr04.js                                           35.87 kB │ gzip:   6.06 kB │ map:    46.42 kB
.svelte-kit/output/client/_app/immutable/chunks/C2Ynf9uw.js                                           36.12 kB │ gzip:   6.51 kB │ map:    45.37 kB
.svelte-kit/output/client/_app/immutable/chunks/CBGp2-Qe.js                                           36.96 kB │ gzip:  12.93 kB │ map:   243.16 kB
.svelte-kit/output/client/_app/immutable/chunks/Ro6mJs6C.js                                           37.19 kB │ gzip:  10.18 kB │ map:   155.93 kB
.svelte-kit/output/client/_app/immutable/chunks/M1PEpsVl.js                                           37.92 kB │ gzip:   4.67 kB │ map:    51.58 kB
.svelte-kit/output/client/_app/immutable/chunks/BQjo0VLC.js                                           39.09 kB │ gzip:  11.54 kB │ map:   295.90 kB
.svelte-kit/output/client/_app/immutable/chunks/SyenXo61.js                                           39.13 kB │ gzip:  15.12 kB │ map:   264.93 kB
.svelte-kit/output/client/_app/immutable/chunks/C7K1lvnf.js                                           39.51 kB │ gzip:  11.10 kB │ map:    47.37 kB
.svelte-kit/output/client/_app/immutable/chunks/CbOidRHx.js                                           39.54 kB │ gzip:  15.24 kB │ map:   356.88 kB
.svelte-kit/output/client/_app/immutable/chunks/BKA0hCy7.js                                           41.17 kB │ gzip:   8.49 kB │ map:    53.33 kB
.svelte-kit/output/client/_app/immutable/chunks/CUfo8nnd.js                                           41.34 kB │ gzip:  14.02 kB │ map:   191.47 kB
.svelte-kit/output/client/_app/immutable/chunks/BL3hLQZk.js                                           41.93 kB │ gzip:   6.37 kB │ map:    56.85 kB
.svelte-kit/output/client/_app/immutable/chunks/CLhYhMgb.js                                           41.94 kB │ gzip:   6.71 kB │ map:    57.89 kB
.svelte-kit/output/client/_app/immutable/chunks/DsqBhqfU.js                                           43.55 kB │ gzip:   4.91 kB │ map:    60.78 kB
.svelte-kit/output/client/_app/immutable/chunks/BDAbcXJo.js                                           44.25 kB │ gzip:   8.74 kB │ map:    62.73 kB
.svelte-kit/output/client/_app/immutable/chunks/_aIbizjC.js                                           45.02 kB │ gzip:  14.18 kB │ map:   191.54 kB
.svelte-kit/output/client/_app/immutable/chunks/BqhmvooW.js                                           45.35 kB │ gzip:  12.07 kB │ map:   174.24 kB
.svelte-kit/output/client/_app/immutable/chunks/L3w-eZ9P.js                                           46.94 kB │ gzip:   5.97 kB │ map:    66.21 kB
.svelte-kit/output/client/_app/immutable/chunks/CMWUFW9C.js                                           47.27 kB │ gzip:   5.46 kB │ map:    66.65 kB
.svelte-kit/output/client/_app/immutable/chunks/DAxMewr0.js                                           47.44 kB │ gzip:   7.03 kB │ map:    65.76 kB
.svelte-kit/output/client/_app/immutable/chunks/Pn0-h7YY.js                                           47.71 kB │ gzip:   8.29 kB │ map:    62.33 kB
.svelte-kit/output/client/_app/immutable/chunks/AulrjVpN.js                                           47.71 kB │ gzip:   8.29 kB │ map:    62.34 kB
.svelte-kit/output/client/_app/immutable/chunks/tchLN260.js                                           47.71 kB │ gzip:   8.31 kB │ map:    62.34 kB
.svelte-kit/output/client/_app/immutable/chunks/sOkkVOWJ.js                                           47.72 kB │ gzip:   8.30 kB │ map:    62.35 kB
.svelte-kit/output/client/_app/immutable/chunks/BZJ_DXOw.js                                           48.53 kB │ gzip:   6.32 kB │ map:    71.00 kB
.svelte-kit/output/client/_app/immutable/chunks/E_60_RVS.js                                           49.49 kB │ gzip:  12.16 kB │ map:    60.69 kB
.svelte-kit/output/client/_app/immutable/chunks/BMrWI2u8.js                                           50.38 kB │ gzip:   9.73 kB │ map:    68.12 kB
.svelte-kit/output/client/_app/immutable/chunks/BhfJtsJ1.js                                           54.20 kB │ gzip:   8.71 kB │ map:    68.58 kB
.svelte-kit/output/client/_app/immutable/chunks/Bub9-b6U.js                                           54.20 kB │ gzip:   8.71 kB │ map:    68.59 kB
.svelte-kit/output/client/_app/immutable/chunks/DuJhaUMc.js                                           56.34 kB │ gzip:   5.03 kB │ map:    77.98 kB
.svelte-kit/output/client/_app/immutable/chunks/CvTQKkwB.js                                           57.44 kB │ gzip:  12.64 kB │ map:    74.20 kB
.svelte-kit/output/client/_app/immutable/chunks/CprRayvc.js                                           57.68 kB │ gzip:  11.96 kB │ map:    73.03 kB
.svelte-kit/output/client/_app/immutable/chunks/kXQ42Grp.js                                           59.15 kB │ gzip:   8.43 kB │ map:    81.86 kB
.svelte-kit/output/client/_app/immutable/chunks/CssPvW7w.js                                           59.79 kB │ gzip:   5.92 kB │ map:    82.66 kB
.svelte-kit/output/client/_app/immutable/chunks/BBXcYfFz.js                                           62.90 kB │ gzip:   5.30 kB │ map:    81.43 kB
.svelte-kit/output/client/_app/immutable/chunks/ravTW_wV.js                                           66.18 kB │ gzip:  23.44 kB │ map:   201.47 kB
.svelte-kit/output/client/_app/immutable/nodes/5.Dkedf8-M.js                                          69.69 kB │ gzip:  23.21 kB │ map:   200.02 kB
.svelte-kit/output/client/_app/immutable/chunks/mrqKz9LC.js                                           70.25 kB │ gzip:   9.53 kB │ map:    95.26 kB
.svelte-kit/output/client/_app/immutable/chunks/-zq2PnhN.js                                           70.40 kB │ gzip:   9.41 kB │ map:    95.57 kB
.svelte-kit/output/client/_app/immutable/chunks/DrxX895O.js                                           72.57 kB │ gzip:  10.77 kB │ map:    95.71 kB
.svelte-kit/output/client/_app/immutable/chunks/DUSCIR5p.js                                           73.07 kB │ gzip:   6.99 kB │ map:   100.61 kB
.svelte-kit/output/client/_app/immutable/chunks/Bxf2KycW.js                                           75.10 kB │ gzip:  11.00 kB │ map:   101.04 kB
.svelte-kit/output/client/_app/immutable/nodes/2.CCyFnZ_P.js                                          80.13 kB │ gzip:  28.01 kB │ map:   188.13 kB
.svelte-kit/output/client/_app/immutable/chunks/CFjH-8Hc.js                                           80.63 kB │ gzip:  26.43 kB │ map:    97.33 kB
.svelte-kit/output/client/_app/immutable/chunks/D7xPIBZC.js                                           87.14 kB │ gzip:  15.00 kB │ map:   114.55 kB
.svelte-kit/output/client/_app/immutable/chunks/Bf_-HZWM.js                                           89.42 kB │ gzip:  11.55 kB │ map:   124.09 kB
.svelte-kit/output/client/_app/immutable/chunks/Dckh3KvA.js                                           90.14 kB │ gzip:  10.98 kB │ map:   125.71 kB
.svelte-kit/output/client/_app/immutable/chunks/BR1n0qDp.js                                           92.84 kB │ gzip:  15.31 kB │ map:   106.52 kB
.svelte-kit/output/client/_app/immutable/chunks/CUHYDw9t.js                                           98.09 kB │ gzip:  14.99 kB │ map:   131.89 kB
.svelte-kit/output/client/_app/immutable/chunks/noj3JikV.js                                          105.36 kB │ gzip:  28.42 kB │ map:   130.99 kB
.svelte-kit/output/client/_app/immutable/chunks/BvAQ5XrO.js                                          105.87 kB │ gzip:  23.60 kB │ map:   129.69 kB
.svelte-kit/output/client/_app/immutable/chunks/IRaU2DgN.js                                          110.14 kB │ gzip:  38.98 kB │ map:   698.58 kB
.svelte-kit/output/client/_app/immutable/chunks/rV27ddAK.js                                          111.71 kB │ gzip:  28.75 kB │ map:   139.76 kB
.svelte-kit/output/client/_app/immutable/chunks/CpqKj7-o.js                                          131.98 kB │ gzip:   9.62 kB │ map:   189.44 kB
.svelte-kit/output/client/_app/immutable/chunks/CA_ALIVI.js                                          136.57 kB │ gzip:  23.63 kB │ map:   177.05 kB
.svelte-kit/output/client/_app/immutable/chunks/DrvhXHBV.js                                          172.42 kB │ gzip:  30.89 kB │ map:   218.86 kB
.svelte-kit/output/client/_app/immutable/chunks/BPgFfcPU.js                                          175.28 kB │ gzip:  16.80 kB │ map:   236.39 kB
.svelte-kit/output/client/_app/immutable/chunks/BDIEbjO7.js                                          175.99 kB │ gzip:  16.79 kB │ map:   237.06 kB
.svelte-kit/output/client/_app/immutable/chunks/CtCsey0y.js                                          178.24 kB │ gzip:  16.89 kB │ map:   239.32 kB
.svelte-kit/output/client/_app/immutable/chunks/Fl7VSc0f.js                                          181.53 kB │ gzip:  16.32 kB │ map:   244.73 kB
.svelte-kit/output/client/_app/immutable/chunks/kA9lSF1A.js                                          184.17 kB │ gzip:  16.86 kB │ map:   249.47 kB
.svelte-kit/output/client/_app/immutable/chunks/BiU1FLsF.js                                          190.46 kB │ gzip:  18.24 kB │ map:   255.18 kB
.svelte-kit/output/client/_app/immutable/chunks/N37l3cgD.js                                          195.14 kB │ gzip:  64.31 kB │ map:   471.35 kB
.svelte-kit/output/client/_app/immutable/chunks/D1n3Hfz1.js                                          201.11 kB │ gzip:  64.23 kB │ map:   699.25 kB
.svelte-kit/output/client/_app/immutable/nodes/9.CqT-BbUp.js                                         209.46 kB │ gzip:  66.61 kB │ map:   597.94 kB
.svelte-kit/output/client/_app/immutable/nodes/0.B1YEmqsb.js                                         221.31 kB │ gzip:  68.13 kB │ map:   614.82 kB
.svelte-kit/output/client/_app/immutable/chunks/DDFfTqb5.js                                          246.93 kB │ gzip:  64.69 kB │ map: 1,093.73 kB
.svelte-kit/output/client/_app/immutable/chunks/46M8rkPI.js                                          262.84 kB │ gzip:  77.44 kB │ map:   279.70 kB
.svelte-kit/output/client/_app/immutable/chunks/CfA-QSdA.js                                          622.79 kB │ gzip: 230.65 kB │ map:   622.95 kB
.svelte-kit/output/client/_app/immutable/chunks/DRGSJheP.js                                          626.49 kB │ gzip:  45.07 kB │ map:   816.19 kB
.svelte-kit/output/client/_app/immutable/chunks/C25697yW.js                                          780.33 kB │ gzip: 196.30 kB │ map:   790.18 kB
.svelte-kit/output/client/_app/immutable/chunks/CTuh77TY.js                                        1,582.46 kB │ gzip: 401.63 kB │ map: 2,757.06 kB

(!) Some chunks are larger than 500 kB after minification. Consider:
- Using dynamic import() to code-split the application
- Use build.rollupOptions.output.manualChunks to improve chunking: https://rollupjs.org/configuration-options/#output-manualchunks
- Adjust chunk size limit for this warning via build.chunkSizeWarningLimit.
✓ built in 7.12s
.svelte-kit/output/server/_app/immutable/assets/But-Head-Regular.bFy4jtSr.woff2                     19.55 kB
.svelte-kit/output/server/_app/immutable/assets/But-Head-Italic.s4OqgFoK.woff2                      22.18 kB
.svelte-kit/output/server/.vite/manifest.json                                                       35.28 kB
.svelte-kit/output/server/_app/immutable/assets/GeistMono-Regular.Cgn4a1uh.woff2                    42.42 kB
.svelte-kit/output/server/_app/immutable/assets/GeistMono-Medium.CBwEPH-2.woff2                     43.44 kB
.svelte-kit/output/server/_app/immutable/assets/GeistMono-Bold.BrvcC4FP.woff2                       43.87 kB
.svelte-kit/output/server/_app/immutable/assets/Inter-Regular.B0QUfDW0.woff2                       108.49 kB
.svelte-kit/output/server/_app/immutable/assets/Inter-Bold.CytjP_7U.woff2                          111.04 kB
.svelte-kit/output/server/_app/immutable/assets/Inter-Medium.B0NFony0.woff2                        111.38 kB
.svelte-kit/output/server/_app/immutable/assets/Inter-SemiBold._JLwM7Yv.woff2                      111.59 kB
.svelte-kit/output/server/_app/immutable/assets/Inter-Italic.B_ozvy2G.woff2                        114.58 kB
.svelte-kit/output/server/_app/immutable/assets/Inter-SemiBoldItalic.C4gNvuGw.woff2                118.22 kB
.svelte-kit/output/server/_app/immutable/assets/Inter-MediumItalic.DOveuiCA.woff2                  118.39 kB
.svelte-kit/output/server/_app/immutable/assets/Inter-BoldItalic.B0T-BnK6.woff2                    118.39 kB
.svelte-kit/output/server/_app/immutable/assets/FullviewLoading.DSNoXtfv.css                         0.10 kB
.svelte-kit/output/server/_app/immutable/assets/RemoveProjectButton.DzzV68yj.css                     0.13 kB
.svelte-kit/output/server/_app/immutable/assets/_error.QhX0r2RZ.css                                  0.13 kB
.svelte-kit/output/server/_app/immutable/assets/ReduxResult.BB8cfwQk.css                             0.21 kB
.svelte-kit/output/server/_app/immutable/assets/SettingsSection.Bci2OKP_.css                         0.28 kB
.svelte-kit/output/server/_app/immutable/assets/_page.S8TyhDwp.css                                   0.29 kB
.svelte-kit/output/server/_app/immutable/assets/load-error.ozPxGbqc.css                              0.47 kB
.svelte-kit/output/server/_app/immutable/assets/actionEndpoints.BFQYMuJ_.css                         0.51 kB
.svelte-kit/output/server/_app/immutable/assets/upstreamIntegrationServiceDeprecated.BdES_OGh.css    0.54 kB
.svelte-kit/output/server/_app/immutable/assets/AnalyticsSettings.Bc93izB9.css                       0.59 kB
.svelte-kit/output/server/_app/immutable/assets/FilePreviewPlaceholder.DvkFlKcA.css                  0.63 kB
.svelte-kit/output/server/_app/immutable/assets/ResizeHandles.DycDlDOe.css                           0.75 kB
.svelte-kit/output/server/_app/immutable/assets/IllustrationSplitLayout.CnSGlIjt.css                 0.97 kB
.svelte-kit/output/server/_app/immutable/assets/StashIntoBranchModal.D8EPVT86.css                    1.17 kB
.svelte-kit/output/server/_app/immutable/assets/IrcChat.HwrWylrY.css                                 1.53 kB
.svelte-kit/output/server/_app/immutable/assets/CreateBranchModal.CtnpmEj5.css                       2.46 kB
.svelte-kit/output/server/_app/immutable/assets/_page.CwrHZ2vs.css                                   2.50 kB
.svelte-kit/output/server/_app/immutable/assets/_page.irGcj7L-.css                                   5.37 kB
.svelte-kit/output/server/_app/immutable/assets/IrcChannel.C2Dqlo58.css                              7.53 kB
.svelte-kit/output/server/_app/immutable/assets/SashLayer.DdhzVPmo.css                               7.65 kB
.svelte-kit/output/server/_app/immutable/assets/_page.D_sJE3P9.css                                   7.74 kB
.svelte-kit/output/server/_app/immutable/assets/_layout.DGnebLpR.css                                 9.30 kB
.svelte-kit/output/server/_app/immutable/assets/PrStatusBadge.BYC6Dxom.css                          24.81 kB
.svelte-kit/output/server/_app/immutable/assets/_page.DRfpbKCB.css                                  32.92 kB
.svelte-kit/output/server/_app/immutable/assets/_layout.eRCNeXGP.css                                37.98 kB
.svelte-kit/output/server/_app/immutable/assets/persisted.ByfvPzwX.css                              86.66 kB
.svelte-kit/output/server/chunks/false.js                                                            0.48 kB │ map:   0.55 kB
.svelte-kit/output/server/chunks/cookies.js                                                          0.57 kB │ map:   0.84 kB
.svelte-kit/output/server/entries/pages/_projectId_/_layout.ts.js                                    0.62 kB │ map:   1.09 kB
.svelte-kit/output/server/chunks/FullviewLoading.js                                                  0.63 kB │ map:   0.45 kB
.svelte-kit/output/server/chunks/analytics.js                                                        0.66 kB │ map:   1.03 kB
.svelte-kit/output/server/chunks/time.js                                                             0.67 kB │ map:   0.73 kB
.svelte-kit/output/server/chunks/eventContext.js                                                     0.68 kB │ map:   1.20 kB
.svelte-kit/output/server/entries/pages/_projectId_/_page.svelte.js                                  0.72 kB │ map:   0.45 kB
.svelte-kit/output/server/entries/pages/_projectId_/irc/_page.svelte.js                              0.72 kB │ map:   0.39 kB
.svelte-kit/output/server/chunks/environment.js                                                      0.72 kB │ map:   1.76 kB
.svelte-kit/output/server/chunks/typeguards.js                                                       0.74 kB │ map:   2.12 kB
.svelte-kit/output/server/chunks/AsyncButton.js                                                      0.75 kB │ map:   1.05 kB
.svelte-kit/output/server/chunks/string.js                                                           0.78 kB │ map:   2.12 kB
.svelte-kit/output/server/internal.js                                                                0.79 kB │ map:   0.09 kB
.svelte-kit/output/server/chunks/SeriesIcon.js                                                       0.79 kB │ map:   1.07 kB
.svelte-kit/output/server/chunks/Spacer.js                                                           0.80 kB │ map:   1.05 kB
.svelte-kit/output/server/chunks/Toggle.js                                                           0.84 kB │ map:   2.82 kB
.svelte-kit/output/server/chunks/Link.js                                                             0.84 kB │ map:   1.20 kB
.svelte-kit/output/server/chunks/settingsModal.svelte.js                                             0.87 kB │ map:   1.70 kB
.svelte-kit/output/server/chunks/context2.js                                                         0.96 kB │ map:   2.51 kB
.svelte-kit/output/server/chunks/client.js                                                           0.96 kB │ map: 116.23 kB
.svelte-kit/output/server/chunks/utils.js                                                            1.07 kB │ map:   2.83 kB
.svelte-kit/output/server/entries/pages/_layout.ts.js                                                1.08 kB │ map:   2.54 kB
.svelte-kit/output/server/chunks/gitService.js                                                       1.12 kB │ map:   2.22 kB
.svelte-kit/output/server/chunks/sentry.js                                                           1.14 kB │ map:   3.01 kB
.svelte-kit/output/server/entries/pages/_page.svelte.js                                              1.21 kB │ map:   1.88 kB
.svelte-kit/output/server/chunks/remotesService.js                                                   1.22 kB │ map:   2.89 kB
.svelte-kit/output/server/chunks/url.js                                                              1.28 kB │ map:   3.43 kB
.svelte-kit/output/server/chunks/index.js                                                            1.44 kB │ map:   8.05 kB
.svelte-kit/output/server/chunks/diffService.svelte.js                                               1.55 kB │ map:   4.54 kB
.svelte-kit/output/server/entries/pages/_error.svelte.js                                             1.56 kB │ map:   2.50 kB
.svelte-kit/output/server/chunks/modeService.js                                                      1.62 kB │ map:   2.85 kB
.svelte-kit/output/server/entries/pages/_projectId_/edit/_page.svelte.js                             1.67 kB │ map:   1.23 kB
.svelte-kit/output/server/chunks/error.js                                                            1.73 kB │ map:   6.77 kB
.svelte-kit/output/server/chunks/gitUrl.js                                                           1.86 kB │ map:   5.38 kB
.svelte-kit/output/server/chunks/normalizedError.js                                                  1.86 kB │ map:   9.37 kB
.svelte-kit/output/server/chunks/appSettings.js                                                      1.88 kB │ map:   4.87 kB
.svelte-kit/output/server/chunks/utils2.js                                                           2.09 kB │ map:   6.65 kB
.svelte-kit/output/server/chunks/history.js                                                          2.72 kB │ map:   8.05 kB
.svelte-kit/output/server/chunks/IrcChat.js                                                          2.78 kB │ map:   7.98 kB
.svelte-kit/output/server/chunks/internal.js                                                         2.90 kB │ map:   6.51 kB
.svelte-kit/output/server/chunks/IllustrationSplitLayout.js                                          2.92 kB │ map:   8.31 kB
.svelte-kit/output/server/chunks/exports.js                                                          3.01 kB │ map:  12.50 kB
.svelte-kit/output/server/chunks/ResizeHandles.js                                                    3.06 kB │ map:  10.08 kB
.svelte-kit/output/server/chunks/InfoMessage.js                                                      3.20 kB │ map:   8.79 kB
.svelte-kit/output/server/chunks/userService.svelte.js                                               3.23 kB │ map:   8.54 kB
.svelte-kit/output/server/chunks/Modal.js                                                            3.34 kB │ map:  10.82 kB
.svelte-kit/output/server/chunks/helpers.js                                                          3.71 kB │ map:  13.18 kB
.svelte-kit/output/server/chunks/posthog.js                                                          4.04 kB │ map:   9.18 kB
.svelte-kit/output/server/chunks/uiState.svelte.js                                                   4.05 kB │ map:  22.82 kB
.svelte-kit/output/server/chunks/ReduxResult.js                                                      5.08 kB │ map:  24.04 kB
.svelte-kit/output/server/chunks/Markdown.js                                                         5.15 kB │ map:  13.13 kB
.svelte-kit/output/server/chunks/actionEndpoints.js                                                  5.21 kB │ map:  19.06 kB
.svelte-kit/output/server/chunks/SelectItem.js                                                       6.20 kB │ map:  23.25 kB
.svelte-kit/output/server/chunks/projectsService.js                                                  6.40 kB │ map:  27.19 kB
.svelte-kit/output/server/chunks/index2.js                                                           7.22 kB │ map:  31.53 kB
.svelte-kit/output/server/chunks/rulesService.svelte.js                                              7.70 kB │ map:  33.66 kB
.svelte-kit/output/server/chunks/Textbox.js                                                          7.86 kB │ map:  35.52 kB
.svelte-kit/output/server/remote-entry.js                                                            9.02 kB │ map:  50.68 kB
.svelte-kit/output/server/chunks/FilePreviewPlaceholder.js                                           9.67 kB │ map:  33.75 kB
.svelte-kit/output/server/chunks/stackEndpoints.js                                                  14.35 kB │ map:  59.60 kB
.svelte-kit/output/server/chunks/listingService.svelte.js                                           15.33 kB │ map:  57.74 kB
.svelte-kit/output/server/entries/pages/_projectId_/history/_page.svelte.js                         16.31 kB │ map:  46.31 kB
.svelte-kit/output/server/chunks/CreateBranchModal.js                                               16.56 kB │ map:  34.99 kB
.svelte-kit/output/server/entries/pages/onboarding/clone/_page.svelte.js                            18.11 kB │ map:  25.46 kB
.svelte-kit/output/server/chunks/context.js                                                         18.13 kB │ map: 210.06 kB
.svelte-kit/output/server/chunks/shared.js                                                          18.62 kB │ map:  95.67 kB
.svelte-kit/output/server/chunks/new-zen.js                                                         18.82 kB │ map:  20.87 kB
.svelte-kit/output/server/chunks/IrcChannel.js                                                      19.79 kB │ map:  85.42 kB
.svelte-kit/output/server/chunks/load-error.js                                                      20.57 kB │ map:  29.59 kB
.svelte-kit/output/server/entries/pages/onboarding/_page.svelte.js                                  21.30 kB │ map:  34.97 kB
.svelte-kit/output/server/chunks/root.js                                                            28.42 kB │ map: 217.36 kB
.svelte-kit/output/server/chunks/upstreamIntegrationServiceDeprecated.svelte.js                     29.10 kB │ map: 124.11 kB
.svelte-kit/output/server/chunks/imeHandling.js                                                     36.60 kB │ map: 132.94 kB
.svelte-kit/output/server/entries/pages/_layout.svelte.js                                           44.16 kB │ map: 200.86 kB
.svelte-kit/output/server/entries/pages/_projectId_/branches/_page.svelte.js                        55.38 kB │ map: 158.17 kB
.svelte-kit/output/server/index.js                                                                  59.14 kB │ map: 299.42 kB
.svelte-kit/output/server/chunks/uncommittedService.svelte.js                                       60.66 kB │ map: 266.72 kB
.svelte-kit/output/server/entries/pages/_projectId_/_layout.svelte.js                               61.58 kB │ map: 167.44 kB
.svelte-kit/output/server/chunks/SashLayer.js                                                       77.04 kB │ map: 264.50 kB
.svelte-kit/output/server/entries/pages/_projectId_/workspace/_page.svelte.js                      156.95 kB │ map: 538.23 kB
.svelte-kit/output/server/chunks/PrStatusBadge.js                                                  257.52 kB │ map: 919.40 kB
.svelte-kit/output/server/chunks/persisted.js                                                      410.68 kB │ map: 768.03 kB
.svelte-kit/output/server/chunks/VirtualList.js                                                    595.29 kB │ map:  57.91 kB
✓ built in 11.97s

Run npm run preview to preview your production build locally.

> Using @sveltejs/adapter-static
  Wrote site to "build"
  ✔ done
[sentry-vite-plugin] Warning: No auth token provided. Will not create release. Please set the `authToken` option. You can find information on how to generate a Sentry auth token here: https://docs.sentry.io/api/auth/
[sentry-vite-plugin] Warning: No auth token provided. Will not upload source maps. Please set the `authToken` option. You can find information on how to generate a Sentry auth token here: https://docs.sentry.io/api/auth/
